0 verbose cli C:\Program Files\nodejs\node.exe C:\Program Files\nodejs\node_modules\npm\bin\npm-cli.js
1 info using npm@10.7.0
2 info using node@v20.15.0
3 silly config:load:file:C:\Program Files\nodejs\node_modules\npm\npmrc
4 silly config:load:file:C:\Users\Zahra\graphql3\.npmrc
5 silly config:load:file:C:\Users\Zahra\.npmrc
6 silly config:load:file:C:\Users\Zahra\AppData\Roaming\npm\etc\npmrc
7 verbose title npm install gh-pages
8 verbose argv "install" "gh-pages" "--save-dev"
9 verbose logfile logs-max:10 dir:C:\Users\Zahra\graphql3\UsersZahraAppDataLocalnpm-cache\_logs\2025-03-12T09_18_32_396Z-
10 verbose logfile C:\Users\Zahra\graphql3\UsersZahraAppDataLocalnpm-cache\_logs\2025-03-12T09_18_32_396Z-debug-0.log
11 silly logfile start cleaning logs, removing 1 files
12 silly logfile done cleaning log files
13 silly idealTree buildDeps
14 silly fetch manifest gh-pages@*
15 http fetch GET 200 https://registry.npmjs.org/gh-pages 637ms (cache miss)
16 silly placeDep ROOT gh-pages@6.3.0 OK for: graphql3@0.1.0 want: *
17 silly fetch manifest async@^3.2.4
18 silly fetch manifest commander@^13.0.0
19 silly fetch manifest email-addresses@^5.0.0
20 silly fetch manifest filenamify@^4.3.0
21 silly fetch manifest find-cache-dir@^3.3.1
22 silly fetch manifest fs-extra@^11.1.1
23 silly fetch manifest globby@^11.1.0
24 http fetch GET 200 https://registry.npmjs.org/async 169ms (cache miss)
25 http fetch GET 200 https://registry.npmjs.org/commander 211ms (cache miss)
26 http fetch GET 200 https://registry.npmjs.org/globby 323ms (cache miss)
27 http fetch GET 200 https://registry.npmjs.org/fs-extra 358ms (cache miss)
28 http fetch GET 200 https://registry.npmjs.org/filenamify 427ms (cache miss)
29 http fetch GET 200 https://registry.npmjs.org/email-addresses 664ms (cache miss)
30 http fetch GET 200 https://registry.npmjs.org/find-cache-dir 874ms (cache miss)
31 silly placeDep ROOT async@3.2.6 OK for: gh-pages@6.3.0 want: ^3.2.4
32 silly placeDep node_modules/gh-pages commander@13.1.0 OK for: gh-pages@6.3.0 want: ^13.0.0
33 silly placeDep ROOT email-addresses@5.0.0 OK for: gh-pages@6.3.0 want: ^5.0.0
34 silly placeDep ROOT filenamify@4.3.0 OK for: gh-pages@6.3.0 want: ^4.3.0
35 silly placeDep ROOT find-cache-dir@3.3.2 OK for: gh-pages@6.3.0 want: ^3.3.1
36 silly placeDep ROOT fs-extra@11.3.0 OK for: gh-pages@6.3.0 want: ^11.1.1
37 silly placeDep ROOT globby@11.1.0 OK for: gh-pages@6.3.0 want: ^11.1.0
38 silly fetch manifest filename-reserved-regex@^2.0.0
39 silly fetch manifest strip-outer@^1.0.1
40 silly fetch manifest trim-repeated@^1.0.0
41 silly fetch manifest commondir@^1.0.1
42 silly fetch manifest make-dir@^3.0.2
43 silly fetch manifest pkg-dir@^4.1.0
44 silly fetch manifest jsonfile@^6.0.1
45 http fetch GET 200 https://registry.npmjs.org/strip-outer 249ms (cache miss)
46 silly fetch manifest universalify@^2.0.0
47 http fetch GET 200 https://registry.npmjs.org/commondir 271ms (cache miss)
48 silly fetch manifest slash@^3.0.0
49 http fetch GET 200 https://registry.npmjs.org/trim-repeated 288ms (cache miss)
50 silly fetch manifest dir-glob@^3.0.1
51 http fetch GET 200 https://registry.npmjs.org/pkg-dir 316ms (cache miss)
52 silly fetch manifest array-union@^2.1.0
53 http fetch GET 200 https://registry.npmjs.org/filename-reserved-regex 354ms (cache miss)
54 http fetch GET 200 https://registry.npmjs.org/jsonfile 353ms (cache miss)
55 http fetch GET 200 https://registry.npmjs.org/make-dir 375ms (cache miss)
56 http fetch GET 200 https://registry.npmjs.org/universalify 227ms (cache miss)
57 http fetch GET 200 https://registry.npmjs.org/slash 244ms (cache miss)
58 http fetch GET 200 https://registry.npmjs.org/array-union 308ms (cache miss)
59 http fetch GET 200 https://registry.npmjs.org/dir-glob 411ms (cache miss)
60 silly placeDep ROOT filename-reserved-regex@2.0.0 OK for: filenamify@4.3.0 want: ^2.0.0
61 silly placeDep ROOT strip-outer@1.0.1 OK for: filenamify@4.3.0 want: ^1.0.1
62 silly placeDep ROOT trim-repeated@1.0.0 OK for: filenamify@4.3.0 want: ^1.0.0
63 silly fetch manifest escape-string-regexp@^1.0.2
64 http fetch GET 200 https://registry.npmjs.org/escape-string-regexp 110ms (cache miss)
65 silly placeDep ROOT commondir@1.0.1 OK for: find-cache-dir@3.3.2 want: ^1.0.1
66 silly placeDep ROOT make-dir@3.1.0 OK for: find-cache-dir@3.3.2 want: ^3.0.2
67 silly placeDep ROOT pkg-dir@4.2.0 OK for: find-cache-dir@3.3.2 want: ^4.1.0
68 silly fetch manifest semver@^6.0.0
69 silly fetch manifest find-up@^4.0.0
70 http fetch GET 200 https://registry.npmjs.org/find-up 184ms (cache miss)
71 http fetch GET 200 https://registry.npmjs.org/semver 208ms (cache miss)
72 silly placeDep ROOT jsonfile@6.1.0 OK for: fs-extra@11.3.0 want: ^6.0.1
73 silly placeDep ROOT universalify@2.0.1 OK for: fs-extra@11.3.0 want: ^2.0.0
74 silly placeDep ROOT array-union@2.1.0 OK for: globby@11.1.0 want: ^2.1.0
75 silly placeDep ROOT dir-glob@3.0.1 OK for: globby@11.1.0 want: ^3.0.1
76 silly placeDep ROOT slash@3.0.0 OK for: globby@11.1.0 want: ^3.0.0
77 silly fetch manifest path-type@^4.0.0
78 http fetch GET 200 https://registry.npmjs.org/path-type 278ms (cache miss)
79 silly placeDep ROOT path-type@4.0.0 OK for: dir-glob@3.0.1 want: ^4.0.0
80 silly placeDep node_modules/make-dir semver@6.3.1 OK for: make-dir@3.1.0 want: ^6.0.0
81 silly placeDep node_modules/pkg-dir find-up@4.1.0 OK for: pkg-dir@4.2.0 want: ^4.0.0
82 silly fetch manifest locate-path@^5.0.0
83 http fetch GET 200 https://registry.npmjs.org/locate-path 254ms (cache miss)
84 silly placeDep node_modules/strip-outer escape-string-regexp@1.0.5 OK for: strip-outer@1.0.1 want: ^1.0.2
85 silly placeDep node_modules/trim-repeated escape-string-regexp@1.0.5 OK for: trim-repeated@1.0.0 want: ^1.0.2
86 silly placeDep node_modules/pkg-dir locate-path@5.0.0 OK for: find-up@4.1.0 want: ^5.0.0
87 silly fetch manifest p-locate@^4.1.0
88 http fetch GET 200 https://registry.npmjs.org/p-locate 82ms (cache miss)
89 silly placeDep node_modules/pkg-dir p-locate@4.1.0 OK for: locate-path@5.0.0 want: ^4.1.0
90 silly fetch manifest p-limit@^2.2.0
91 http fetch GET 200 https://registry.npmjs.org/p-limit 78ms (cache miss)
92 silly placeDep node_modules/pkg-dir p-limit@2.3.0 OK for: p-locate@4.1.0 want: ^2.2.0
93 silly fetch manifest p-try@^2.0.0
94 http fetch GET 200 https://registry.npmjs.org/p-try 215ms (cache miss)
95 silly placeDep ROOT p-try@2.2.0 OK for: p-limit@2.3.0 want: ^2.0.0
96 silly reify moves {}
97 silly audit bulk request {
97 silly audit   '@alloc/quick-lru': [ '5.2.0' ],
97 silly audit   '@apollo/client': [ '3.13.1' ],
97 silly audit   '@babel/runtime': [ '7.26.9' ],
97 silly audit   '@emnapi/runtime': [ '1.3.1' ],
97 silly audit   '@eslint-community/eslint-utils': [ '4.4.1' ],
97 silly audit   'eslint-visitor-keys': [ '3.4.3', '4.2.0' ],
97 silly audit   '@eslint-community/regexpp': [ '4.12.1' ],
97 silly audit   '@eslint/config-array': [ '0.19.2' ],
97 silly audit   '@eslint/core': [ '0.12.0' ],
97 silly audit   '@eslint/eslintrc': [ '3.3.0' ],
97 silly audit   '@eslint/js': [ '9.21.0' ],
97 silly audit   '@eslint/object-schema': [ '2.1.6' ],
97 silly audit   '@eslint/plugin-kit': [ '0.2.7' ],
97 silly audit   '@graphql-typed-document-node/core': [ '3.2.0' ],
97 silly audit   '@humanfs/core': [ '0.19.1' ],
97 silly audit   '@humanfs/node': [ '0.16.6' ],
97 silly audit   '@humanwhocodes/retry': [ '0.3.1', '0.4.2' ],
97 silly audit   '@humanwhocodes/module-importer': [ '1.0.1' ],
97 silly audit   '@img/sharp-darwin-arm64': [ '0.33.5' ],
97 silly audit   '@img/sharp-darwin-x64': [ '0.33.5' ],
97 silly audit   '@img/sharp-libvips-darwin-arm64': [ '1.0.4' ],
97 silly audit   '@img/sharp-libvips-darwin-x64': [ '1.0.4' ],
97 silly audit   '@img/sharp-libvips-linux-arm': [ '1.0.5' ],
97 silly audit   '@img/sharp-libvips-linux-arm64': [ '1.0.4' ],
97 silly audit   '@img/sharp-libvips-linux-s390x': [ '1.0.4' ],
97 silly audit   '@img/sharp-libvips-linux-x64': [ '1.0.4' ],
97 silly audit   '@img/sharp-libvips-linuxmusl-arm64': [ '1.0.4' ],
97 silly audit   '@img/sharp-libvips-linuxmusl-x64': [ '1.0.4' ],
97 silly audit   '@img/sharp-linux-arm': [ '0.33.5' ],
97 silly audit   '@img/sharp-linux-arm64': [ '0.33.5' ],
97 silly audit   '@img/sharp-linux-s390x': [ '0.33.5' ],
97 silly audit   '@img/sharp-linux-x64': [ '0.33.5' ],
97 silly audit   '@img/sharp-linuxmusl-arm64': [ '0.33.5' ],
97 silly audit   '@img/sharp-linuxmusl-x64': [ '0.33.5' ],
97 silly audit   '@img/sharp-wasm32': [ '0.33.5' ],
97 silly audit   '@img/sharp-win32-ia32': [ '0.33.5' ],
97 silly audit   '@img/sharp-win32-x64': [ '0.33.5' ],
97 silly audit   '@isaacs/cliui': [ '8.0.2' ],
97 silly audit   '@jridgewell/gen-mapping': [ '0.3.8' ],
97 silly audit   '@jridgewell/resolve-uri': [ '3.1.2' ],
97 silly audit   '@jridgewell/set-array': [ '1.2.1' ],
97 silly audit   '@jridgewell/sourcemap-codec': [ '1.5.0' ],
97 silly audit   '@jridgewell/trace-mapping': [ '0.3.25' ],
97 silly audit   '@next/env': [ '15.1.7' ],
97 silly audit   '@next/eslint-plugin-next': [ '15.1.7' ],
97 silly audit   '@next/swc-darwin-arm64': [ '15.1.7' ],
97 silly audit   '@next/swc-darwin-x64': [ '15.1.7' ],
97 silly audit   '@next/swc-linux-arm64-gnu': [ '15.1.7' ],
97 silly audit   '@next/swc-linux-arm64-musl': [ '15.1.7' ],
97 silly audit   '@next/swc-linux-x64-gnu': [ '15.1.7' ],
97 silly audit   '@next/swc-linux-x64-musl': [ '15.1.7' ],
97 silly audit   '@next/swc-win32-arm64-msvc': [ '15.1.7' ],
97 silly audit   '@next/swc-win32-x64-msvc': [ '15.1.7' ],
97 silly audit   '@nodelib/fs.scandir': [ '2.1.5' ],
97 silly audit   '@nodelib/fs.stat': [ '2.0.5' ],
97 silly audit   '@nodelib/fs.walk': [ '1.2.8' ],
97 silly audit   '@nolyfill/is-core-module': [ '1.0.39' ],
97 silly audit   '@pkgjs/parseargs': [ '0.11.0' ],
97 silly audit   '@rtsao/scc': [ '1.1.0' ],
97 silly audit   '@rushstack/eslint-patch': [ '1.10.5' ],
97 silly audit   '@swc/counter': [ '0.1.3' ],
97 silly audit   '@swc/helpers': [ '0.5.15' ],
97 silly audit   '@tsparticles/basic': [ '3.8.1' ],
97 silly audit   '@tsparticles/engine': [ '3.8.1' ],
97 silly audit   '@tsparticles/interaction-external-attract': [ '3.8.1' ],
97 silly audit   '@tsparticles/interaction-external-bounce': [ '3.8.1' ],
97 silly audit   '@tsparticles/interaction-external-bubble': [ '3.8.1' ],
97 silly audit   '@tsparticles/interaction-external-connect': [ '3.8.1' ],
97 silly audit   '@tsparticles/interaction-external-grab': [ '3.8.1' ],
97 silly audit   '@tsparticles/interaction-external-pause': [ '3.8.1' ],
97 silly audit   '@tsparticles/interaction-external-push': [ '3.8.1' ],
97 silly audit   '@tsparticles/interaction-external-remove': [ '3.8.1' ],
97 silly audit   '@tsparticles/interaction-external-repulse': [ '3.8.1' ],
97 silly audit   '@tsparticles/interaction-external-slow': [ '3.8.1' ],
97 silly audit   '@tsparticles/interaction-external-trail': [ '3.8.1' ],
97 silly audit   '@tsparticles/interaction-particles-attract': [ '3.8.1' ],
97 silly audit   '@tsparticles/interaction-particles-collisions': [ '3.8.1' ],
97 silly audit   '@tsparticles/interaction-particles-links': [ '3.8.1' ],
97 silly audit   '@tsparticles/move-base': [ '3.8.1' ],
97 silly audit   '@tsparticles/move-parallax': [ '3.8.1' ],
97 silly audit   '@tsparticles/plugin-absorbers': [ '3.8.1' ],
97 silly audit   '@tsparticles/plugin-easing-quad': [ '3.8.1' ],
97 silly audit   '@tsparticles/plugin-emitters': [ '3.8.1' ],
97 silly audit   '@tsparticles/plugin-emitters-shape-circle': [ '3.8.1' ],
97 silly audit   '@tsparticles/plugin-emitters-shape-square': [ '3.8.1' ],
97 silly audit   '@tsparticles/plugin-hex-color': [ '3.8.1' ],
97 silly audit   '@tsparticles/plugin-hsl-color': [ '3.8.1' ],
97 silly audit   '@tsparticles/plugin-rgb-color': [ '3.8.1' ],
97 silly audit   '@tsparticles/shape-circle': [ '3.8.1' ],
97 silly audit   '@tsparticles/shape-emoji': [ '3.8.1' ],
97 silly audit   '@tsparticles/shape-image': [ '3.8.1' ],
97 silly audit   '@tsparticles/shape-line': [ '3.8.1' ],
97 silly audit   '@tsparticles/shape-polygon': [ '3.8.1' ],
97 silly audit   '@tsparticles/shape-square': [ '3.8.1' ],
97 silly audit   '@tsparticles/shape-star': [ '3.8.1' ],
97 silly audit   '@tsparticles/shape-text': [ '3.8.1' ],
97 silly audit   '@tsparticles/slim': [ '3.8.1' ],
97 silly audit   '@tsparticles/updater-color': [ '3.8.1' ],
97 silly audit   '@tsparticles/updater-destroy': [ '3.8.1' ],
97 silly audit   '@tsparticles/updater-life': [ '3.8.1' ],
97 silly audit   '@tsparticles/updater-opacity': [ '3.8.1' ],
97 silly audit   '@tsparticles/updater-out-modes': [ '3.8.1' ],
97 silly audit   '@tsparticles/updater-roll': [ '3.8.1' ],
97 silly audit   '@tsparticles/updater-rotate': [ '3.8.1' ],
97 silly audit   '@tsparticles/updater-size': [ '3.8.1' ],
97 silly audit   '@tsparticles/updater-stroke-color': [ '3.8.1' ],
97 silly audit   '@tsparticles/updater-tilt': [ '3.8.1' ],
97 silly audit   '@tsparticles/updater-twinkle': [ '3.8.1' ],
97 silly audit   '@tsparticles/updater-wobble': [ '3.8.1' ],
97 silly audit   '@types/d3-array': [ '3.2.1' ],
97 silly audit   '@types/d3-color': [ '3.1.3' ],
97 silly audit   '@types/d3-ease': [ '3.0.2' ],
97 silly audit   '@types/d3-interpolate': [ '3.0.4' ],
97 silly audit   '@types/d3-path': [ '3.1.1' ],
97 silly audit   '@types/d3-scale': [ '4.0.9' ],
97 silly audit   '@types/d3-shape': [ '3.1.7' ],
97 silly audit   '@types/d3-time': [ '3.0.4' ],
97 silly audit   '@types/d3-timer': [ '3.0.2' ],
97 silly audit   '@types/estree': [ '1.0.6' ],
97 silly audit   '@types/json-schema': [ '7.0.15' ],
97 silly audit   '@types/json5': [ '0.0.29' ],
97 silly audit   '@types/node': [ '20.17.19' ],
97 silly audit   '@types/react': [ '19.0.10' ],
97 silly audit   '@types/react-dom': [ '19.0.4' ],
97 silly audit   '@typescript-eslint/eslint-plugin': [ '8.24.1' ],
97 silly audit   '@typescript-eslint/parser': [ '8.24.1' ],
97 silly audit   '@typescript-eslint/scope-manager': [ '8.24.1' ],
97 silly audit   '@typescript-eslint/type-utils': [ '8.24.1' ],
97 silly audit   '@typescript-eslint/types': [ '8.24.1' ],
97 silly audit   '@typescript-eslint/typescript-estree': [ '8.24.1' ],
97 silly audit   'brace-expansion': [ '2.0.1', '1.1.11' ],
97 silly audit   'fast-glob': [ '3.3.3', '3.3.1' ],
97 silly audit   'glob-parent': [ '5.1.2', '6.0.2' ],
97 silly audit   minimatch: [ '9.0.5', '3.1.2' ],
97 silly audit   '@typescript-eslint/utils': [ '8.24.1' ],
97 silly audit   '@typescript-eslint/visitor-keys': [ '8.24.1' ],
97 silly audit   '@wry/caches': [ '1.0.1' ],
97 silly audit   '@wry/context': [ '0.7.4' ],
97 silly audit   '@wry/equality': [ '0.5.7' ],
97 silly audit   '@wry/trie': [ '0.5.0' ],
97 silly audit   acorn: [ '8.14.0' ],
97 silly audit   'acorn-jsx': [ '5.3.2' ],
97 silly audit   ajv: [ '6.12.6' ],
97 silly audit   'ansi-regex': [ '6.1.0', '5.0.1' ],
97 silly audit   'ansi-styles': [ '4.3.0', '6.2.1' ],
97 silly audit   'any-promise': [ '1.3.0' ],
97 silly audit   anymatch: [ '3.1.3' ],
97 silly audit   arg: [ '5.0.2' ],
97 silly audit   argparse: [ '2.0.1' ],
97 silly audit   'aria-query': [ '5.3.2' ],
97 silly audit   'array-buffer-byte-length': [ '1.0.2' ],
97 silly audit   'array-includes': [ '3.1.8' ],
97 silly audit   'array.prototype.findlast': [ '1.2.5' ],
97 silly audit   'array.prototype.findlastindex': [ '1.2.5' ],
97 silly audit   'array.prototype.flat': [ '1.3.3' ],
97 silly audit   'array.prototype.flatmap': [ '1.3.3' ],
97 silly audit   'array.prototype.tosorted': [ '1.1.4' ],
97 silly audit   'arraybuffer.prototype.slice': [ '1.0.4' ],
97 silly audit   'ast-types-flow': [ '0.0.8' ],
97 silly audit   'async-function': [ '1.0.0' ],
97 silly audit   'available-typed-arrays': [ '1.0.7' ],
97 silly audit   'axe-core': [ '4.10.2' ],
97 silly audit   'axobject-query': [ '4.1.0' ],
97 silly audit   'balanced-match': [ '1.0.2' ],
97 silly audit   'binary-extensions': [ '2.3.0' ],
97 silly audit   braces: [ '3.0.3' ],
97 silly audit   busboy: [ '1.6.0' ],
97 silly audit   'call-bind': [ '1.0.8' ],
97 silly audit   'call-bind-apply-helpers': [ '1.0.2' ],
97 silly audit   'call-bound': [ '1.0.3' ],
97 silly audit   callsites: [ '3.1.0' ],
97 silly audit   'camelcase-css': [ '2.0.1' ],
97 silly audit   'caniuse-lite': [ '1.0.30001700' ],
97 silly audit   chalk: [ '4.1.2' ],
97 silly audit   chokidar: [ '3.6.0' ],
97 silly audit   'client-only': [ '0.0.1' ],
97 silly audit   clsx: [ '2.1.1' ],
97 silly audit   color: [ '4.2.3' ],
97 silly audit   'color-convert': [ '2.0.1' ],
97 silly audit   'color-name': [ '1.1.4' ],
97 silly audit   'color-string': [ '1.9.1' ],
97 silly audit   commander: [ '4.1.1', '13.1.0' ],
97 silly audit   'concat-map': [ '0.0.1' ],
97 silly audit   'cross-spawn': [ '7.0.6' ],
97 silly audit   cssesc: [ '3.0.0' ],
97 silly audit   csstype: [ '3.1.3' ],
97 silly audit   'd3-array': [ '3.2.4' ],
97 silly audit   'd3-color': [ '3.1.0' ],
97 silly audit   'd3-ease': [ '3.0.1' ],
97 silly audit   'd3-format': [ '3.1.0' ],
97 silly audit   'd3-interpolate': [ '3.0.1' ],
97 silly audit   'd3-path': [ '3.1.0' ],
97 silly audit   'd3-scale': [ '4.0.2' ],
97 silly audit   'd3-shape': [ '3.2.0' ],
97 silly audit   'd3-time': [ '3.1.0' ],
97 silly audit   'd3-time-format': [ '4.1.0' ],
97 silly audit   'd3-timer': [ '3.0.1' ],
97 silly audit   'damerau-levenshtein': [ '1.0.8' ],
97 silly audit   'data-view-buffer': [ '1.0.2' ],
97 silly audit   'data-view-byte-length': [ '1.0.2' ],
97 silly audit   'data-view-byte-offset': [ '1.0.1' ],
97 silly audit   debug: [ '4.4.0', '3.2.7' ],
97 silly audit   'decimal.js-light': [ '2.5.1' ],
97 silly audit   'deep-is': [ '0.1.4' ],
97 silly audit   'define-data-property': [ '1.1.4' ],
97 silly audit   'define-properties': [ '1.2.1' ],
97 silly audit   'detect-libc': [ '2.0.3' ],
97 silly audit   didyoumean: [ '1.2.2' ],
97 silly audit   dlv: [ '1.1.3' ],
97 silly audit   doctrine: [ '2.1.0' ],
97 silly audit   'dom-helpers': [ '5.2.1' ],
97 silly audit   'dunder-proto': [ '1.0.1' ],
97 silly audit   eastasianwidth: [ '0.2.0' ],
97 silly audit   'emoji-regex': [ '9.2.2', '8.0.0' ],
97 silly audit   'enhanced-resolve': [ '5.18.1' ],
97 silly audit   'es-abstract': [ '1.23.9' ],
97 silly audit   'es-define-property': [ '1.0.1' ],
97 silly audit   'es-errors': [ '1.3.0' ],
97 silly audit   'es-iterator-helpers': [ '1.2.1' ],
97 silly audit   'es-object-atoms': [ '1.1.1' ],
97 silly audit   'es-set-tostringtag': [ '2.1.0' ],
97 silly audit   'es-shim-unscopables': [ '1.1.0' ],
97 silly audit   'es-to-primitive': [ '1.3.0' ],
97 silly audit   'escape-string-regexp': [ '4.0.0', '1.0.5' ],
97 silly audit   eslint: [ '9.21.0' ],
97 silly audit   'eslint-config-next': [ '15.1.7' ],
97 silly audit   'eslint-import-resolver-node': [ '0.3.9' ],
97 silly audit   'eslint-import-resolver-typescript': [ '3.8.3' ],
97 silly audit   'eslint-module-utils': [ '2.12.0' ],
97 silly audit   'eslint-plugin-import': [ '2.31.0' ],
97 silly audit   semver: [ '6.3.1', '7.7.1' ],
97 silly audit   'eslint-plugin-jsx-a11y': [ '6.10.2' ],
97 silly audit   'eslint-plugin-react': [ '7.37.4' ],
97 silly audit   'eslint-plugin-react-hooks': [ '5.1.0' ],
97 silly audit   resolve: [ '2.0.0-next.5', '1.22.10' ],
97 silly audit   'eslint-scope': [ '8.2.0' ],
97 silly audit   espree: [ '10.3.0' ],
97 silly audit   esquery: [ '1.6.0' ],
97 silly audit   esrecurse: [ '4.3.0' ],
97 silly audit   estraverse: [ '5.3.0' ],
97 silly audit   esutils: [ '2.0.3' ],
97 silly audit   eventemitter3: [ '4.0.7' ],
97 silly audit   'fast-deep-equal': [ '3.1.3' ],
97 silly audit   'fast-equals': [ '5.2.2' ],
97 silly audit   'fast-json-stable-stringify': [ '2.1.0' ],
97 silly audit   'fast-levenshtein': [ '2.0.6' ],
97 silly audit   fastq: [ '1.19.0' ],
97 silly audit   'file-entry-cache': [ '8.0.0' ],
97 silly audit   'fill-range': [ '7.1.1' ],
97 silly audit   'find-up': [ '5.0.0', '4.1.0' ],
97 silly audit   'flat-cache': [ '4.0.1' ],
97 silly audit   flatted: [ '3.3.3' ],
97 silly audit   'for-each': [ '0.3.5' ],
97 silly audit   'foreground-child': [ '3.3.0' ],
97 silly audit   fsevents: [ '2.3.3' ],
97 silly audit   'function-bind': [ '1.1.2' ],
97 silly audit   'function.prototype.name': [ '1.1.8' ],
97 silly audit   'functions-have-names': [ '1.2.3' ],
97 silly audit   'get-intrinsic': [ '1.2.7' ],
97 silly audit   'get-proto': [ '1.0.1' ],
97 silly audit   'get-symbol-description': [ '1.1.0' ],
97 silly audit   'get-tsconfig': [ '4.10.0' ],
97 silly audit   glob: [ '10.4.5' ],
97 silly audit   globals: [ '14.0.0' ],
97 silly audit   globalthis: [ '1.0.4' ],
97 silly audit   gopd: [ '1.2.0' ],
97 silly audit   'graceful-fs': [ '4.2.11' ],
97 silly audit   graphemer: [ '1.4.0' ],
97 silly audit   graphql: [ '16.10.0' ],
97 silly audit   'graphql-tag': [ '2.12.6' ],
97 silly audit   'has-bigints': [ '1.1.0' ],
97 silly audit   'has-flag': [ '4.0.0' ],
97 silly audit   'has-property-descriptors': [ '1.0.2' ],
97 silly audit   'has-proto': [ '1.2.0' ],
97 silly audit   'has-symbols': [ '1.1.0' ],
97 silly audit   'has-tostringtag': [ '1.0.2' ],
97 silly audit   hasown: [ '2.0.2' ],
97 silly audit   'hoist-non-react-statics': [ '3.3.2' ],
97 silly audit   ignore: [ '5.3.2' ],
97 silly audit   'import-fresh': [ '3.3.1' ],
97 silly audit   imurmurhash: [ '0.1.4' ],
97 silly audit   'internal-slot': [ '1.1.0' ],
97 silly audit   internmap: [ '2.0.3' ],
97 silly audit   'is-array-buffer': [ '3.0.5' ],
97 silly audit   'is-arrayish': [ '0.3.2' ],
97 silly audit   'is-async-function': [ '2.1.1' ],
97 silly audit   'is-bigint': [ '1.1.0' ],
97 silly audit   'is-binary-path': [ '2.1.0' ],
97 silly audit   'is-boolean-object': [ '1.2.2' ],
97 silly audit   'is-bun-module': [ '1.3.0' ],
97 silly audit   'is-callable': [ '1.2.7' ],
97 silly audit   'is-core-module': [ '2.16.1' ],
97 silly audit   'is-data-view': [ '1.0.2' ],
97 silly audit   'is-date-object': [ '1.1.0' ],
97 silly audit   'is-extglob': [ '2.1.1' ],
97 silly audit   'is-finalizationregistry': [ '1.1.1' ],
97 silly audit   'is-fullwidth-code-point': [ '3.0.0' ],
97 silly audit   'is-generator-function': [ '1.1.0' ],
97 silly audit   'is-glob': [ '4.0.3' ],
97 silly audit   'is-map': [ '2.0.3' ],
97 silly audit   'is-number': [ '7.0.0' ],
97 silly audit   'is-number-object': [ '1.1.1' ],
97 silly audit   'is-regex': [ '1.2.1' ],
97 silly audit   'is-set': [ '2.0.3' ],
97 silly audit   'is-shared-array-buffer': [ '1.0.4' ],
97 silly audit   'is-string': [ '1.1.1' ],
97 silly audit   'is-symbol': [ '1.1.1' ],
97 silly audit   'is-typed-array': [ '1.1.15' ],
97 silly audit   'is-weakmap': [ '2.0.2' ],
97 silly audit   'is-weakref': [ '1.1.1' ],
97 silly audit   'is-weakset': [ '2.0.4' ],
97 silly audit   isarray: [ '2.0.5' ],
97 silly audit   isexe: [ '2.0.0' ],
97 silly audit   'iterator.prototype': [ '1.1.5' ],
97 silly audit   jackspeak: [ '3.4.3' ],
97 silly audit   jiti: [ '1.21.7' ],
97 silly audit   'js-tokens': [ '4.0.0' ],
97 silly audit   'js-yaml': [ '4.1.0' ],
97 silly audit   'json-buffer': [ '3.0.1' ],
97 silly audit   'json-schema-traverse': [ '0.4.1' ],
97 silly audit   'json-stable-stringify-without-jsonify': [ '1.0.1' ],
97 silly audit   json5: [ '1.0.2' ],
97 silly audit   'jsx-ast-utils': [ '3.3.5' ],
97 silly audit   'jwt-decode': [ '4.0.0' ],
97 silly audit   keyv: [ '4.5.4' ],
97 silly audit   'language-subtag-registry': [ '0.3.23' ],
97 silly audit   'language-tags': [ '1.0.9' ],
97 silly audit   levn: [ '0.4.1' ],
97 silly audit   lilconfig: [ '3.1.3' ],
97 silly audit   'lines-and-columns': [ '1.2.4' ],
97 silly audit   'locate-path': [ '6.0.0', '5.0.0' ],
97 silly audit   lodash: [ '4.17.21' ],
97 silly audit   'lodash.merge': [ '4.6.2' ],
97 silly audit   'loose-envify': [ '1.4.0' ],
97 silly audit   'lru-cache': [ '10.4.3' ],
97 silly audit   'math-intrinsics': [ '1.1.0' ],
97 silly audit   merge2: [ '1.4.1' ],
97 silly audit   micromatch: [ '4.0.8' ],
97 silly audit   minimist: [ '1.2.8' ],
97 silly audit   minipass: [ '7.1.2' ],
97 silly audit   ms: [ '2.1.3' ],
97 silly audit   mz: [ '2.7.0' ],
97 silly audit   nanoid: [ '3.3.8' ],
97 silly audit   'natural-compare': [ '1.4.0' ],
97 silly audit   next: [ '15.1.7' ],
97 silly audit   postcss: [ '8.4.31', '8.5.3' ],
97 silly audit   'normalize-path': [ '3.0.0' ],
97 silly audit   'object-assign': [ '4.1.1' ],
97 silly audit   'object-hash': [ '3.0.0' ],
97 silly audit   'object-inspect': [ '1.13.4' ],
97 silly audit   'object-keys': [ '1.1.1' ],
97 silly audit   'object.assign': [ '4.1.7' ],
97 silly audit   'object.entries': [ '1.1.8' ],
97 silly audit   'object.fromentries': [ '2.0.8' ],
97 silly audit   'object.groupby': [ '1.0.3' ],
97 silly audit   'object.values': [ '1.2.1' ],
97 silly audit   optimism: [ '0.18.1' ],
97 silly audit   optionator: [ '0.9.4' ],
97 silly audit   'own-keys': [ '1.0.1' ],
97 silly audit   'p-limit': [ '3.1.0', '2.3.0' ],
97 silly audit   'p-locate': [ '5.0.0', '4.1.0' ],
97 silly audit   'package-json-from-dist': [ '1.0.1' ],
97 silly audit   'parent-module': [ '1.0.1' ],
97 silly audit   'path-exists': [ '4.0.0' ],
97 silly audit   'path-key': [ '3.1.1' ],
97 silly audit   'path-parse': [ '1.0.7' ],
97 silly audit   'path-scurry': [ '1.11.1' ],
97 silly audit   picocolors: [ '1.1.1' ],
97 silly audit   picomatch: [ '2.3.1', '4.0.2' ],
97 silly audit   pify: [ '2.3.0' ],
97 silly audit   pirates: [ '4.0.6' ],
97 silly audit   'possible-typed-array-names': [ '1.1.0' ],
97 silly audit   'postcss-import': [ '15.1.0' ],
97 silly audit   'postcss-js': [ '4.0.1' ],
97 silly audit   'postcss-load-config': [ '4.0.2' ],
97 silly audit   'postcss-nested': [ '6.2.0' ],
97 silly audit   'postcss-selector-parser': [ '6.1.2' ],
97 silly audit   'postcss-value-parser': [ '4.2.0' ],
97 silly audit   'prelude-ls': [ '1.2.1' ],
97 silly audit   'prop-types': [ '15.8.1' ],
97 silly audit   punycode: [ '2.3.1' ],
97 silly audit   'queue-microtask': [ '1.2.3' ],
97 silly audit   react: [ '19.0.0' ],
97 silly audit   'react-dom': [ '19.0.0' ],
97 silly audit   'react-is': [ '16.13.1', '18.3.1' ],
97 silly audit   'react-particles': [ '2.12.2' ],
97 silly audit   'react-smooth': [ '4.0.4' ],
97 silly audit   'react-transition-group': [ '4.4.5' ],
97 silly audit   'read-cache': [ '1.0.0' ],
97 silly audit   readdirp: [ '3.6.0' ],
97 silly audit   recharts: [ '2.15.1' ],
97 silly audit   'recharts-scale': [ '0.4.5' ],
97 silly audit   'reflect.getprototypeof': [ '1.0.10' ],
97 silly audit   'regenerator-runtime': [ '0.14.1' ],
97 silly audit   'regexp.prototype.flags': [ '1.5.4' ],
97 silly audit   rehackt: [ '0.1.0' ],
97 silly audit   'resolve-from': [ '4.0.0' ],
97 silly audit   'resolve-pkg-maps': [ '1.0.0' ],
97 silly audit   reusify: [ '1.0.4' ],
97 silly audit   'run-parallel': [ '1.2.0' ],
97 silly audit   'safe-array-concat': [ '1.1.3' ],
97 silly audit   'safe-push-apply': [ '1.0.0' ],
97 silly audit   'safe-regex-test': [ '1.1.0' ],
97 silly audit   scheduler: [ '0.25.0' ],
97 silly audit   'set-function-length': [ '1.2.2' ],
97 silly audit   'set-function-name': [ '2.0.2' ],
97 silly audit   'set-proto': [ '1.0.0' ],
97 silly audit   sharp: [ '0.33.5' ],
97 silly audit   'shebang-command': [ '2.0.0' ],
97 silly audit   'shebang-regex': [ '3.0.0' ],
97 silly audit   'side-channel': [ '1.1.0' ],
97 silly audit   'side-channel-list': [ '1.0.0' ],
97 silly audit   'side-channel-map': [ '1.0.1' ],
97 silly audit   'side-channel-weakmap': [ '1.0.2' ],
97 silly audit   'signal-exit': [ '4.1.0' ],
97 silly audit   'simple-swizzle': [ '0.2.2' ],
97 silly audit   'source-map-js': [ '1.2.1' ],
97 silly audit   'stable-hash': [ '0.0.4' ],
97 silly audit   streamsearch: [ '1.1.0' ],
97 silly audit   'string-width': [ '5.1.2', '4.2.3' ],
97 silly audit   'strip-ansi': [ '6.0.1', '7.1.0' ],
97 silly audit   'string.prototype.includes': [ '2.0.1' ],
97 silly audit   'string.prototype.matchall': [ '4.0.12' ],
97 silly audit   'string.prototype.repeat': [ '1.0.0' ],
97 silly audit   'string.prototype.trim': [ '1.2.10' ],
97 silly audit   'string.prototype.trimend': [ '1.0.9' ],
97 silly audit   'string.prototype.trimstart': [ '1.0.8' ],
97 silly audit   'strip-bom': [ '3.0.0' ],
97 silly audit   'strip-json-comments': [ '3.1.1' ],
97 silly audit   'styled-jsx': [ '5.1.6' ],
97 silly audit   sucrase: [ '3.35.0' ],
97 silly audit   'supports-color': [ '7.2.0' ],
97 silly audit   'supports-preserve-symlinks-flag': [ '1.0.0' ],
97 silly audit   'symbol-observable': [ '4.0.0' ],
97 silly audit   tailwindcss: [ '3.4.17' ],
97 silly audit   tapable: [ '2.2.1' ],
97 silly audit   thenify: [ '3.3.1' ],
97 silly audit   'thenify-all': [ '1.6.0' ],
97 silly audit   'tiny-invariant': [ '1.3.3' ],
97 silly audit   tinyglobby: [ '0.2.12' ],
97 silly audit   fdir: [ '6.4.3' ],
97 silly audit   'to-regex-range': [ '5.0.1' ],
97 silly audit   'ts-api-utils': [ '2.0.1' ],
97 silly audit   'ts-interface-checker': [ '0.1.13' ],
97 silly audit   'ts-invariant': [ '0.10.3' ],
97 silly audit   'tsconfig-paths': [ '3.15.0' ],
97 silly audit   tslib: [ '2.8.1' ],
97 silly audit   tsparticles: [ '3.8.1' ],
97 silly audit   'tsparticles-basic': [ '2.12.0' ],
97 silly audit   'tsparticles-engine': [ '2.12.0' ],
97 silly audit   'tsparticles-interaction-external-attract': [ '2.12.0' ],
97 silly audit   'tsparticles-interaction-external-bounce': [ '2.12.0' ],
97 silly audit   'tsparticles-interaction-external-bubble': [ '2.12.0' ],
97 silly audit   'tsparticles-interaction-external-connect': [ '2.12.0' ],
97 silly audit   'tsparticles-interaction-external-grab': [ '2.12.0' ],
97 silly audit   'tsparticles-interaction-external-pause': [ '2.12.0' ],
97 silly audit   'tsparticles-interaction-external-push': [ '2.12.0' ],
97 silly audit   'tsparticles-interaction-external-remove': [ '2.12.0' ],
97 silly audit   'tsparticles-interaction-external-repulse': [ '2.12.0' ],
97 silly audit   'tsparticles-interaction-external-slow': [ '2.12.0' ],
97 silly audit   'tsparticles-interaction-particles-attract': [ '2.12.0' ],
97 silly audit   'tsparticles-interaction-particles-collisions': [ '2.12.0' ],
97 silly audit   'tsparticles-interaction-particles-links': [ '2.12.0' ],
97 silly audit   'tsparticles-move-base': [ '2.12.0' ],
97 silly audit   'tsparticles-move-parallax': [ '2.12.0' ],
97 silly audit   'tsparticles-particles.js': [ '2.12.0' ],
97 silly audit   'tsparticles-plugin-easing-quad': [ '2.12.0' ],
97 silly audit   'tsparticles-shape-circle': [ '2.12.0' ],
97 silly audit   'tsparticles-shape-image': [ '2.12.0' ],
97 silly audit   'tsparticles-shape-line': [ '2.12.0' ],
97 silly audit   'tsparticles-shape-polygon': [ '2.12.0' ],
97 silly audit   'tsparticles-shape-square': [ '2.12.0' ],
97 silly audit   'tsparticles-shape-star': [ '2.12.0' ],
97 silly audit   'tsparticles-shape-text': [ '2.12.0' ],
97 silly audit   'tsparticles-slim': [ '2.12.0' ],
97 silly audit   'tsparticles-updater-color': [ '2.12.0' ],
97 silly audit   'tsparticles-updater-life': [ '2.12.0' ],
97 silly audit   'tsparticles-updater-opacity': [ '2.12.0' ],
97 silly audit   'tsparticles-updater-out-modes': [ '2.12.0' ],
97 silly audit   'tsparticles-updater-rotate': [ '2.12.0' ],
97 silly audit   'tsparticles-updater-size': [ '2.12.0' ],
97 silly audit   'tsparticles-updater-stroke-color': [ '2.12.0' ],
97 silly audit   'type-check': [ '0.4.0' ],
97 silly audit   'typed-array-buffer': [ '1.0.3' ],
97 silly audit   'typed-array-byte-length': [ '1.0.3' ],
97 silly audit   'typed-array-byte-offset': [ '1.0.4' ],
97 silly audit   'typed-array-length': [ '1.0.7' ],
97 silly audit   typescript: [ '5.7.3' ],
97 silly audit   'unbox-primitive': [ '1.1.0' ],
97 silly audit   'undici-types': [ '6.19.8' ],
97 silly audit   'uri-js': [ '4.4.1' ],
97 silly audit   'util-deprecate': [ '1.0.2' ],
97 silly audit   'victory-vendor': [ '36.9.2' ],
97 silly audit   which: [ '2.0.2' ],
97 silly audit   'which-boxed-primitive': [ '1.1.1' ],
97 silly audit   'which-builtin-type': [ '1.2.1' ],
97 silly audit   'which-collection': [ '1.0.2' ],
97 silly audit   'which-typed-array': [ '1.1.18' ],
97 silly audit   'word-wrap': [ '1.2.5' ],
97 silly audit   'wrap-ansi': [ '8.1.0', '7.0.0' ],
97 silly audit   yaml: [ '2.7.0' ],
97 silly audit   'yocto-queue': [ '0.1.0' ],
97 silly audit   'zen-observable': [ '0.8.15' ],
97 silly audit   'zen-observable-ts': [ '1.2.5' ],
97 silly audit   'gh-pages': [ '6.3.0' ],
97 silly audit   async: [ '3.2.6' ],
97 silly audit   'email-addresses': [ '5.0.0' ],
97 silly audit   filenamify: [ '4.3.0' ],
97 silly audit   'find-cache-dir': [ '3.3.2' ],
97 silly audit   'fs-extra': [ '11.3.0' ],
97 silly audit   globby: [ '11.1.0' ],
97 silly audit   'filename-reserved-regex': [ '2.0.0' ],
97 silly audit   'strip-outer': [ '1.0.1' ],
97 silly audit   'trim-repeated': [ '1.0.0' ],
97 silly audit   commondir: [ '1.0.1' ],
97 silly audit   'make-dir': [ '3.1.0' ],
97 silly audit   'pkg-dir': [ '4.2.0' ],
97 silly audit   jsonfile: [ '6.1.0' ],
97 silly audit   universalify: [ '2.0.1' ],
97 silly audit   'array-union': [ '2.1.0' ],
97 silly audit   'dir-glob': [ '3.0.1' ],
97 silly audit   slash: [ '3.0.0' ],
97 silly audit   'path-type': [ '4.0.0' ],
97 silly audit   'p-try': [ '2.2.0' ]
97 silly audit }
98 verbose reify failed optional dependency C:\Users\Zahra\graphql3\node_modules\fsevents
99 silly reify mark deleted [ 'C:\\Users\\Zahra\\graphql3\\node_modules\\fsevents' ]
100 verbose reify failed optional dependency C:\Users\Zahra\graphql3\node_modules\@next\swc-win32-arm64-msvc
101 silly reify mark deleted [
101 silly reify   'C:\\Users\\Zahra\\graphql3\\node_modules\\@next\\swc-win32-arm64-msvc'
101 silly reify ]
102 verbose reify failed optional dependency C:\Users\Zahra\graphql3\node_modules\@next\swc-linux-x64-musl
103 silly reify mark deleted [
103 silly reify   'C:\\Users\\Zahra\\graphql3\\node_modules\\@next\\swc-linux-x64-musl'
103 silly reify ]
104 verbose reify failed optional dependency C:\Users\Zahra\graphql3\node_modules\@next\swc-linux-x64-gnu
105 silly reify mark deleted [
105 silly reify   'C:\\Users\\Zahra\\graphql3\\node_modules\\@next\\swc-linux-x64-gnu'
105 silly reify ]
106 verbose reify failed optional dependency C:\Users\Zahra\graphql3\node_modules\@next\swc-linux-arm64-musl
107 silly reify mark deleted [
107 silly reify   'C:\\Users\\Zahra\\graphql3\\node_modules\\@next\\swc-linux-arm64-musl'
107 silly reify ]
108 verbose reify failed optional dependency C:\Users\Zahra\graphql3\node_modules\@next\swc-linux-arm64-gnu
109 silly reify mark deleted [
109 silly reify   'C:\\Users\\Zahra\\graphql3\\node_modules\\@next\\swc-linux-arm64-gnu'
109 silly reify ]
110 verbose reify failed optional dependency C:\Users\Zahra\graphql3\node_modules\@next\swc-darwin-x64
111 silly reify mark deleted [ 'C:\\Users\\Zahra\\graphql3\\node_modules\\@next\\swc-darwin-x64' ]
112 verbose reify failed optional dependency C:\Users\Zahra\graphql3\node_modules\@next\swc-darwin-arm64
113 silly reify mark deleted [ 'C:\\Users\\Zahra\\graphql3\\node_modules\\@next\\swc-darwin-arm64' ]
114 verbose reify failed optional dependency C:\Users\Zahra\graphql3\node_modules\@img\sharp-win32-ia32
115 silly reify mark deleted [ 'C:\\Users\\Zahra\\graphql3\\node_modules\\@img\\sharp-win32-ia32' ]
116 verbose reify failed optional dependency C:\Users\Zahra\graphql3\node_modules\@img\sharp-wasm32
117 silly reify mark deleted [ 'C:\\Users\\Zahra\\graphql3\\node_modules\\@img\\sharp-wasm32' ]
118 verbose reify failed optional dependency C:\Users\Zahra\graphql3\node_modules\@emnapi\runtime
119 silly reify mark deleted [ 'C:\\Users\\Zahra\\graphql3\\node_modules\\@emnapi\\runtime' ]
120 verbose reify failed optional dependency C:\Users\Zahra\graphql3\node_modules\@img\sharp-linuxmusl-x64
121 silly reify mark deleted [
121 silly reify   'C:\\Users\\Zahra\\graphql3\\node_modules\\@img\\sharp-linuxmusl-x64'
121 silly reify ]
122 verbose reify failed optional dependency C:\Users\Zahra\graphql3\node_modules\@img\sharp-linuxmusl-arm64
123 silly reify mark deleted [
123 silly reify   'C:\\Users\\Zahra\\graphql3\\node_modules\\@img\\sharp-linuxmusl-arm64'
123 silly reify ]
124 verbose reify failed optional dependency C:\Users\Zahra\graphql3\node_modules\@img\sharp-linux-x64
125 silly reify mark deleted [ 'C:\\Users\\Zahra\\graphql3\\node_modules\\@img\\sharp-linux-x64' ]
126 verbose reify failed optional dependency C:\Users\Zahra\graphql3\node_modules\@img\sharp-linux-s390x
127 silly reify mark deleted [ 'C:\\Users\\Zahra\\graphql3\\node_modules\\@img\\sharp-linux-s390x' ]
128 verbose reify failed optional dependency C:\Users\Zahra\graphql3\node_modules\@img\sharp-linux-arm64
129 silly reify mark deleted [ 'C:\\Users\\Zahra\\graphql3\\node_modules\\@img\\sharp-linux-arm64' ]
130 verbose reify failed optional dependency C:\Users\Zahra\graphql3\node_modules\@img\sharp-linux-arm
131 silly reify mark deleted [ 'C:\\Users\\Zahra\\graphql3\\node_modules\\@img\\sharp-linux-arm' ]
132 verbose reify failed optional dependency C:\Users\Zahra\graphql3\node_modules\@img\sharp-libvips-linuxmusl-x64
133 silly reify mark deleted [
133 silly reify   'C:\\Users\\Zahra\\graphql3\\node_modules\\@img\\sharp-libvips-linuxmusl-x64'
133 silly reify ]
134 verbose reify failed optional dependency C:\Users\Zahra\graphql3\node_modules\@img\sharp-libvips-linuxmusl-arm64
135 silly reify mark deleted [
135 silly reify   'C:\\Users\\Zahra\\graphql3\\node_modules\\@img\\sharp-libvips-linuxmusl-arm64'
135 silly reify ]
136 verbose reify failed optional dependency C:\Users\Zahra\graphql3\node_modules\@img\sharp-libvips-linux-x64
137 silly reify mark deleted [
137 silly reify   'C:\\Users\\Zahra\\graphql3\\node_modules\\@img\\sharp-libvips-linux-x64'
137 silly reify ]
138 verbose reify failed optional dependency C:\Users\Zahra\graphql3\node_modules\@img\sharp-libvips-linux-s390x
139 silly reify mark deleted [
139 silly reify   'C:\\Users\\Zahra\\graphql3\\node_modules\\@img\\sharp-libvips-linux-s390x'
139 silly reify ]
140 verbose reify failed optional dependency C:\Users\Zahra\graphql3\node_modules\@img\sharp-libvips-linux-arm64
141 silly reify mark deleted [
141 silly reify   'C:\\Users\\Zahra\\graphql3\\node_modules\\@img\\sharp-libvips-linux-arm64'
141 silly reify ]
142 verbose reify failed optional dependency C:\Users\Zahra\graphql3\node_modules\@img\sharp-libvips-linux-arm
143 silly reify mark deleted [
143 silly reify   'C:\\Users\\Zahra\\graphql3\\node_modules\\@img\\sharp-libvips-linux-arm'
143 silly reify ]
144 verbose reify failed optional dependency C:\Users\Zahra\graphql3\node_modules\@img\sharp-libvips-darwin-x64
145 silly reify mark deleted [
145 silly reify   'C:\\Users\\Zahra\\graphql3\\node_modules\\@img\\sharp-libvips-darwin-x64'
145 silly reify ]
146 verbose reify failed optional dependency C:\Users\Zahra\graphql3\node_modules\@img\sharp-libvips-darwin-arm64
147 silly reify mark deleted [
147 silly reify   'C:\\Users\\Zahra\\graphql3\\node_modules\\@img\\sharp-libvips-darwin-arm64'
147 silly reify ]
148 verbose reify failed optional dependency C:\Users\Zahra\graphql3\node_modules\@img\sharp-darwin-x64
149 silly reify mark deleted [ 'C:\\Users\\Zahra\\graphql3\\node_modules\\@img\\sharp-darwin-x64' ]
150 verbose reify failed optional dependency C:\Users\Zahra\graphql3\node_modules\@img\sharp-darwin-arm64
151 silly reify mark deleted [
151 silly reify   'C:\\Users\\Zahra\\graphql3\\node_modules\\@img\\sharp-darwin-arm64'
151 silly reify ]
152 silly tarball no local data for path-type@https://registry.npmjs.org/path-type/-/path-type-4.0.0.tgz. Extracting by manifest.
153 silly tarball no local data for p-try@https://registry.npmjs.org/p-try/-/p-try-2.2.0.tgz. Extracting by manifest.
154 silly tarball no local data for slash@https://registry.npmjs.org/slash/-/slash-3.0.0.tgz. Extracting by manifest.
155 silly tarball no local data for universalify@https://registry.npmjs.org/universalify/-/universalify-2.0.1.tgz. Extracting by manifest.
156 silly tarball no local data for jsonfile@https://registry.npmjs.org/jsonfile/-/jsonfile-6.1.0.tgz. Extracting by manifest.
157 silly tarball no local data for make-dir@https://registry.npmjs.org/make-dir/-/make-dir-3.1.0.tgz. Extracting by manifest.
158 silly tarball no local data for pkg-dir@https://registry.npmjs.org/pkg-dir/-/pkg-dir-4.2.0.tgz. Extracting by manifest.
159 silly tarball no local data for dir-glob@https://registry.npmjs.org/dir-glob/-/dir-glob-3.0.1.tgz. Extracting by manifest.
160 silly tarball no local data for array-union@https://registry.npmjs.org/array-union/-/array-union-2.1.0.tgz. Extracting by manifest.
161 silly tarball no local data for strip-outer@https://registry.npmjs.org/strip-outer/-/strip-outer-1.0.1.tgz. Extracting by manifest.
162 silly tarball no local data for commondir@https://registry.npmjs.org/commondir/-/commondir-1.0.1.tgz. Extracting by manifest.
163 silly tarball no local data for globby@https://registry.npmjs.org/globby/-/globby-11.1.0.tgz. Extracting by manifest.
164 silly tarball no local data for filename-reserved-regex@https://registry.npmjs.org/filename-reserved-regex/-/filename-reserved-regex-2.0.0.tgz. Extracting by manifest.
165 silly tarball no local data for fs-extra@https://registry.npmjs.org/fs-extra/-/fs-extra-11.3.0.tgz. Extracting by manifest.
166 silly tarball no local data for trim-repeated@https://registry.npmjs.org/trim-repeated/-/trim-repeated-1.0.0.tgz. Extracting by manifest.
167 silly tarball no local data for find-cache-dir@https://registry.npmjs.org/find-cache-dir/-/find-cache-dir-3.3.2.tgz. Extracting by manifest.
168 silly tarball no local data for filenamify@https://registry.npmjs.org/filenamify/-/filenamify-4.3.0.tgz. Extracting by manifest.
169 silly tarball no local data for async@https://registry.npmjs.org/async/-/async-3.2.6.tgz. Extracting by manifest.
170 silly tarball no local data for email-addresses@https://registry.npmjs.org/email-addresses/-/email-addresses-5.0.0.tgz. Extracting by manifest.
171 silly tarball no local data for gh-pages@https://registry.npmjs.org/gh-pages/-/gh-pages-6.3.0.tgz. Extracting by manifest.
172 silly tarball no local data for p-limit@https://registry.npmjs.org/p-limit/-/p-limit-2.3.0.tgz. Extracting by manifest.
173 silly tarball no local data for locate-path@https://registry.npmjs.org/locate-path/-/locate-path-5.0.0.tgz. Extracting by manifest.
174 silly tarball no local data for semver@https://registry.npmjs.org/semver/-/semver-6.3.1.tgz. Extracting by manifest.
175 silly tarball no local data for escape-string-regexp@https://registry.npmjs.org/escape-string-regexp/-/escape-string-regexp-1.0.5.tgz. Extracting by manifest.
176 silly tarball no local data for find-up@https://registry.npmjs.org/find-up/-/find-up-4.1.0.tgz. Extracting by manifest.
177 silly tarball no local data for escape-string-regexp@https://registry.npmjs.org/escape-string-regexp/-/escape-string-regexp-1.0.5.tgz. Extracting by manifest.
178 silly tarball no local data for commander@https://registry.npmjs.org/commander/-/commander-13.1.0.tgz. Extracting by manifest.
179 silly tarball no local data for p-locate@https://registry.npmjs.org/p-locate/-/p-locate-4.1.0.tgz. Extracting by manifest.
180 http fetch GET 200 https://registry.npmjs.org/slash/-/slash-3.0.0.tgz 502ms (cache miss)
181 http fetch GET 200 https://registry.npmjs.org/universalify/-/universalify-2.0.1.tgz 517ms (cache miss)
182 http fetch GET 200 https://registry.npmjs.org/make-dir/-/make-dir-3.1.0.tgz 587ms (cache miss)
183 http fetch GET 200 https://registry.npmjs.org/p-try/-/p-try-2.2.0.tgz 618ms (cache miss)
184 http fetch POST 200 https://registry.npmjs.org/-/npm/v1/security/advisories/bulk 684ms
185 silly audit report {}
186 http fetch GET 200 https://registry.npmjs.org/trim-repeated/-/trim-repeated-1.0.0.tgz 645ms (cache miss)
187 http fetch GET 200 https://registry.npmjs.org/find-cache-dir/-/find-cache-dir-3.3.2.tgz 742ms (cache miss)
188 http fetch GET 200 https://registry.npmjs.org/jsonfile/-/jsonfile-6.1.0.tgz 767ms (cache miss)
189 http fetch GET 200 https://registry.npmjs.org/p-limit/-/p-limit-2.3.0.tgz 762ms (cache miss)
190 http fetch GET 200 https://registry.npmjs.org/path-type/-/path-type-4.0.0.tgz 797ms (cache miss)
191 http fetch GET 200 https://registry.npmjs.org/array-union/-/array-union-2.1.0.tgz 842ms (cache miss)
192 http fetch GET 200 https://registry.npmjs.org/escape-string-regexp/-/escape-string-regexp-1.0.5.tgz 820ms (cache miss)
193 http fetch GET 200 https://registry.npmjs.org/strip-outer/-/strip-outer-1.0.1.tgz 845ms (cache miss)
194 http fetch GET 200 https://registry.npmjs.org/filenamify/-/filenamify-4.3.0.tgz 847ms (cache miss)
195 http fetch GET 200 https://registry.npmjs.org/escape-string-regexp/-/escape-string-regexp-1.0.5.tgz 859ms (cache miss)
196 http fetch GET 200 https://registry.npmjs.org/locate-path/-/locate-path-5.0.0.tgz 862ms (cache miss)
197 http fetch GET 200 https://registry.npmjs.org/pkg-dir/-/pkg-dir-4.2.0.tgz 893ms (cache miss)
198 http fetch GET 200 https://registry.npmjs.org/filename-reserved-regex/-/filename-reserved-regex-2.0.0.tgz 893ms (cache miss)
199 http fetch GET 200 https://registry.npmjs.org/p-locate/-/p-locate-4.1.0.tgz 877ms (cache miss)
200 http fetch GET 200 https://registry.npmjs.org/find-up/-/find-up-4.1.0.tgz 881ms (cache miss)
201 http fetch GET 200 https://registry.npmjs.org/commondir/-/commondir-1.0.1.tgz 924ms (cache miss)
202 http fetch GET 200 https://registry.npmjs.org/dir-glob/-/dir-glob-3.0.1.tgz 955ms (cache miss)
203 http fetch GET 200 https://registry.npmjs.org/semver/-/semver-6.3.1.tgz 952ms (cache miss)
204 http fetch GET 200 https://registry.npmjs.org/gh-pages/-/gh-pages-6.3.0.tgz 964ms (cache miss)
205 http fetch GET 200 https://registry.npmjs.org/globby/-/globby-11.1.0.tgz 1014ms (cache miss)
206 http fetch GET 200 https://registry.npmjs.org/email-addresses/-/email-addresses-5.0.0.tgz 1056ms (cache miss)
207 http fetch GET 200 https://registry.npmjs.org/commander/-/commander-13.1.0.tgz 1155ms (cache miss)
208 http fetch GET 200 https://registry.npmjs.org/fs-extra/-/fs-extra-11.3.0.tgz 1217ms (cache miss)
209 http fetch GET 200 https://registry.npmjs.org/async/-/async-3.2.6.tgz 1740ms (cache miss)
210 silly ADD node_modules/p-try
211 silly ADD node_modules/path-type
212 silly ADD node_modules/slash
213 silly ADD node_modules/dir-glob
214 silly ADD node_modules/array-union
215 silly ADD node_modules/universalify
216 silly ADD node_modules/jsonfile
217 silly ADD node_modules/pkg-dir
218 silly ADD node_modules/pkg-dir/node_modules/p-limit
219 silly ADD node_modules/pkg-dir/node_modules/p-locate
220 silly ADD node_modules/pkg-dir/node_modules/locate-path
221 silly ADD node_modules/pkg-dir/node_modules/find-up
222 silly ADD node_modules/make-dir
223 silly ADD node_modules/make-dir/node_modules/semver
224 silly ADD node_modules/commondir
225 silly ADD node_modules/trim-repeated
226 silly ADD node_modules/trim-repeated/node_modules/escape-string-regexp
227 silly ADD node_modules/strip-outer
228 silly ADD node_modules/strip-outer/node_modules/escape-string-regexp
229 silly ADD node_modules/filename-reserved-regex
230 silly ADD node_modules/globby
231 silly ADD node_modules/fs-extra
232 silly ADD node_modules/find-cache-dir
233 silly ADD node_modules/filenamify
234 silly ADD node_modules/email-addresses
235 silly ADD node_modules/async
236 silly ADD node_modules/gh-pages
237 silly ADD node_modules/gh-pages/node_modules/commander
238 silly ADD
239 silly ADD
240 silly ADD
241 silly ADD
242 silly ADD
243 silly ADD
244 silly ADD
245 silly ADD
246 silly ADD
247 silly ADD
248 silly ADD
249 silly ADD
250 silly ADD
251 silly ADD
252 silly ADD
253 silly ADD
254 silly ADD
255 silly ADD
256 silly ADD
257 silly ADD
258 silly ADD
259 silly ADD
260 silly ADD
261 silly ADD
262 silly ADD
263 silly ADD
264 silly ADD
265 verbose exit 0
266 info ok
