0 verbose cli C:\Program Files\nodejs\node.exe C:\Program Files\nodejs\node_modules\npm\bin\npm-cli.js
1 info using npm@10.7.0
2 info using node@v20.15.0
3 silly config:load:file:C:\Program Files\nodejs\node_modules\npm\npmrc
4 silly config:load:file:C:\Users\Zahra\graphql3\.npmrc
5 silly config:load:file:C:\Users\Zahra\.npmrc
6 silly config:load:file:C:\Users\Zahra\AppData\Roaming\npm\etc\npmrc
7 verbose title npm install tsparticles tsparticles-slim react-particles
8 verbose argv "install" "tsparticles" "tsparticles-slim" "react-particles"
9 verbose logfile logs-max:10 dir:C:\Users\Zahra\graphql3\UsersZahraAppDataLocalnpm-cache\_logs\2025-03-11T11_43_58_357Z-
10 verbose logfile C:\Users\Zahra\graphql3\UsersZahraAppDataLocalnpm-cache\_logs\2025-03-11T11_43_58_357Z-debug-0.log
11 silly logfile start cleaning logs, removing 1 files
12 silly logfile done cleaning log files
13 silly idealTree buildDeps
14 silly fetch manifest tsparticles@*
15 http fetch GET 200 https://registry.npmjs.org/tsparticles 1481ms (cache updated)
16 silly fetch manifest tsparticles-slim@*
17 http fetch GET 200 https://registry.npmjs.org/tsparticles-slim 170ms (cache miss)
18 silly fetch manifest react-particles@*
19 http fetch GET 200 https://registry.npmjs.org/react-particles 710ms (cache miss)
20 silly fetch manifest react@^19.0.0
21 http fetch GET 200 https://registry.npmjs.org/react 350ms (cache updated)
22 silly placeDep ROOT react-particles@2.12.2 OK for: graphql3@0.1.0 want: *
23 silly placeDep ROOT tsparticles@3.8.1 OK for: graphql3@0.1.0 want: *
24 silly placeDep ROOT tsparticles-slim@2.12.0 OK for: graphql3@0.1.0 want: *
25 silly fetch manifest tsparticles-engine@^2.12.0
26 silly fetch manifest @tsparticles/engine@3.8.1
27 silly fetch manifest @tsparticles/interaction-external-trail@3.8.1
28 silly fetch manifest @tsparticles/plugin-absorbers@3.8.1
29 silly fetch manifest @tsparticles/plugin-emitters@3.8.1
30 silly fetch manifest @tsparticles/plugin-emitters-shape-circle@3.8.1
31 silly fetch manifest @tsparticles/plugin-emitters-shape-square@3.8.1
32 http fetch GET 200 https://registry.npmjs.org/@tsparticles%2fplugin-emitters-shape-circle 391ms (cache updated)
33 silly fetch manifest @tsparticles/shape-text@3.8.1
34 http fetch GET 200 https://registry.npmjs.org/tsparticles-engine 540ms (cache updated)
35 silly fetch manifest @tsparticles/slim@3.8.1
36 http fetch GET 200 https://registry.npmjs.org/@tsparticles%2fengine 558ms (cache updated)
37 silly fetch manifest @tsparticles/updater-destroy@3.8.1
38 http fetch GET 200 https://registry.npmjs.org/@tsparticles%2finteraction-external-trail 640ms (cache updated)
39 silly fetch manifest @tsparticles/updater-roll@3.8.1
40 http fetch GET 200 https://registry.npmjs.org/@tsparticles%2fplugin-absorbers 712ms (cache updated)
41 silly fetch manifest @tsparticles/updater-tilt@3.8.1
42 http fetch GET 200 https://registry.npmjs.org/@tsparticles%2fplugin-emitters 725ms (cache updated)
43 silly fetch manifest @tsparticles/updater-twinkle@3.8.1
44 http fetch GET 200 https://registry.npmjs.org/@tsparticles%2fshape-text 345ms (cache updated)
45 silly fetch manifest @tsparticles/updater-wobble@3.8.1
46 http fetch GET 200 https://registry.npmjs.org/@tsparticles%2fslim 327ms (cache updated)
47 silly fetch manifest tsparticles-basic@^2.12.0
48 http fetch GET 200 https://registry.npmjs.org/@tsparticles%2fplugin-emitters-shape-square 900ms (cache updated)
49 silly fetch manifest tsparticles-interaction-external-attract@^2.12.0
50 http fetch GET 200 https://registry.npmjs.org/@tsparticles%2fupdater-destroy 366ms (cache updated)
51 silly fetch manifest tsparticles-interaction-external-bounce@^2.12.0
52 http fetch GET 200 https://registry.npmjs.org/tsparticles-basic 157ms (cache miss)
53 silly fetch manifest tsparticles-interaction-external-bubble@^2.12.0
54 http fetch GET 200 https://registry.npmjs.org/@tsparticles%2fupdater-wobble 333ms (cache updated)
55 silly fetch manifest tsparticles-interaction-external-connect@^2.12.0
56 http fetch GET 200 https://registry.npmjs.org/tsparticles-interaction-external-bounce 157ms (cache miss)
57 silly fetch manifest tsparticles-interaction-external-grab@^2.12.0
58 http fetch GET 200 https://registry.npmjs.org/@tsparticles%2fupdater-twinkle 377ms (cache updated)
59 silly fetch manifest tsparticles-interaction-external-pause@^2.12.0
60 http fetch GET 200 https://registry.npmjs.org/tsparticles-interaction-external-attract 225ms (cache miss)
61 silly fetch manifest tsparticles-interaction-external-push@^2.12.0
62 http fetch GET 200 https://registry.npmjs.org/tsparticles-interaction-external-bubble 135ms (cache miss)
63 silly fetch manifest tsparticles-interaction-external-remove@^2.12.0
64 http fetch GET 200 https://registry.npmjs.org/tsparticles-interaction-external-connect 125ms (cache miss)
65 silly fetch manifest tsparticles-interaction-external-repulse@^2.12.0
66 http fetch GET 200 https://registry.npmjs.org/@tsparticles%2fupdater-roll 643ms (cache updated)
67 silly fetch manifest tsparticles-interaction-external-slow@^2.12.0
68 http fetch GET 200 https://registry.npmjs.org/tsparticles-interaction-external-grab 252ms (cache miss)
69 silly fetch manifest tsparticles-interaction-particles-attract@^2.12.0
70 http fetch GET 200 https://registry.npmjs.org/@tsparticles%2fupdater-tilt 641ms (cache updated)
71 silly fetch manifest tsparticles-interaction-particles-collisions@^2.12.0
72 http fetch GET 200 https://registry.npmjs.org/tsparticles-interaction-external-pause 260ms (cache miss)
73 silly fetch manifest tsparticles-interaction-particles-links@^2.12.0
74 http fetch GET 200 https://registry.npmjs.org/tsparticles-interaction-external-push 244ms (cache miss)
75 silly fetch manifest tsparticles-move-base@^2.12.0
76 http fetch GET 200 https://registry.npmjs.org/tsparticles-interaction-external-remove 223ms (cache miss)
77 silly fetch manifest tsparticles-move-parallax@^2.12.0
78 http fetch GET 200 https://registry.npmjs.org/tsparticles-interaction-external-repulse 197ms (cache miss)
79 silly fetch manifest tsparticles-particles.js@^2.12.0
80 http fetch GET 200 https://registry.npmjs.org/tsparticles-interaction-particles-collisions 137ms (cache miss)
81 silly fetch manifest tsparticles-plugin-easing-quad@^2.12.0
82 http fetch GET 200 https://registry.npmjs.org/tsparticles-interaction-external-slow 262ms (cache miss)
83 silly fetch manifest tsparticles-shape-circle@^2.12.0
84 http fetch GET 200 https://registry.npmjs.org/tsparticles-interaction-particles-attract 225ms (cache miss)
85 silly fetch manifest tsparticles-shape-image@^2.12.0
86 http fetch GET 200 https://registry.npmjs.org/tsparticles-move-parallax 189ms (cache miss)
87 silly fetch manifest tsparticles-shape-line@^2.12.0
88 http fetch GET 200 https://registry.npmjs.org/tsparticles-interaction-particles-links 237ms (cache miss)
89 silly fetch manifest tsparticles-shape-polygon@^2.12.0
90 http fetch GET 200 https://registry.npmjs.org/tsparticles-particles.js 209ms (cache miss)
91 silly fetch manifest tsparticles-shape-square@^2.12.0
92 http fetch GET 200 https://registry.npmjs.org/tsparticles-move-base 250ms (cache miss)
93 silly fetch manifest tsparticles-shape-star@^2.12.0
94 http fetch GET 200 https://registry.npmjs.org/tsparticles-plugin-easing-quad 150ms (cache miss)
95 silly fetch manifest tsparticles-shape-text@^2.12.0
96 http fetch GET 200 https://registry.npmjs.org/tsparticles-shape-line 166ms (cache miss)
97 silly fetch manifest tsparticles-updater-color@^2.12.0
98 http fetch GET 200 https://registry.npmjs.org/tsparticles-shape-square 255ms (cache miss)
99 silly fetch manifest tsparticles-updater-life@^2.12.0
100 http fetch GET 200 https://registry.npmjs.org/tsparticles-shape-text 239ms (cache miss)
101 silly fetch manifest tsparticles-updater-opacity@^2.12.0
102 http fetch GET 200 https://registry.npmjs.org/tsparticles-shape-polygon 290ms (cache miss)
103 silly fetch manifest tsparticles-updater-out-modes@^2.12.0
104 http fetch GET 200 https://registry.npmjs.org/tsparticles-shape-image 337ms (cache miss)
105 silly fetch manifest tsparticles-updater-rotate@^2.12.0
106 http fetch GET 200 https://registry.npmjs.org/tsparticles-shape-star 282ms (cache miss)
107 silly fetch manifest tsparticles-updater-size@^2.12.0
108 http fetch GET 200 https://registry.npmjs.org/tsparticles-updater-color 179ms (cache miss)
109 silly fetch manifest tsparticles-updater-stroke-color@^2.12.0
110 http fetch GET 200 https://registry.npmjs.org/tsparticles-updater-life 131ms (cache miss)
111 http fetch GET 200 https://registry.npmjs.org/tsparticles-updater-opacity 150ms (cache miss)
112 http fetch GET 200 https://registry.npmjs.org/tsparticles-updater-out-modes 206ms (cache miss)
113 http fetch GET 200 https://registry.npmjs.org/tsparticles-updater-stroke-color 178ms (cache miss)
114 http fetch GET 200 https://registry.npmjs.org/tsparticles-shape-circle 652ms (cache miss)
115 http fetch GET 200 https://registry.npmjs.org/tsparticles-updater-rotate 392ms (cache miss)
116 http fetch GET 200 https://registry.npmjs.org/tsparticles-updater-size 694ms (cache miss)
117 silly placeDep ROOT tsparticles-engine@2.12.0 OK for: react-particles@2.12.2 want: ^2.12.0
118 silly placeDep ROOT @tsparticles/engine@3.8.1 OK for: tsparticles@3.8.1 want: 3.8.1
119 silly placeDep ROOT @tsparticles/interaction-external-trail@3.8.1 OK for: tsparticles@3.8.1 want: 3.8.1
120 silly placeDep ROOT @tsparticles/plugin-absorbers@3.8.1 OK for: tsparticles@3.8.1 want: 3.8.1
121 silly placeDep ROOT @tsparticles/plugin-emitters@3.8.1 OK for: tsparticles@3.8.1 want: 3.8.1
122 silly placeDep ROOT @tsparticles/plugin-emitters-shape-circle@3.8.1 OK for: tsparticles@3.8.1 want: 3.8.1
123 silly placeDep ROOT @tsparticles/plugin-emitters-shape-square@3.8.1 OK for: tsparticles@3.8.1 want: 3.8.1
124 silly placeDep ROOT @tsparticles/shape-text@3.8.1 OK for: tsparticles@3.8.1 want: 3.8.1
125 silly placeDep ROOT @tsparticles/slim@3.8.1 OK for: tsparticles@3.8.1 want: 3.8.1
126 silly placeDep ROOT @tsparticles/updater-destroy@3.8.1 OK for: tsparticles@3.8.1 want: 3.8.1
127 silly placeDep ROOT @tsparticles/updater-roll@3.8.1 OK for: tsparticles@3.8.1 want: 3.8.1
128 silly placeDep ROOT @tsparticles/updater-tilt@3.8.1 OK for: tsparticles@3.8.1 want: 3.8.1
129 silly placeDep ROOT @tsparticles/updater-twinkle@3.8.1 OK for: tsparticles@3.8.1 want: 3.8.1
130 silly placeDep ROOT @tsparticles/updater-wobble@3.8.1 OK for: tsparticles@3.8.1 want: 3.8.1
131 silly fetch manifest @tsparticles/basic@3.8.1
132 silly fetch manifest @tsparticles/interaction-external-attract@3.8.1
133 silly fetch manifest @tsparticles/interaction-external-bounce@3.8.1
134 silly fetch manifest @tsparticles/interaction-external-bubble@3.8.1
135 silly fetch manifest @tsparticles/interaction-external-connect@3.8.1
136 silly fetch manifest @tsparticles/interaction-external-grab@3.8.1
137 silly fetch manifest @tsparticles/interaction-external-pause@3.8.1
138 http fetch GET 200 https://registry.npmjs.org/@tsparticles%2finteraction-external-bounce 381ms (cache updated)
139 silly fetch manifest @tsparticles/interaction-external-push@3.8.1
140 http fetch GET 200 https://registry.npmjs.org/@tsparticles%2finteraction-external-bubble 390ms (cache updated)
141 silly fetch manifest @tsparticles/interaction-external-remove@3.8.1
142 http fetch GET 200 https://registry.npmjs.org/@tsparticles%2fbasic 411ms (cache updated)
143 silly fetch manifest @tsparticles/interaction-external-repulse@3.8.1
144 http fetch GET 200 https://registry.npmjs.org/@tsparticles%2finteraction-external-grab 413ms (cache updated)
145 silly fetch manifest @tsparticles/interaction-external-slow@3.8.1
146 http fetch GET 200 https://registry.npmjs.org/@tsparticles%2finteraction-external-connect 614ms (cache updated)
147 silly fetch manifest @tsparticles/interaction-particles-attract@3.8.1
148 http fetch GET 200 https://registry.npmjs.org/@tsparticles%2finteraction-external-attract 627ms (cache updated)
149 silly fetch manifest @tsparticles/interaction-particles-collisions@3.8.1
150 http fetch GET 200 https://registry.npmjs.org/@tsparticles%2finteraction-external-pause 646ms (cache updated)
151 silly fetch manifest @tsparticles/interaction-particles-links@3.8.1
152 http fetch GET 200 https://registry.npmjs.org/@tsparticles%2finteraction-external-push 331ms (cache updated)
153 silly fetch manifest @tsparticles/move-parallax@3.8.1
154 http fetch GET 200 https://registry.npmjs.org/@tsparticles%2finteraction-external-repulse 373ms (cache updated)
155 silly fetch manifest @tsparticles/plugin-easing-quad@3.8.1
156 http fetch GET 200 https://registry.npmjs.org/@tsparticles%2finteraction-external-remove 407ms (cache updated)
157 silly fetch manifest @tsparticles/shape-emoji@3.8.1
158 http fetch GET 200 https://registry.npmjs.org/@tsparticles%2finteraction-external-slow 406ms (cache updated)
159 silly fetch manifest @tsparticles/shape-image@3.8.1
160 http fetch GET 200 https://registry.npmjs.org/@tsparticles%2fmove-parallax 306ms (cache updated)
161 silly fetch manifest @tsparticles/shape-line@3.8.1
162 http fetch GET 200 https://registry.npmjs.org/@tsparticles%2fshape-emoji 336ms (cache updated)
163 silly fetch manifest @tsparticles/shape-polygon@3.8.1
164 http fetch GET 200 https://registry.npmjs.org/@tsparticles%2fplugin-easing-quad 355ms (cache updated)
165 silly fetch manifest @tsparticles/shape-square@3.8.1
166 http fetch GET 200 https://registry.npmjs.org/@tsparticles%2finteraction-particles-collisions 545ms (cache updated)
167 silly fetch manifest @tsparticles/shape-star@3.8.1
168 http fetch GET 200 https://registry.npmjs.org/@tsparticles%2finteraction-particles-attract 563ms (cache updated)
169 silly fetch manifest @tsparticles/updater-life@3.8.1
170 http fetch GET 200 https://registry.npmjs.org/@tsparticles%2fshape-image 360ms (cache updated)
171 silly fetch manifest @tsparticles/updater-rotate@3.8.1
172 http fetch GET 200 https://registry.npmjs.org/@tsparticles%2finteraction-particles-links 602ms (cache updated)
173 silly fetch manifest @tsparticles/updater-stroke-color@3.8.1
174 http fetch GET 200 https://registry.npmjs.org/@tsparticles%2fshape-line 410ms (cache updated)
175 http fetch GET 200 https://registry.npmjs.org/@tsparticles%2fshape-square 378ms (cache updated)
176 http fetch GET 200 https://registry.npmjs.org/@tsparticles%2fshape-polygon 387ms (cache updated)
177 http fetch GET 200 https://registry.npmjs.org/@tsparticles%2fupdater-rotate 365ms (cache updated)
178 http fetch GET 200 https://registry.npmjs.org/@tsparticles%2fupdater-life 661ms (cache updated)
179 http fetch GET 200 https://registry.npmjs.org/@tsparticles%2fupdater-stroke-color 591ms (cache updated)
180 http fetch GET 200 https://registry.npmjs.org/@tsparticles%2fshape-star 1059ms (cache updated)
181 silly placeDep ROOT @tsparticles/basic@3.8.1 OK for: @tsparticles/slim@3.8.1 want: 3.8.1
182 silly placeDep ROOT @tsparticles/interaction-external-attract@3.8.1 OK for: @tsparticles/slim@3.8.1 want: 3.8.1
183 silly placeDep ROOT @tsparticles/interaction-external-bounce@3.8.1 OK for: @tsparticles/slim@3.8.1 want: 3.8.1
184 silly placeDep ROOT @tsparticles/interaction-external-bubble@3.8.1 OK for: @tsparticles/slim@3.8.1 want: 3.8.1
185 silly placeDep ROOT @tsparticles/interaction-external-connect@3.8.1 OK for: @tsparticles/slim@3.8.1 want: 3.8.1
186 silly placeDep ROOT @tsparticles/interaction-external-grab@3.8.1 OK for: @tsparticles/slim@3.8.1 want: 3.8.1
187 silly placeDep ROOT @tsparticles/interaction-external-pause@3.8.1 OK for: @tsparticles/slim@3.8.1 want: 3.8.1
188 silly placeDep ROOT @tsparticles/interaction-external-push@3.8.1 OK for: @tsparticles/slim@3.8.1 want: 3.8.1
189 silly placeDep ROOT @tsparticles/interaction-external-remove@3.8.1 OK for: @tsparticles/slim@3.8.1 want: 3.8.1
190 silly placeDep ROOT @tsparticles/interaction-external-repulse@3.8.1 OK for: @tsparticles/slim@3.8.1 want: 3.8.1
191 silly placeDep ROOT @tsparticles/interaction-external-slow@3.8.1 OK for: @tsparticles/slim@3.8.1 want: 3.8.1
192 silly placeDep ROOT @tsparticles/interaction-particles-attract@3.8.1 OK for: @tsparticles/slim@3.8.1 want: 3.8.1
193 silly placeDep ROOT @tsparticles/interaction-particles-collisions@3.8.1 OK for: @tsparticles/slim@3.8.1 want: 3.8.1
194 silly placeDep ROOT @tsparticles/interaction-particles-links@3.8.1 OK for: @tsparticles/slim@3.8.1 want: 3.8.1
195 silly placeDep ROOT @tsparticles/move-parallax@3.8.1 OK for: @tsparticles/slim@3.8.1 want: 3.8.1
196 silly placeDep ROOT @tsparticles/plugin-easing-quad@3.8.1 OK for: @tsparticles/slim@3.8.1 want: 3.8.1
197 silly placeDep ROOT @tsparticles/shape-emoji@3.8.1 OK for: @tsparticles/slim@3.8.1 want: 3.8.1
198 silly placeDep ROOT @tsparticles/shape-image@3.8.1 OK for: @tsparticles/slim@3.8.1 want: 3.8.1
199 silly placeDep ROOT @tsparticles/shape-line@3.8.1 OK for: @tsparticles/slim@3.8.1 want: 3.8.1
200 silly placeDep ROOT @tsparticles/shape-polygon@3.8.1 OK for: @tsparticles/slim@3.8.1 want: 3.8.1
201 silly placeDep ROOT @tsparticles/shape-square@3.8.1 OK for: @tsparticles/slim@3.8.1 want: 3.8.1
202 silly placeDep ROOT @tsparticles/shape-star@3.8.1 OK for: @tsparticles/slim@3.8.1 want: 3.8.1
203 silly placeDep ROOT @tsparticles/updater-life@3.8.1 OK for: @tsparticles/slim@3.8.1 want: 3.8.1
204 silly placeDep ROOT @tsparticles/updater-rotate@3.8.1 OK for: @tsparticles/slim@3.8.1 want: 3.8.1
205 silly placeDep ROOT @tsparticles/updater-stroke-color@3.8.1 OK for: @tsparticles/slim@3.8.1 want: 3.8.1
206 silly fetch manifest @tsparticles/move-base@3.8.1
207 silly fetch manifest @tsparticles/plugin-hex-color@3.8.1
208 silly fetch manifest @tsparticles/plugin-hsl-color@3.8.1
209 silly fetch manifest @tsparticles/plugin-rgb-color@3.8.1
210 silly fetch manifest @tsparticles/shape-circle@3.8.1
211 silly fetch manifest @tsparticles/updater-color@3.8.1
212 silly fetch manifest @tsparticles/updater-opacity@3.8.1
213 http fetch GET 200 https://registry.npmjs.org/@tsparticles%2fupdater-color 389ms (cache updated)
214 silly fetch manifest @tsparticles/updater-out-modes@3.8.1
215 http fetch GET 200 https://registry.npmjs.org/@tsparticles%2fmove-base 514ms (cache updated)
216 silly fetch manifest @tsparticles/updater-size@3.8.1
217 http fetch GET 200 https://registry.npmjs.org/@tsparticles%2fplugin-hsl-color 518ms (cache updated)
218 http fetch GET 200 https://registry.npmjs.org/@tsparticles%2fplugin-hex-color 520ms (cache updated)
219 http fetch GET 200 https://registry.npmjs.org/@tsparticles%2fupdater-opacity 650ms (cache updated)
220 http fetch GET 200 https://registry.npmjs.org/@tsparticles%2fplugin-rgb-color 738ms (cache updated)
221 http fetch GET 200 https://registry.npmjs.org/@tsparticles%2fupdater-out-modes 346ms (cache updated)
222 http fetch GET 200 https://registry.npmjs.org/@tsparticles%2fshape-circle 757ms (cache updated)
223 http fetch GET 200 https://registry.npmjs.org/@tsparticles%2fupdater-size 444ms (cache updated)
224 silly placeDep ROOT @tsparticles/move-base@3.8.1 OK for: @tsparticles/basic@3.8.1 want: 3.8.1
225 silly placeDep ROOT @tsparticles/plugin-hex-color@3.8.1 OK for: @tsparticles/basic@3.8.1 want: 3.8.1
226 silly placeDep ROOT @tsparticles/plugin-hsl-color@3.8.1 OK for: @tsparticles/basic@3.8.1 want: 3.8.1
227 silly placeDep ROOT @tsparticles/plugin-rgb-color@3.8.1 OK for: @tsparticles/basic@3.8.1 want: 3.8.1
228 silly placeDep ROOT @tsparticles/shape-circle@3.8.1 OK for: @tsparticles/basic@3.8.1 want: 3.8.1
229 silly placeDep ROOT @tsparticles/updater-color@3.8.1 OK for: @tsparticles/basic@3.8.1 want: 3.8.1
230 silly placeDep ROOT @tsparticles/updater-opacity@3.8.1 OK for: @tsparticles/basic@3.8.1 want: 3.8.1
231 silly placeDep ROOT @tsparticles/updater-out-modes@3.8.1 OK for: @tsparticles/basic@3.8.1 want: 3.8.1
232 silly placeDep ROOT @tsparticles/updater-size@3.8.1 OK for: @tsparticles/basic@3.8.1 want: 3.8.1
233 silly placeDep ROOT tsparticles-basic@2.12.0 OK for: tsparticles-slim@2.12.0 want: ^2.12.0
234 silly placeDep ROOT tsparticles-interaction-external-attract@2.12.0 OK for: tsparticles-slim@2.12.0 want: ^2.12.0
235 silly placeDep ROOT tsparticles-interaction-external-bounce@2.12.0 OK for: tsparticles-slim@2.12.0 want: ^2.12.0
236 silly placeDep ROOT tsparticles-interaction-external-bubble@2.12.0 OK for: tsparticles-slim@2.12.0 want: ^2.12.0
237 silly placeDep ROOT tsparticles-interaction-external-connect@2.12.0 OK for: tsparticles-slim@2.12.0 want: ^2.12.0
238 silly placeDep ROOT tsparticles-interaction-external-grab@2.12.0 OK for: tsparticles-slim@2.12.0 want: ^2.12.0
239 silly placeDep ROOT tsparticles-interaction-external-pause@2.12.0 OK for: tsparticles-slim@2.12.0 want: ^2.12.0
240 silly placeDep ROOT tsparticles-interaction-external-push@2.12.0 OK for: tsparticles-slim@2.12.0 want: ^2.12.0
241 silly placeDep ROOT tsparticles-interaction-external-remove@2.12.0 OK for: tsparticles-slim@2.12.0 want: ^2.12.0
242 silly placeDep ROOT tsparticles-interaction-external-repulse@2.12.0 OK for: tsparticles-slim@2.12.0 want: ^2.12.0
243 silly placeDep ROOT tsparticles-interaction-external-slow@2.12.0 OK for: tsparticles-slim@2.12.0 want: ^2.12.0
244 silly placeDep ROOT tsparticles-interaction-particles-attract@2.12.0 OK for: tsparticles-slim@2.12.0 want: ^2.12.0
245 silly placeDep ROOT tsparticles-interaction-particles-collisions@2.12.0 OK for: tsparticles-slim@2.12.0 want: ^2.12.0
246 silly placeDep ROOT tsparticles-interaction-particles-links@2.12.0 OK for: tsparticles-slim@2.12.0 want: ^2.12.0
247 silly placeDep ROOT tsparticles-move-base@2.12.0 OK for: tsparticles-slim@2.12.0 want: ^2.12.0
248 silly placeDep ROOT tsparticles-move-parallax@2.12.0 OK for: tsparticles-slim@2.12.0 want: ^2.12.0
249 silly placeDep ROOT tsparticles-particles.js@2.12.0 OK for: tsparticles-slim@2.12.0 want: ^2.12.0
250 silly placeDep ROOT tsparticles-plugin-easing-quad@2.12.0 OK for: tsparticles-slim@2.12.0 want: ^2.12.0
251 silly placeDep ROOT tsparticles-shape-circle@2.12.0 OK for: tsparticles-slim@2.12.0 want: ^2.12.0
252 silly placeDep ROOT tsparticles-shape-image@2.12.0 OK for: tsparticles-slim@2.12.0 want: ^2.12.0
253 silly placeDep ROOT tsparticles-shape-line@2.12.0 OK for: tsparticles-slim@2.12.0 want: ^2.12.0
254 silly placeDep ROOT tsparticles-shape-polygon@2.12.0 OK for: tsparticles-slim@2.12.0 want: ^2.12.0
255 silly placeDep ROOT tsparticles-shape-square@2.12.0 OK for: tsparticles-slim@2.12.0 want: ^2.12.0
256 silly placeDep ROOT tsparticles-shape-star@2.12.0 OK for: tsparticles-slim@2.12.0 want: ^2.12.0
257 silly placeDep ROOT tsparticles-shape-text@2.12.0 OK for: tsparticles-slim@2.12.0 want: ^2.12.0
258 silly placeDep ROOT tsparticles-updater-color@2.12.0 OK for: tsparticles-slim@2.12.0 want: ^2.12.0
259 silly placeDep ROOT tsparticles-updater-life@2.12.0 OK for: tsparticles-slim@2.12.0 want: ^2.12.0
260 silly placeDep ROOT tsparticles-updater-opacity@2.12.0 OK for: tsparticles-slim@2.12.0 want: ^2.12.0
261 silly placeDep ROOT tsparticles-updater-out-modes@2.12.0 OK for: tsparticles-slim@2.12.0 want: ^2.12.0
262 silly placeDep ROOT tsparticles-updater-rotate@2.12.0 OK for: tsparticles-slim@2.12.0 want: ^2.12.0
263 silly placeDep ROOT tsparticles-updater-size@2.12.0 OK for: tsparticles-slim@2.12.0 want: ^2.12.0
264 silly placeDep ROOT tsparticles-updater-stroke-color@2.12.0 OK for: tsparticles-slim@2.12.0 want: ^2.12.0
265 silly reify moves {}
266 silly audit bulk request {
266 silly audit   '@alloc/quick-lru': [ '5.2.0' ],
266 silly audit   '@apollo/client': [ '3.13.1' ],
266 silly audit   '@babel/runtime': [ '7.26.9' ],
266 silly audit   '@emnapi/runtime': [ '1.3.1' ],
266 silly audit   '@eslint-community/eslint-utils': [ '4.4.1' ],
266 silly audit   'eslint-visitor-keys': [ '3.4.3', '4.2.0' ],
266 silly audit   '@eslint-community/regexpp': [ '4.12.1' ],
266 silly audit   '@eslint/config-array': [ '0.19.2' ],
266 silly audit   '@eslint/core': [ '0.12.0' ],
266 silly audit   '@eslint/eslintrc': [ '3.3.0' ],
266 silly audit   '@eslint/js': [ '9.21.0' ],
266 silly audit   '@eslint/object-schema': [ '2.1.6' ],
266 silly audit   '@eslint/plugin-kit': [ '0.2.7' ],
266 silly audit   '@graphql-typed-document-node/core': [ '3.2.0' ],
266 silly audit   '@humanfs/core': [ '0.19.1' ],
266 silly audit   '@humanfs/node': [ '0.16.6' ],
266 silly audit   '@humanwhocodes/retry': [ '0.3.1', '0.4.2' ],
266 silly audit   '@humanwhocodes/module-importer': [ '1.0.1' ],
266 silly audit   '@img/sharp-darwin-arm64': [ '0.33.5' ],
266 silly audit   '@img/sharp-darwin-x64': [ '0.33.5' ],
266 silly audit   '@img/sharp-libvips-darwin-arm64': [ '1.0.4' ],
266 silly audit   '@img/sharp-libvips-darwin-x64': [ '1.0.4' ],
266 silly audit   '@img/sharp-libvips-linux-arm': [ '1.0.5' ],
266 silly audit   '@img/sharp-libvips-linux-arm64': [ '1.0.4' ],
266 silly audit   '@img/sharp-libvips-linux-s390x': [ '1.0.4' ],
266 silly audit   '@img/sharp-libvips-linux-x64': [ '1.0.4' ],
266 silly audit   '@img/sharp-libvips-linuxmusl-arm64': [ '1.0.4' ],
266 silly audit   '@img/sharp-libvips-linuxmusl-x64': [ '1.0.4' ],
266 silly audit   '@img/sharp-linux-arm': [ '0.33.5' ],
266 silly audit   '@img/sharp-linux-arm64': [ '0.33.5' ],
266 silly audit   '@img/sharp-linux-s390x': [ '0.33.5' ],
266 silly audit   '@img/sharp-linux-x64': [ '0.33.5' ],
266 silly audit   '@img/sharp-linuxmusl-arm64': [ '0.33.5' ],
266 silly audit   '@img/sharp-linuxmusl-x64': [ '0.33.5' ],
266 silly audit   '@img/sharp-wasm32': [ '0.33.5' ],
266 silly audit   '@img/sharp-win32-ia32': [ '0.33.5' ],
266 silly audit   '@img/sharp-win32-x64': [ '0.33.5' ],
266 silly audit   '@isaacs/cliui': [ '8.0.2' ],
266 silly audit   '@jridgewell/gen-mapping': [ '0.3.8' ],
266 silly audit   '@jridgewell/resolve-uri': [ '3.1.2' ],
266 silly audit   '@jridgewell/set-array': [ '1.2.1' ],
266 silly audit   '@jridgewell/sourcemap-codec': [ '1.5.0' ],
266 silly audit   '@jridgewell/trace-mapping': [ '0.3.25' ],
266 silly audit   '@next/env': [ '15.1.7' ],
266 silly audit   '@next/eslint-plugin-next': [ '15.1.7' ],
266 silly audit   '@next/swc-darwin-arm64': [ '15.1.7' ],
266 silly audit   '@next/swc-darwin-x64': [ '15.1.7' ],
266 silly audit   '@next/swc-linux-arm64-gnu': [ '15.1.7' ],
266 silly audit   '@next/swc-linux-arm64-musl': [ '15.1.7' ],
266 silly audit   '@next/swc-linux-x64-gnu': [ '15.1.7' ],
266 silly audit   '@next/swc-linux-x64-musl': [ '15.1.7' ],
266 silly audit   '@next/swc-win32-arm64-msvc': [ '15.1.7' ],
266 silly audit   '@next/swc-win32-x64-msvc': [ '15.1.7' ],
266 silly audit   '@nodelib/fs.scandir': [ '2.1.5' ],
266 silly audit   '@nodelib/fs.stat': [ '2.0.5' ],
266 silly audit   '@nodelib/fs.walk': [ '1.2.8' ],
266 silly audit   '@nolyfill/is-core-module': [ '1.0.39' ],
266 silly audit   '@pkgjs/parseargs': [ '0.11.0' ],
266 silly audit   '@rtsao/scc': [ '1.1.0' ],
266 silly audit   '@rushstack/eslint-patch': [ '1.10.5' ],
266 silly audit   '@swc/counter': [ '0.1.3' ],
266 silly audit   '@swc/helpers': [ '0.5.15' ],
266 silly audit   '@types/d3-array': [ '3.2.1' ],
266 silly audit   '@types/d3-color': [ '3.1.3' ],
266 silly audit   '@types/d3-ease': [ '3.0.2' ],
266 silly audit   '@types/d3-interpolate': [ '3.0.4' ],
266 silly audit   '@types/d3-path': [ '3.1.1' ],
266 silly audit   '@types/d3-scale': [ '4.0.9' ],
266 silly audit   '@types/d3-shape': [ '3.1.7' ],
266 silly audit   '@types/d3-time': [ '3.0.4' ],
266 silly audit   '@types/d3-timer': [ '3.0.2' ],
266 silly audit   '@types/estree': [ '1.0.6' ],
266 silly audit   '@types/json-schema': [ '7.0.15' ],
266 silly audit   '@types/json5': [ '0.0.29' ],
266 silly audit   '@types/node': [ '20.17.19' ],
266 silly audit   '@types/react': [ '19.0.10' ],
266 silly audit   '@types/react-dom': [ '19.0.4' ],
266 silly audit   '@typescript-eslint/eslint-plugin': [ '8.24.1' ],
266 silly audit   '@typescript-eslint/parser': [ '8.24.1' ],
266 silly audit   '@typescript-eslint/scope-manager': [ '8.24.1' ],
266 silly audit   '@typescript-eslint/type-utils': [ '8.24.1' ],
266 silly audit   '@typescript-eslint/types': [ '8.24.1' ],
266 silly audit   '@typescript-eslint/typescript-estree': [ '8.24.1' ],
266 silly audit   'brace-expansion': [ '2.0.1', '1.1.11' ],
266 silly audit   'fast-glob': [ '3.3.3', '3.3.1' ],
266 silly audit   'glob-parent': [ '5.1.2', '6.0.2' ],
266 silly audit   minimatch: [ '9.0.5', '3.1.2' ],
266 silly audit   '@typescript-eslint/utils': [ '8.24.1' ],
266 silly audit   '@typescript-eslint/visitor-keys': [ '8.24.1' ],
266 silly audit   '@wry/caches': [ '1.0.1' ],
266 silly audit   '@wry/context': [ '0.7.4' ],
266 silly audit   '@wry/equality': [ '0.5.7' ],
266 silly audit   '@wry/trie': [ '0.5.0' ],
266 silly audit   acorn: [ '8.14.0' ],
266 silly audit   'acorn-jsx': [ '5.3.2' ],
266 silly audit   ajv: [ '6.12.6' ],
266 silly audit   'ansi-regex': [ '6.1.0', '5.0.1' ],
266 silly audit   'ansi-styles': [ '4.3.0', '6.2.1' ],
266 silly audit   'any-promise': [ '1.3.0' ],
266 silly audit   anymatch: [ '3.1.3' ],
266 silly audit   arg: [ '5.0.2' ],
266 silly audit   argparse: [ '2.0.1' ],
266 silly audit   'aria-query': [ '5.3.2' ],
266 silly audit   'array-buffer-byte-length': [ '1.0.2' ],
266 silly audit   'array-includes': [ '3.1.8' ],
266 silly audit   'array.prototype.findlast': [ '1.2.5' ],
266 silly audit   'array.prototype.findlastindex': [ '1.2.5' ],
266 silly audit   'array.prototype.flat': [ '1.3.3' ],
266 silly audit   'array.prototype.flatmap': [ '1.3.3' ],
266 silly audit   'array.prototype.tosorted': [ '1.1.4' ],
266 silly audit   'arraybuffer.prototype.slice': [ '1.0.4' ],
266 silly audit   'ast-types-flow': [ '0.0.8' ],
266 silly audit   'async-function': [ '1.0.0' ],
266 silly audit   'available-typed-arrays': [ '1.0.7' ],
266 silly audit   'axe-core': [ '4.10.2' ],
266 silly audit   'axobject-query': [ '4.1.0' ],
266 silly audit   'balanced-match': [ '1.0.2' ],
266 silly audit   'binary-extensions': [ '2.3.0' ],
266 silly audit   braces: [ '3.0.3' ],
266 silly audit   busboy: [ '1.6.0' ],
266 silly audit   'call-bind': [ '1.0.8' ],
266 silly audit   'call-bind-apply-helpers': [ '1.0.2' ],
266 silly audit   'call-bound': [ '1.0.3' ],
266 silly audit   callsites: [ '3.1.0' ],
266 silly audit   'camelcase-css': [ '2.0.1' ],
266 silly audit   'caniuse-lite': [ '1.0.30001700' ],
266 silly audit   chalk: [ '4.1.2' ],
266 silly audit   chokidar: [ '3.6.0' ],
266 silly audit   'client-only': [ '0.0.1' ],
266 silly audit   clsx: [ '2.1.1' ],
266 silly audit   color: [ '4.2.3' ],
266 silly audit   'color-convert': [ '2.0.1' ],
266 silly audit   'color-name': [ '1.1.4' ],
266 silly audit   'color-string': [ '1.9.1' ],
266 silly audit   commander: [ '4.1.1' ],
266 silly audit   'concat-map': [ '0.0.1' ],
266 silly audit   'cross-spawn': [ '7.0.6' ],
266 silly audit   cssesc: [ '3.0.0' ],
266 silly audit   csstype: [ '3.1.3' ],
266 silly audit   'd3-array': [ '3.2.4' ],
266 silly audit   'd3-color': [ '3.1.0' ],
266 silly audit   'd3-ease': [ '3.0.1' ],
266 silly audit   'd3-format': [ '3.1.0' ],
266 silly audit   'd3-interpolate': [ '3.0.1' ],
266 silly audit   'd3-path': [ '3.1.0' ],
266 silly audit   'd3-scale': [ '4.0.2' ],
266 silly audit   'd3-shape': [ '3.2.0' ],
266 silly audit   'd3-time': [ '3.1.0' ],
266 silly audit   'd3-time-format': [ '4.1.0' ],
266 silly audit   'd3-timer': [ '3.0.1' ],
266 silly audit   'damerau-levenshtein': [ '1.0.8' ],
266 silly audit   'data-view-buffer': [ '1.0.2' ],
266 silly audit   'data-view-byte-length': [ '1.0.2' ],
266 silly audit   'data-view-byte-offset': [ '1.0.1' ],
266 silly audit   debug: [ '4.4.0', '3.2.7' ],
266 silly audit   'decimal.js-light': [ '2.5.1' ],
266 silly audit   'deep-is': [ '0.1.4' ],
266 silly audit   'define-data-property': [ '1.1.4' ],
266 silly audit   'define-properties': [ '1.2.1' ],
266 silly audit   'detect-libc': [ '2.0.3' ],
266 silly audit   didyoumean: [ '1.2.2' ],
266 silly audit   dlv: [ '1.1.3' ],
266 silly audit   doctrine: [ '2.1.0' ],
266 silly audit   'dom-helpers': [ '5.2.1' ],
266 silly audit   'dunder-proto': [ '1.0.1' ],
266 silly audit   eastasianwidth: [ '0.2.0' ],
266 silly audit   'emoji-regex': [ '9.2.2', '8.0.0' ],
266 silly audit   'enhanced-resolve': [ '5.18.1' ],
266 silly audit   'es-abstract': [ '1.23.9' ],
266 silly audit   'es-define-property': [ '1.0.1' ],
266 silly audit   'es-errors': [ '1.3.0' ],
266 silly audit   'es-iterator-helpers': [ '1.2.1' ],
266 silly audit   'es-object-atoms': [ '1.1.1' ],
266 silly audit   'es-set-tostringtag': [ '2.1.0' ],
266 silly audit   'es-shim-unscopables': [ '1.1.0' ],
266 silly audit   'es-to-primitive': [ '1.3.0' ],
266 silly audit   'escape-string-regexp': [ '4.0.0' ],
266 silly audit   eslint: [ '9.21.0' ],
266 silly audit   'eslint-config-next': [ '15.1.7' ],
266 silly audit   'eslint-import-resolver-node': [ '0.3.9' ],
266 silly audit   'eslint-import-resolver-typescript': [ '3.8.3' ],
266 silly audit   'eslint-module-utils': [ '2.12.0' ],
266 silly audit   'eslint-plugin-import': [ '2.31.0' ],
266 silly audit   semver: [ '6.3.1', '7.7.1' ],
266 silly audit   'eslint-plugin-jsx-a11y': [ '6.10.2' ],
266 silly audit   'eslint-plugin-react': [ '7.37.4' ],
266 silly audit   'eslint-plugin-react-hooks': [ '5.1.0' ],
266 silly audit   resolve: [ '2.0.0-next.5', '1.22.10' ],
266 silly audit   'eslint-scope': [ '8.2.0' ],
266 silly audit   espree: [ '10.3.0' ],
266 silly audit   esquery: [ '1.6.0' ],
266 silly audit   esrecurse: [ '4.3.0' ],
266 silly audit   estraverse: [ '5.3.0' ],
266 silly audit   esutils: [ '2.0.3' ],
266 silly audit   eventemitter3: [ '4.0.7' ],
266 silly audit   'fast-deep-equal': [ '3.1.3' ],
266 silly audit   'fast-equals': [ '5.2.2' ],
266 silly audit   'fast-json-stable-stringify': [ '2.1.0' ],
266 silly audit   'fast-levenshtein': [ '2.0.6' ],
266 silly audit   fastq: [ '1.19.0' ],
266 silly audit   'file-entry-cache': [ '8.0.0' ],
266 silly audit   'fill-range': [ '7.1.1' ],
266 silly audit   'find-up': [ '5.0.0' ],
266 silly audit   'flat-cache': [ '4.0.1' ],
266 silly audit   flatted: [ '3.3.3' ],
266 silly audit   'for-each': [ '0.3.5' ],
266 silly audit   'foreground-child': [ '3.3.0' ],
266 silly audit   fsevents: [ '2.3.3' ],
266 silly audit   'function-bind': [ '1.1.2' ],
266 silly audit   'function.prototype.name': [ '1.1.8' ],
266 silly audit   'functions-have-names': [ '1.2.3' ],
266 silly audit   'get-intrinsic': [ '1.2.7' ],
266 silly audit   'get-proto': [ '1.0.1' ],
266 silly audit   'get-symbol-description': [ '1.1.0' ],
266 silly audit   'get-tsconfig': [ '4.10.0' ],
266 silly audit   glob: [ '10.4.5' ],
266 silly audit   globals: [ '14.0.0' ],
266 silly audit   globalthis: [ '1.0.4' ],
266 silly audit   gopd: [ '1.2.0' ],
266 silly audit   'graceful-fs': [ '4.2.11' ],
266 silly audit   graphemer: [ '1.4.0' ],
266 silly audit   graphql: [ '16.10.0' ],
266 silly audit   'graphql-tag': [ '2.12.6' ],
266 silly audit   'has-bigints': [ '1.1.0' ],
266 silly audit   'has-flag': [ '4.0.0' ],
266 silly audit   'has-property-descriptors': [ '1.0.2' ],
266 silly audit   'has-proto': [ '1.2.0' ],
266 silly audit   'has-symbols': [ '1.1.0' ],
266 silly audit   'has-tostringtag': [ '1.0.2' ],
266 silly audit   hasown: [ '2.0.2' ],
266 silly audit   'hoist-non-react-statics': [ '3.3.2' ],
266 silly audit   ignore: [ '5.3.2' ],
266 silly audit   'import-fresh': [ '3.3.1' ],
266 silly audit   imurmurhash: [ '0.1.4' ],
266 silly audit   'internal-slot': [ '1.1.0' ],
266 silly audit   internmap: [ '2.0.3' ],
266 silly audit   'is-array-buffer': [ '3.0.5' ],
266 silly audit   'is-arrayish': [ '0.3.2' ],
266 silly audit   'is-async-function': [ '2.1.1' ],
266 silly audit   'is-bigint': [ '1.1.0' ],
266 silly audit   'is-binary-path': [ '2.1.0' ],
266 silly audit   'is-boolean-object': [ '1.2.2' ],
266 silly audit   'is-bun-module': [ '1.3.0' ],
266 silly audit   'is-callable': [ '1.2.7' ],
266 silly audit   'is-core-module': [ '2.16.1' ],
266 silly audit   'is-data-view': [ '1.0.2' ],
266 silly audit   'is-date-object': [ '1.1.0' ],
266 silly audit   'is-extglob': [ '2.1.1' ],
266 silly audit   'is-finalizationregistry': [ '1.1.1' ],
266 silly audit   'is-fullwidth-code-point': [ '3.0.0' ],
266 silly audit   'is-generator-function': [ '1.1.0' ],
266 silly audit   'is-glob': [ '4.0.3' ],
266 silly audit   'is-map': [ '2.0.3' ],
266 silly audit   'is-number': [ '7.0.0' ],
266 silly audit   'is-number-object': [ '1.1.1' ],
266 silly audit   'is-regex': [ '1.2.1' ],
266 silly audit   'is-set': [ '2.0.3' ],
266 silly audit   'is-shared-array-buffer': [ '1.0.4' ],
266 silly audit   'is-string': [ '1.1.1' ],
266 silly audit   'is-symbol': [ '1.1.1' ],
266 silly audit   'is-typed-array': [ '1.1.15' ],
266 silly audit   'is-weakmap': [ '2.0.2' ],
266 silly audit   'is-weakref': [ '1.1.1' ],
266 silly audit   'is-weakset': [ '2.0.4' ],
266 silly audit   isarray: [ '2.0.5' ],
266 silly audit   isexe: [ '2.0.0' ],
266 silly audit   'iterator.prototype': [ '1.1.5' ],
266 silly audit   jackspeak: [ '3.4.3' ],
266 silly audit   jiti: [ '1.21.7' ],
266 silly audit   'js-tokens': [ '4.0.0' ],
266 silly audit   'js-yaml': [ '4.1.0' ],
266 silly audit   'json-buffer': [ '3.0.1' ],
266 silly audit   'json-schema-traverse': [ '0.4.1' ],
266 silly audit   'json-stable-stringify-without-jsonify': [ '1.0.1' ],
266 silly audit   json5: [ '1.0.2' ],
266 silly audit   'jsx-ast-utils': [ '3.3.5' ],
266 silly audit   'jwt-decode': [ '4.0.0' ],
266 silly audit   keyv: [ '4.5.4' ],
266 silly audit   'language-subtag-registry': [ '0.3.23' ],
266 silly audit   'language-tags': [ '1.0.9' ],
266 silly audit   levn: [ '0.4.1' ],
266 silly audit   lilconfig: [ '3.1.3' ],
266 silly audit   'lines-and-columns': [ '1.2.4' ],
266 silly audit   'locate-path': [ '6.0.0' ],
266 silly audit   lodash: [ '4.17.21' ],
266 silly audit   'lodash.merge': [ '4.6.2' ],
266 silly audit   'loose-envify': [ '1.4.0' ],
266 silly audit   'lru-cache': [ '10.4.3' ],
266 silly audit   'math-intrinsics': [ '1.1.0' ],
266 silly audit   merge2: [ '1.4.1' ],
266 silly audit   micromatch: [ '4.0.8' ],
266 silly audit   minimist: [ '1.2.8' ],
266 silly audit   minipass: [ '7.1.2' ],
266 silly audit   ms: [ '2.1.3' ],
266 silly audit   mz: [ '2.7.0' ],
266 silly audit   nanoid: [ '3.3.8' ],
266 silly audit   'natural-compare': [ '1.4.0' ],
266 silly audit   next: [ '15.1.7' ],
266 silly audit   postcss: [ '8.4.31', '8.5.3' ],
266 silly audit   'normalize-path': [ '3.0.0' ],
266 silly audit   'object-assign': [ '4.1.1' ],
266 silly audit   'object-hash': [ '3.0.0' ],
266 silly audit   'object-inspect': [ '1.13.4' ],
266 silly audit   'object-keys': [ '1.1.1' ],
266 silly audit   'object.assign': [ '4.1.7' ],
266 silly audit   'object.entries': [ '1.1.8' ],
266 silly audit   'object.fromentries': [ '2.0.8' ],
266 silly audit   'object.groupby': [ '1.0.3' ],
266 silly audit   'object.values': [ '1.2.1' ],
266 silly audit   optimism: [ '0.18.1' ],
266 silly audit   optionator: [ '0.9.4' ],
266 silly audit   'own-keys': [ '1.0.1' ],
266 silly audit   'p-limit': [ '3.1.0' ],
266 silly audit   'p-locate': [ '5.0.0' ],
266 silly audit   'package-json-from-dist': [ '1.0.1' ],
266 silly audit   'parent-module': [ '1.0.1' ],
266 silly audit   'path-exists': [ '4.0.0' ],
266 silly audit   'path-key': [ '3.1.1' ],
266 silly audit   'path-parse': [ '1.0.7' ],
266 silly audit   'path-scurry': [ '1.11.1' ],
266 silly audit   picocolors: [ '1.1.1' ],
266 silly audit   picomatch: [ '2.3.1', '4.0.2' ],
266 silly audit   pify: [ '2.3.0' ],
266 silly audit   pirates: [ '4.0.6' ],
266 silly audit   'possible-typed-array-names': [ '1.1.0' ],
266 silly audit   'postcss-import': [ '15.1.0' ],
266 silly audit   'postcss-js': [ '4.0.1' ],
266 silly audit   'postcss-load-config': [ '4.0.2' ],
266 silly audit   'postcss-nested': [ '6.2.0' ],
266 silly audit   'postcss-selector-parser': [ '6.1.2' ],
266 silly audit   'postcss-value-parser': [ '4.2.0' ],
266 silly audit   'prelude-ls': [ '1.2.1' ],
266 silly audit   'prop-types': [ '15.8.1' ],
266 silly audit   punycode: [ '2.3.1' ],
266 silly audit   'queue-microtask': [ '1.2.3' ],
266 silly audit   react: [ '19.0.0' ],
266 silly audit   'react-dom': [ '19.0.0' ],
266 silly audit   'react-is': [ '16.13.1', '18.3.1' ],
266 silly audit   'react-smooth': [ '4.0.4' ],
266 silly audit   'react-transition-group': [ '4.4.5' ],
266 silly audit   'read-cache': [ '1.0.0' ],
266 silly audit   readdirp: [ '3.6.0' ],
266 silly audit   recharts: [ '2.15.1' ],
266 silly audit   'recharts-scale': [ '0.4.5' ],
266 silly audit   'reflect.getprototypeof': [ '1.0.10' ],
266 silly audit   'regenerator-runtime': [ '0.14.1' ],
266 silly audit   'regexp.prototype.flags': [ '1.5.4' ],
266 silly audit   rehackt: [ '0.1.0' ],
266 silly audit   'resolve-from': [ '4.0.0' ],
266 silly audit   'resolve-pkg-maps': [ '1.0.0' ],
266 silly audit   reusify: [ '1.0.4' ],
266 silly audit   'run-parallel': [ '1.2.0' ],
266 silly audit   'safe-array-concat': [ '1.1.3' ],
266 silly audit   'safe-push-apply': [ '1.0.0' ],
266 silly audit   'safe-regex-test': [ '1.1.0' ],
266 silly audit   scheduler: [ '0.25.0' ],
266 silly audit   'set-function-length': [ '1.2.2' ],
266 silly audit   'set-function-name': [ '2.0.2' ],
266 silly audit   'set-proto': [ '1.0.0' ],
266 silly audit   sharp: [ '0.33.5' ],
266 silly audit   'shebang-command': [ '2.0.0' ],
266 silly audit   'shebang-regex': [ '3.0.0' ],
266 silly audit   'side-channel': [ '1.1.0' ],
266 silly audit   'side-channel-list': [ '1.0.0' ],
266 silly audit   'side-channel-map': [ '1.0.1' ],
266 silly audit   'side-channel-weakmap': [ '1.0.2' ],
266 silly audit   'signal-exit': [ '4.1.0' ],
266 silly audit   'simple-swizzle': [ '0.2.2' ],
266 silly audit   'source-map-js': [ '1.2.1' ],
266 silly audit   'stable-hash': [ '0.0.4' ],
266 silly audit   streamsearch: [ '1.1.0' ],
266 silly audit   'string-width': [ '5.1.2', '4.2.3' ],
266 silly audit   'strip-ansi': [ '6.0.1', '7.1.0' ],
266 silly audit   'string.prototype.includes': [ '2.0.1' ],
266 silly audit   'string.prototype.matchall': [ '4.0.12' ],
266 silly audit   'string.prototype.repeat': [ '1.0.0' ],
266 silly audit   'string.prototype.trim': [ '1.2.10' ],
266 silly audit   'string.prototype.trimend': [ '1.0.9' ],
266 silly audit   'string.prototype.trimstart': [ '1.0.8' ],
266 silly audit   'strip-bom': [ '3.0.0' ],
266 silly audit   'strip-json-comments': [ '3.1.1' ],
266 silly audit   'styled-jsx': [ '5.1.6' ],
266 silly audit   sucrase: [ '3.35.0' ],
266 silly audit   'supports-color': [ '7.2.0' ],
266 silly audit   'supports-preserve-symlinks-flag': [ '1.0.0' ],
266 silly audit   'symbol-observable': [ '4.0.0' ],
266 silly audit   tailwindcss: [ '3.4.17' ],
266 silly audit   tapable: [ '2.2.1' ],
266 silly audit   thenify: [ '3.3.1' ],
266 silly audit   'thenify-all': [ '1.6.0' ],
266 silly audit   'tiny-invariant': [ '1.3.3' ],
266 silly audit   tinyglobby: [ '0.2.12' ],
266 silly audit   fdir: [ '6.4.3' ],
266 silly audit   'to-regex-range': [ '5.0.1' ],
266 silly audit   'ts-api-utils': [ '2.0.1' ],
266 silly audit   'ts-interface-checker': [ '0.1.13' ],
266 silly audit   'ts-invariant': [ '0.10.3' ],
266 silly audit   'tsconfig-paths': [ '3.15.0' ],
266 silly audit   tslib: [ '2.8.1' ],
266 silly audit   'type-check': [ '0.4.0' ],
266 silly audit   'typed-array-buffer': [ '1.0.3' ],
266 silly audit   'typed-array-byte-length': [ '1.0.3' ],
266 silly audit   'typed-array-byte-offset': [ '1.0.4' ],
266 silly audit   'typed-array-length': [ '1.0.7' ],
266 silly audit   typescript: [ '5.7.3' ],
266 silly audit   'unbox-primitive': [ '1.1.0' ],
266 silly audit   'undici-types': [ '6.19.8' ],
266 silly audit   'uri-js': [ '4.4.1' ],
266 silly audit   'util-deprecate': [ '1.0.2' ],
266 silly audit   'victory-vendor': [ '36.9.2' ],
266 silly audit   which: [ '2.0.2' ],
266 silly audit   'which-boxed-primitive': [ '1.1.1' ],
266 silly audit   'which-builtin-type': [ '1.2.1' ],
266 silly audit   'which-collection': [ '1.0.2' ],
266 silly audit   'which-typed-array': [ '1.1.18' ],
266 silly audit   'word-wrap': [ '1.2.5' ],
266 silly audit   'wrap-ansi': [ '8.1.0', '7.0.0' ],
266 silly audit   yaml: [ '2.7.0' ],
266 silly audit   'yocto-queue': [ '0.1.0' ],
266 silly audit   'zen-observable': [ '0.8.15' ],
266 silly audit   'zen-observable-ts': [ '1.2.5' ],
266 silly audit   'react-particles': [ '2.12.2' ],
266 silly audit   tsparticles: [ '3.8.1' ],
266 silly audit   'tsparticles-slim': [ '2.12.0' ],
266 silly audit   'tsparticles-engine': [ '2.12.0' ],
266 silly audit   '@tsparticles/engine': [ '3.8.1' ],
266 silly audit   '@tsparticles/interaction-external-trail': [ '3.8.1' ],
266 silly audit   '@tsparticles/plugin-absorbers': [ '3.8.1' ],
266 silly audit   '@tsparticles/plugin-emitters': [ '3.8.1' ],
266 silly audit   '@tsparticles/plugin-emitters-shape-circle': [ '3.8.1' ],
266 silly audit   '@tsparticles/plugin-emitters-shape-square': [ '3.8.1' ],
266 silly audit   '@tsparticles/shape-text': [ '3.8.1' ],
266 silly audit   '@tsparticles/slim': [ '3.8.1' ],
266 silly audit   '@tsparticles/updater-destroy': [ '3.8.1' ],
266 silly audit   '@tsparticles/updater-roll': [ '3.8.1' ],
266 silly audit   '@tsparticles/updater-tilt': [ '3.8.1' ],
266 silly audit   '@tsparticles/updater-twinkle': [ '3.8.1' ],
266 silly audit   '@tsparticles/updater-wobble': [ '3.8.1' ],
266 silly audit   '@tsparticles/basic': [ '3.8.1' ],
266 silly audit   '@tsparticles/interaction-external-attract': [ '3.8.1' ],
266 silly audit   '@tsparticles/interaction-external-bounce': [ '3.8.1' ],
266 silly audit   '@tsparticles/interaction-external-bubble': [ '3.8.1' ],
266 silly audit   '@tsparticles/interaction-external-connect': [ '3.8.1' ],
266 silly audit   '@tsparticles/interaction-external-grab': [ '3.8.1' ],
266 silly audit   '@tsparticles/interaction-external-pause': [ '3.8.1' ],
266 silly audit   '@tsparticles/interaction-external-push': [ '3.8.1' ],
266 silly audit   '@tsparticles/interaction-external-remove': [ '3.8.1' ],
266 silly audit   '@tsparticles/interaction-external-repulse': [ '3.8.1' ],
266 silly audit   '@tsparticles/interaction-external-slow': [ '3.8.1' ],
266 silly audit   '@tsparticles/interaction-particles-attract': [ '3.8.1' ],
266 silly audit   '@tsparticles/interaction-particles-collisions': [ '3.8.1' ],
266 silly audit   '@tsparticles/interaction-particles-links': [ '3.8.1' ],
266 silly audit   '@tsparticles/move-parallax': [ '3.8.1' ],
266 silly audit   '@tsparticles/plugin-easing-quad': [ '3.8.1' ],
266 silly audit   '@tsparticles/shape-emoji': [ '3.8.1' ],
266 silly audit   '@tsparticles/shape-image': [ '3.8.1' ],
266 silly audit   '@tsparticles/shape-line': [ '3.8.1' ],
266 silly audit   '@tsparticles/shape-polygon': [ '3.8.1' ],
266 silly audit   '@tsparticles/shape-square': [ '3.8.1' ],
266 silly audit   '@tsparticles/shape-star': [ '3.8.1' ],
266 silly audit   '@tsparticles/updater-life': [ '3.8.1' ],
266 silly audit   '@tsparticles/updater-rotate': [ '3.8.1' ],
266 silly audit   '@tsparticles/updater-stroke-color': [ '3.8.1' ],
266 silly audit   '@tsparticles/move-base': [ '3.8.1' ],
266 silly audit   '@tsparticles/plugin-hex-color': [ '3.8.1' ],
266 silly audit   '@tsparticles/plugin-hsl-color': [ '3.8.1' ],
266 silly audit   '@tsparticles/plugin-rgb-color': [ '3.8.1' ],
266 silly audit   '@tsparticles/shape-circle': [ '3.8.1' ],
266 silly audit   '@tsparticles/updater-color': [ '3.8.1' ],
266 silly audit   '@tsparticles/updater-opacity': [ '3.8.1' ],
266 silly audit   '@tsparticles/updater-out-modes': [ '3.8.1' ],
266 silly audit   '@tsparticles/updater-size': [ '3.8.1' ],
266 silly audit   'tsparticles-basic': [ '2.12.0' ],
266 silly audit   'tsparticles-interaction-external-attract': [ '2.12.0' ],
266 silly audit   'tsparticles-interaction-external-bounce': [ '2.12.0' ],
266 silly audit   'tsparticles-interaction-external-bubble': [ '2.12.0' ],
266 silly audit   'tsparticles-interaction-external-connect': [ '2.12.0' ],
266 silly audit   'tsparticles-interaction-external-grab': [ '2.12.0' ],
266 silly audit   'tsparticles-interaction-external-pause': [ '2.12.0' ],
266 silly audit   'tsparticles-interaction-external-push': [ '2.12.0' ],
266 silly audit   'tsparticles-interaction-external-remove': [ '2.12.0' ],
266 silly audit   'tsparticles-interaction-external-repulse': [ '2.12.0' ],
266 silly audit   'tsparticles-interaction-external-slow': [ '2.12.0' ],
266 silly audit   'tsparticles-interaction-particles-attract': [ '2.12.0' ],
266 silly audit   'tsparticles-interaction-particles-collisions': [ '2.12.0' ],
266 silly audit   'tsparticles-interaction-particles-links': [ '2.12.0' ],
266 silly audit   'tsparticles-move-base': [ '2.12.0' ],
266 silly audit   'tsparticles-move-parallax': [ '2.12.0' ],
266 silly audit   'tsparticles-particles.js': [ '2.12.0' ],
266 silly audit   'tsparticles-plugin-easing-quad': [ '2.12.0' ],
266 silly audit   'tsparticles-shape-circle': [ '2.12.0' ],
266 silly audit   'tsparticles-shape-image': [ '2.12.0' ],
266 silly audit   'tsparticles-shape-line': [ '2.12.0' ],
266 silly audit   'tsparticles-shape-polygon': [ '2.12.0' ],
266 silly audit   'tsparticles-shape-square': [ '2.12.0' ],
266 silly audit   'tsparticles-shape-star': [ '2.12.0' ],
266 silly audit   'tsparticles-shape-text': [ '2.12.0' ],
266 silly audit   'tsparticles-updater-color': [ '2.12.0' ],
266 silly audit   'tsparticles-updater-life': [ '2.12.0' ],
266 silly audit   'tsparticles-updater-opacity': [ '2.12.0' ],
266 silly audit   'tsparticles-updater-out-modes': [ '2.12.0' ],
266 silly audit   'tsparticles-updater-rotate': [ '2.12.0' ],
266 silly audit   'tsparticles-updater-size': [ '2.12.0' ],
266 silly audit   'tsparticles-updater-stroke-color': [ '2.12.0' ]
266 silly audit }
267 verbose reify failed optional dependency C:\Users\Zahra\graphql3\node_modules\fsevents
268 silly reify mark deleted [ 'C:\\Users\\Zahra\\graphql3\\node_modules\\fsevents' ]
269 verbose reify failed optional dependency C:\Users\Zahra\graphql3\node_modules\@next\swc-win32-arm64-msvc
270 silly reify mark deleted [
270 silly reify   'C:\\Users\\Zahra\\graphql3\\node_modules\\@next\\swc-win32-arm64-msvc'
270 silly reify ]
271 verbose reify failed optional dependency C:\Users\Zahra\graphql3\node_modules\@next\swc-linux-x64-musl
272 silly reify mark deleted [
272 silly reify   'C:\\Users\\Zahra\\graphql3\\node_modules\\@next\\swc-linux-x64-musl'
272 silly reify ]
273 verbose reify failed optional dependency C:\Users\Zahra\graphql3\node_modules\@next\swc-linux-x64-gnu
274 silly reify mark deleted [
274 silly reify   'C:\\Users\\Zahra\\graphql3\\node_modules\\@next\\swc-linux-x64-gnu'
274 silly reify ]
275 verbose reify failed optional dependency C:\Users\Zahra\graphql3\node_modules\@next\swc-linux-arm64-musl
276 silly reify mark deleted [
276 silly reify   'C:\\Users\\Zahra\\graphql3\\node_modules\\@next\\swc-linux-arm64-musl'
276 silly reify ]
277 verbose reify failed optional dependency C:\Users\Zahra\graphql3\node_modules\@next\swc-linux-arm64-gnu
278 silly reify mark deleted [
278 silly reify   'C:\\Users\\Zahra\\graphql3\\node_modules\\@next\\swc-linux-arm64-gnu'
278 silly reify ]
279 verbose reify failed optional dependency C:\Users\Zahra\graphql3\node_modules\@next\swc-darwin-x64
280 silly reify mark deleted [ 'C:\\Users\\Zahra\\graphql3\\node_modules\\@next\\swc-darwin-x64' ]
281 verbose reify failed optional dependency C:\Users\Zahra\graphql3\node_modules\@next\swc-darwin-arm64
282 silly reify mark deleted [ 'C:\\Users\\Zahra\\graphql3\\node_modules\\@next\\swc-darwin-arm64' ]
283 verbose reify failed optional dependency C:\Users\Zahra\graphql3\node_modules\@img\sharp-win32-ia32
284 silly reify mark deleted [ 'C:\\Users\\Zahra\\graphql3\\node_modules\\@img\\sharp-win32-ia32' ]
285 verbose reify failed optional dependency C:\Users\Zahra\graphql3\node_modules\@img\sharp-wasm32
286 silly reify mark deleted [ 'C:\\Users\\Zahra\\graphql3\\node_modules\\@img\\sharp-wasm32' ]
287 verbose reify failed optional dependency C:\Users\Zahra\graphql3\node_modules\@emnapi\runtime
288 silly reify mark deleted [ 'C:\\Users\\Zahra\\graphql3\\node_modules\\@emnapi\\runtime' ]
289 verbose reify failed optional dependency C:\Users\Zahra\graphql3\node_modules\@img\sharp-linuxmusl-x64
290 silly reify mark deleted [
290 silly reify   'C:\\Users\\Zahra\\graphql3\\node_modules\\@img\\sharp-linuxmusl-x64'
290 silly reify ]
291 verbose reify failed optional dependency C:\Users\Zahra\graphql3\node_modules\@img\sharp-linuxmusl-arm64
292 silly reify mark deleted [
292 silly reify   'C:\\Users\\Zahra\\graphql3\\node_modules\\@img\\sharp-linuxmusl-arm64'
292 silly reify ]
293 verbose reify failed optional dependency C:\Users\Zahra\graphql3\node_modules\@img\sharp-linux-x64
294 silly reify mark deleted [ 'C:\\Users\\Zahra\\graphql3\\node_modules\\@img\\sharp-linux-x64' ]
295 verbose reify failed optional dependency C:\Users\Zahra\graphql3\node_modules\@img\sharp-linux-s390x
296 silly reify mark deleted [ 'C:\\Users\\Zahra\\graphql3\\node_modules\\@img\\sharp-linux-s390x' ]
297 verbose reify failed optional dependency C:\Users\Zahra\graphql3\node_modules\@img\sharp-linux-arm64
298 silly reify mark deleted [ 'C:\\Users\\Zahra\\graphql3\\node_modules\\@img\\sharp-linux-arm64' ]
299 verbose reify failed optional dependency C:\Users\Zahra\graphql3\node_modules\@img\sharp-linux-arm
300 silly reify mark deleted [ 'C:\\Users\\Zahra\\graphql3\\node_modules\\@img\\sharp-linux-arm' ]
301 verbose reify failed optional dependency C:\Users\Zahra\graphql3\node_modules\@img\sharp-libvips-linuxmusl-x64
302 silly reify mark deleted [
302 silly reify   'C:\\Users\\Zahra\\graphql3\\node_modules\\@img\\sharp-libvips-linuxmusl-x64'
302 silly reify ]
303 verbose reify failed optional dependency C:\Users\Zahra\graphql3\node_modules\@img\sharp-libvips-linuxmusl-arm64
304 silly reify mark deleted [
304 silly reify   'C:\\Users\\Zahra\\graphql3\\node_modules\\@img\\sharp-libvips-linuxmusl-arm64'
304 silly reify ]
305 verbose reify failed optional dependency C:\Users\Zahra\graphql3\node_modules\@img\sharp-libvips-linux-x64
306 silly reify mark deleted [
306 silly reify   'C:\\Users\\Zahra\\graphql3\\node_modules\\@img\\sharp-libvips-linux-x64'
306 silly reify ]
307 verbose reify failed optional dependency C:\Users\Zahra\graphql3\node_modules\@img\sharp-libvips-linux-s390x
308 silly reify mark deleted [
308 silly reify   'C:\\Users\\Zahra\\graphql3\\node_modules\\@img\\sharp-libvips-linux-s390x'
308 silly reify ]
309 verbose reify failed optional dependency C:\Users\Zahra\graphql3\node_modules\@img\sharp-libvips-linux-arm64
310 silly reify mark deleted [
310 silly reify   'C:\\Users\\Zahra\\graphql3\\node_modules\\@img\\sharp-libvips-linux-arm64'
310 silly reify ]
311 verbose reify failed optional dependency C:\Users\Zahra\graphql3\node_modules\@img\sharp-libvips-linux-arm
312 silly reify mark deleted [
312 silly reify   'C:\\Users\\Zahra\\graphql3\\node_modules\\@img\\sharp-libvips-linux-arm'
312 silly reify ]
313 verbose reify failed optional dependency C:\Users\Zahra\graphql3\node_modules\@img\sharp-libvips-darwin-x64
314 silly reify mark deleted [
314 silly reify   'C:\\Users\\Zahra\\graphql3\\node_modules\\@img\\sharp-libvips-darwin-x64'
314 silly reify ]
315 verbose reify failed optional dependency C:\Users\Zahra\graphql3\node_modules\@img\sharp-libvips-darwin-arm64
316 silly reify mark deleted [
316 silly reify   'C:\\Users\\Zahra\\graphql3\\node_modules\\@img\\sharp-libvips-darwin-arm64'
316 silly reify ]
317 verbose reify failed optional dependency C:\Users\Zahra\graphql3\node_modules\@img\sharp-darwin-x64
318 silly reify mark deleted [ 'C:\\Users\\Zahra\\graphql3\\node_modules\\@img\\sharp-darwin-x64' ]
319 verbose reify failed optional dependency C:\Users\Zahra\graphql3\node_modules\@img\sharp-darwin-arm64
320 silly reify mark deleted [
320 silly reify   'C:\\Users\\Zahra\\graphql3\\node_modules\\@img\\sharp-darwin-arm64'
320 silly reify ]
321 silly tarball no local data for tsparticles-updater-rotate@https://registry.npmjs.org/tsparticles-updater-rotate/-/tsparticles-updater-rotate-2.12.0.tgz. Extracting by manifest.
322 silly tarball no local data for tsparticles-updater-size@https://registry.npmjs.org/tsparticles-updater-size/-/tsparticles-updater-size-2.12.0.tgz. Extracting by manifest.
323 silly tarball no local data for tsparticles-updater-stroke-color@https://registry.npmjs.org/tsparticles-updater-stroke-color/-/tsparticles-updater-stroke-color-2.12.0.tgz. Extracting by manifest.
324 silly tarball no local data for tsparticles-updater-out-modes@https://registry.npmjs.org/tsparticles-updater-out-modes/-/tsparticles-updater-out-modes-2.12.0.tgz. Extracting by manifest.
325 silly tarball no local data for tsparticles-updater-life@https://registry.npmjs.org/tsparticles-updater-life/-/tsparticles-updater-life-2.12.0.tgz. Extracting by manifest.
326 silly tarball no local data for tsparticles-updater-color@https://registry.npmjs.org/tsparticles-updater-color/-/tsparticles-updater-color-2.12.0.tgz. Extracting by manifest.
327 silly tarball no local data for tsparticles-shape-text@https://registry.npmjs.org/tsparticles-shape-text/-/tsparticles-shape-text-2.12.0.tgz. Extracting by manifest.
328 silly tarball no local data for tsparticles-shape-star@https://registry.npmjs.org/tsparticles-shape-star/-/tsparticles-shape-star-2.12.0.tgz. Extracting by manifest.
329 silly tarball no local data for tsparticles-shape-square@https://registry.npmjs.org/tsparticles-shape-square/-/tsparticles-shape-square-2.12.0.tgz. Extracting by manifest.
330 silly tarball no local data for tsparticles-shape-polygon@https://registry.npmjs.org/tsparticles-shape-polygon/-/tsparticles-shape-polygon-2.12.0.tgz. Extracting by manifest.
331 silly tarball no local data for tsparticles-shape-image@https://registry.npmjs.org/tsparticles-shape-image/-/tsparticles-shape-image-2.12.0.tgz. Extracting by manifest.
332 silly tarball no local data for tsparticles-shape-line@https://registry.npmjs.org/tsparticles-shape-line/-/tsparticles-shape-line-2.12.0.tgz. Extracting by manifest.
333 silly tarball no local data for tsparticles-shape-circle@https://registry.npmjs.org/tsparticles-shape-circle/-/tsparticles-shape-circle-2.12.0.tgz. Extracting by manifest.
334 silly tarball no local data for tsparticles-plugin-easing-quad@https://registry.npmjs.org/tsparticles-plugin-easing-quad/-/tsparticles-plugin-easing-quad-2.12.0.tgz. Extracting by manifest.
335 silly tarball no local data for tsparticles-particles.js@https://registry.npmjs.org/tsparticles-particles.js/-/tsparticles-particles.js-2.12.0.tgz. Extracting by manifest.
336 silly tarball no local data for tsparticles-move-parallax@https://registry.npmjs.org/tsparticles-move-parallax/-/tsparticles-move-parallax-2.12.0.tgz. Extracting by manifest.
337 silly tarball no local data for tsparticles-move-base@https://registry.npmjs.org/tsparticles-move-base/-/tsparticles-move-base-2.12.0.tgz. Extracting by manifest.
338 silly tarball no local data for tsparticles-interaction-particles-links@https://registry.npmjs.org/tsparticles-interaction-particles-links/-/tsparticles-interaction-particles-links-2.12.0.tgz. Extracting by manifest.
339 silly tarball no local data for tsparticles-interaction-particles-collisions@https://registry.npmjs.org/tsparticles-interaction-particles-collisions/-/tsparticles-interaction-particles-collisions-2.12.0.tgz. Extracting by manifest.
340 silly tarball no local data for tsparticles-interaction-particles-attract@https://registry.npmjs.org/tsparticles-interaction-particles-attract/-/tsparticles-interaction-particles-attract-2.12.0.tgz. Extracting by manifest.
341 silly tarball no local data for tsparticles-interaction-external-slow@https://registry.npmjs.org/tsparticles-interaction-external-slow/-/tsparticles-interaction-external-slow-2.12.0.tgz. Extracting by manifest.
342 silly tarball no local data for tsparticles-interaction-external-repulse@https://registry.npmjs.org/tsparticles-interaction-external-repulse/-/tsparticles-interaction-external-repulse-2.12.0.tgz. Extracting by manifest.
343 silly tarball no local data for tsparticles-interaction-external-remove@https://registry.npmjs.org/tsparticles-interaction-external-remove/-/tsparticles-interaction-external-remove-2.12.0.tgz. Extracting by manifest.
344 silly tarball no local data for tsparticles-interaction-external-push@https://registry.npmjs.org/tsparticles-interaction-external-push/-/tsparticles-interaction-external-push-2.12.0.tgz. Extracting by manifest.
345 silly tarball no local data for tsparticles-interaction-external-pause@https://registry.npmjs.org/tsparticles-interaction-external-pause/-/tsparticles-interaction-external-pause-2.12.0.tgz. Extracting by manifest.
346 silly tarball no local data for tsparticles-interaction-external-grab@https://registry.npmjs.org/tsparticles-interaction-external-grab/-/tsparticles-interaction-external-grab-2.12.0.tgz. Extracting by manifest.
347 silly tarball no local data for tsparticles-interaction-external-connect@https://registry.npmjs.org/tsparticles-interaction-external-connect/-/tsparticles-interaction-external-connect-2.12.0.tgz. Extracting by manifest.
348 silly tarball no local data for tsparticles-interaction-external-bubble@https://registry.npmjs.org/tsparticles-interaction-external-bubble/-/tsparticles-interaction-external-bubble-2.12.0.tgz. Extracting by manifest.
349 silly tarball no local data for tsparticles-interaction-external-bounce@https://registry.npmjs.org/tsparticles-interaction-external-bounce/-/tsparticles-interaction-external-bounce-2.12.0.tgz. Extracting by manifest.
350 silly tarball no local data for tsparticles-interaction-external-attract@https://registry.npmjs.org/tsparticles-interaction-external-attract/-/tsparticles-interaction-external-attract-2.12.0.tgz. Extracting by manifest.
351 silly tarball no local data for tsparticles-basic@https://registry.npmjs.org/tsparticles-basic/-/tsparticles-basic-2.12.0.tgz. Extracting by manifest.
352 silly tarball no local data for tsparticles-slim@https://registry.npmjs.org/tsparticles-slim/-/tsparticles-slim-2.12.0.tgz. Extracting by manifest.
353 silly tarball no local data for react-particles@https://registry.npmjs.org/react-particles/-/react-particles-2.12.2.tgz. Extracting by manifest.
354 silly tarball no local data for tsparticles-updater-opacity@https://registry.npmjs.org/tsparticles-updater-opacity/-/tsparticles-updater-opacity-2.12.0.tgz. Extracting by manifest.
355 http fetch POST 200 https://registry.npmjs.org/-/npm/v1/security/advisories/bulk 595ms
356 silly audit report {}
357 http fetch GET 200 https://registry.npmjs.org/tsparticles-move-parallax/-/tsparticles-move-parallax-2.12.0.tgz 2185ms (cache miss)
358 http fetch GET 200 https://registry.npmjs.org/tsparticles-interaction-particles-attract/-/tsparticles-interaction-particles-attract-2.12.0.tgz 2184ms (cache miss)
359 warn deprecated tsparticles-move-parallax@2.12.0: starting from tsparticles v3 the packages are now moved to @tsparticles/package-name instead of tsparticles-package-name
360 warn deprecated tsparticles-interaction-particles-attract@2.12.0: starting from tsparticles v3 the packages are now moved to @tsparticles/package-name instead of tsparticles-package-name
361 http fetch GET 200 https://registry.npmjs.org/tsparticles-interaction-external-pause/-/tsparticles-interaction-external-pause-2.12.0.tgz 2349ms (cache miss)
362 http fetch GET 200 https://registry.npmjs.org/tsparticles-updater-size/-/tsparticles-updater-size-2.12.0.tgz 2380ms (cache miss)
363 http fetch GET 200 https://registry.npmjs.org/tsparticles-updater-color/-/tsparticles-updater-color-2.12.0.tgz 2402ms (cache miss)
364 warn deprecated tsparticles-interaction-external-pause@2.12.0: starting from tsparticles v3 the packages are now moved to @tsparticles/package-name instead of tsparticles-package-name
365 warn deprecated tsparticles-updater-size@2.12.0: starting from tsparticles v3 the packages are now moved to @tsparticles/package-name instead of tsparticles-package-name
366 warn deprecated tsparticles-updater-color@2.12.0: starting from tsparticles v3 the packages are now moved to @tsparticles/package-name instead of tsparticles-package-name
367 http fetch GET 200 https://registry.npmjs.org/tsparticles-plugin-easing-quad/-/tsparticles-plugin-easing-quad-2.12.0.tgz 2697ms (cache miss)
368 warn deprecated tsparticles-plugin-easing-quad@2.12.0: starting from tsparticles v3 the packages are now moved to @tsparticles/package-name instead of tsparticles-package-name
369 http fetch GET 200 https://registry.npmjs.org/tsparticles-updater-stroke-color/-/tsparticles-updater-stroke-color-2.12.0.tgz 2789ms (cache miss)
370 http fetch GET 200 https://registry.npmjs.org/tsparticles-shape-line/-/tsparticles-shape-line-2.12.0.tgz 2804ms (cache miss)
371 warn deprecated tsparticles-updater-stroke-color@2.12.0: starting from tsparticles v3 the packages are now moved to @tsparticles/package-name instead of tsparticles-package-name
372 warn deprecated tsparticles-shape-line@2.12.0: starting from tsparticles v3 the packages are now moved to @tsparticles/package-name instead of tsparticles-package-name
373 http fetch GET 200 https://registry.npmjs.org/tsparticles-shape-square/-/tsparticles-shape-square-2.12.0.tgz 2868ms (cache miss)
374 warn deprecated tsparticles-shape-square@2.12.0: starting from tsparticles v3 the packages are now moved to @tsparticles/package-name instead of tsparticles-package-name
375 http fetch GET 200 https://registry.npmjs.org/tsparticles-updater-opacity/-/tsparticles-updater-opacity-2.12.0.tgz 2871ms (cache miss)
376 http fetch GET 200 https://registry.npmjs.org/tsparticles-basic/-/tsparticles-basic-2.12.0.tgz 2882ms (cache miss)
377 warn deprecated tsparticles-updater-opacity@2.12.0: starting from tsparticles v3 the packages are now moved to @tsparticles/package-name instead of tsparticles-package-name
378 warn deprecated tsparticles-basic@2.12.0: starting from tsparticles v3 the packages are now moved to @tsparticles/package-name instead of tsparticles-package-name
379 http fetch GET 200 https://registry.npmjs.org/tsparticles-slim/-/tsparticles-slim-2.12.0.tgz 3006ms (cache miss)
380 warn deprecated tsparticles-slim@2.12.0: starting from tsparticles v3 the packages are now moved to @tsparticles/package-name instead of tsparticles-package-name
381 http fetch GET 200 https://registry.npmjs.org/tsparticles-shape-text/-/tsparticles-shape-text-2.12.0.tgz 3101ms (cache miss)
382 warn deprecated tsparticles-shape-text@2.12.0: starting from tsparticles v3 the packages are now moved to @tsparticles/package-name instead of tsparticles-package-name
383 http fetch GET 200 https://registry.npmjs.org/tsparticles-shape-circle/-/tsparticles-shape-circle-2.12.0.tgz 3132ms (cache miss)
384 http fetch GET 200 https://registry.npmjs.org/tsparticles-move-base/-/tsparticles-move-base-2.12.0.tgz 3137ms (cache miss)
385 warn deprecated tsparticles-shape-circle@2.12.0: starting from tsparticles v3 the packages are now moved to @tsparticles/package-name instead of tsparticles-package-name
386 warn deprecated tsparticles-move-base@2.12.0: starting from tsparticles v3 the packages are now moved to @tsparticles/package-name instead of tsparticles-package-name
387 http fetch GET 200 https://registry.npmjs.org/react-particles/-/react-particles-2.12.2.tgz 3161ms (cache miss)
388 warn deprecated react-particles@2.12.2: @tsparticles/react is the new version, please use that
389 http fetch GET 200 https://registry.npmjs.org/tsparticles-shape-star/-/tsparticles-shape-star-2.12.0.tgz 3242ms (cache miss)
390 http fetch GET 200 https://registry.npmjs.org/tsparticles-interaction-external-push/-/tsparticles-interaction-external-push-2.12.0.tgz 3227ms (cache miss)
391 warn deprecated tsparticles-shape-star@2.12.0: starting from tsparticles v3 the packages are now moved to @tsparticles/package-name instead of tsparticles-package-name
392 http fetch GET 200 https://registry.npmjs.org/tsparticles-interaction-external-remove/-/tsparticles-interaction-external-remove-2.12.0.tgz 3248ms (cache miss)
393 warn deprecated tsparticles-interaction-external-push@2.12.0: starting from tsparticles v3 the packages are now moved to @tsparticles/package-name instead of tsparticles-package-name
394 warn deprecated tsparticles-interaction-external-remove@2.12.0: starting from tsparticles v3 the packages are now moved to @tsparticles/package-name instead of tsparticles-package-name
395 http fetch GET 200 https://registry.npmjs.org/tsparticles-updater-rotate/-/tsparticles-updater-rotate-2.12.0.tgz 3300ms (cache miss)
396 http fetch GET 200 https://registry.npmjs.org/tsparticles-particles.js/-/tsparticles-particles.js-2.12.0.tgz 3293ms (cache miss)
397 warn deprecated tsparticles-updater-rotate@2.12.0: starting from tsparticles v3 the packages are now moved to @tsparticles/package-name instead of tsparticles-package-name
398 warn deprecated tsparticles-particles.js@2.12.0: starting from tsparticles v3 the packages are now moved to @tsparticles/package-name instead of tsparticles-package-name
399 http fetch GET 200 https://registry.npmjs.org/tsparticles-interaction-external-slow/-/tsparticles-interaction-external-slow-2.12.0.tgz 3349ms (cache miss)
400 http fetch GET 200 https://registry.npmjs.org/tsparticles-interaction-particles-collisions/-/tsparticles-interaction-particles-collisions-2.12.0.tgz 3354ms (cache miss)
401 warn deprecated tsparticles-interaction-external-slow@2.12.0: starting from tsparticles v3 the packages are now moved to @tsparticles/package-name instead of tsparticles-package-name
402 warn deprecated tsparticles-interaction-particles-collisions@2.12.0: starting from tsparticles v3 the packages are now moved to @tsparticles/package-name instead of tsparticles-package-name
403 http fetch GET 200 https://registry.npmjs.org/tsparticles-interaction-external-attract/-/tsparticles-interaction-external-attract-2.12.0.tgz 3436ms (cache miss)
404 warn deprecated tsparticles-interaction-external-attract@2.12.0: starting from tsparticles v3 the packages are now moved to @tsparticles/package-name instead of tsparticles-package-name
405 http fetch GET 200 https://registry.npmjs.org/tsparticles-updater-out-modes/-/tsparticles-updater-out-modes-2.12.0.tgz 3497ms (cache miss)
406 http fetch GET 200 https://registry.npmjs.org/tsparticles-interaction-external-bounce/-/tsparticles-interaction-external-bounce-2.12.0.tgz 3472ms (cache miss)
407 warn deprecated tsparticles-updater-out-modes@2.12.0: starting from tsparticles v3 the packages are now moved to @tsparticles/package-name instead of tsparticles-package-name
408 warn deprecated tsparticles-interaction-external-bounce@2.12.0: starting from tsparticles v3 the packages are now moved to @tsparticles/package-name instead of tsparticles-package-name
409 http fetch GET 200 https://registry.npmjs.org/tsparticles-shape-polygon/-/tsparticles-shape-polygon-2.12.0.tgz 3523ms (cache miss)
410 warn deprecated tsparticles-shape-polygon@2.12.0: starting from tsparticles v3 the packages are now moved to @tsparticles/package-name instead of tsparticles-package-name
411 http fetch GET 200 https://registry.npmjs.org/tsparticles-updater-life/-/tsparticles-updater-life-2.12.0.tgz 3616ms (cache miss)
412 warn deprecated tsparticles-updater-life@2.12.0: starting from tsparticles v3 the packages are now moved to @tsparticles/package-name instead of tsparticles-package-name
413 http fetch GET 200 https://registry.npmjs.org/tsparticles-interaction-external-grab/-/tsparticles-interaction-external-grab-2.12.0.tgz 3628ms (cache miss)
414 warn deprecated tsparticles-interaction-external-grab@2.12.0: starting from tsparticles v3 the packages are now moved to @tsparticles/package-name instead of tsparticles-package-name
415 http fetch GET 200 https://registry.npmjs.org/tsparticles-interaction-external-repulse/-/tsparticles-interaction-external-repulse-2.12.0.tgz 3645ms (cache miss)
416 warn deprecated tsparticles-interaction-external-repulse@2.12.0: starting from tsparticles v3 the packages are now moved to @tsparticles/package-name instead of tsparticles-package-name
417 http fetch GET 200 https://registry.npmjs.org/tsparticles-interaction-external-connect/-/tsparticles-interaction-external-connect-2.12.0.tgz 3650ms (cache miss)
418 warn deprecated tsparticles-interaction-external-connect@2.12.0: starting from tsparticles v3 the packages are now moved to @tsparticles/package-name instead of tsparticles-package-name
419 http fetch GET 200 https://registry.npmjs.org/tsparticles-interaction-external-bubble/-/tsparticles-interaction-external-bubble-2.12.0.tgz 3744ms (cache miss)
420 warn deprecated tsparticles-interaction-external-bubble@2.12.0: starting from tsparticles v3 the packages are now moved to @tsparticles/package-name instead of tsparticles-package-name
421 http fetch GET 200 https://registry.npmjs.org/tsparticles-interaction-particles-links/-/tsparticles-interaction-particles-links-2.12.0.tgz 3795ms (cache miss)
422 warn deprecated tsparticles-interaction-particles-links@2.12.0: starting from tsparticles v3 the packages are now moved to @tsparticles/package-name instead of tsparticles-package-name
423 http fetch GET 200 https://registry.npmjs.org/tsparticles-shape-image/-/tsparticles-shape-image-2.12.0.tgz 3931ms (cache miss)
424 warn deprecated tsparticles-shape-image@2.12.0: starting from tsparticles v3 the packages are now moved to @tsparticles/package-name instead of tsparticles-package-name
425 warn deprecated tsparticles-engine@2.12.0: starting from tsparticles v3 the packages are now moved to @tsparticles/package-name instead of tsparticles-package-name
426 info run @tsparticles/engine@3.8.1 install node_modules/@tsparticles/engine node ./scripts/install.js
427 info run react-particles@2.12.2 install node_modules/react-particles node ./scripts/install.js
428 info run tsparticles-engine@2.12.0 install node_modules/tsparticles-engine node ./scripts/install.js
429 info run @tsparticles/engine@3.8.1 install { code: 0, signal: null }
430 info run react-particles@2.12.2 install { code: 0, signal: null }
431 info run tsparticles-engine@2.12.0 install { code: 0, signal: null }
432 silly ADD node_modules/tsparticles-updater-stroke-color
433 silly ADD node_modules/tsparticles-updater-size
434 silly ADD node_modules/tsparticles-updater-rotate
435 silly ADD node_modules/tsparticles-updater-out-modes
436 silly ADD node_modules/tsparticles-updater-opacity
437 silly ADD node_modules/tsparticles-updater-life
438 silly ADD node_modules/tsparticles-updater-color
439 silly ADD node_modules/tsparticles-shape-text
440 silly ADD node_modules/tsparticles-shape-star
441 silly ADD node_modules/tsparticles-shape-square
442 silly ADD node_modules/tsparticles-shape-polygon
443 silly ADD node_modules/tsparticles-shape-line
444 silly ADD node_modules/tsparticles-shape-image
445 silly ADD node_modules/tsparticles-shape-circle
446 silly ADD node_modules/tsparticles-plugin-easing-quad
447 silly ADD node_modules/tsparticles-particles.js
448 silly ADD node_modules/tsparticles-move-parallax
449 silly ADD node_modules/tsparticles-move-base
450 silly ADD node_modules/tsparticles-interaction-particles-links
451 silly ADD node_modules/tsparticles-interaction-particles-collisions
452 silly ADD node_modules/tsparticles-interaction-particles-attract
453 silly ADD node_modules/tsparticles-interaction-external-slow
454 silly ADD node_modules/tsparticles-interaction-external-repulse
455 silly ADD node_modules/tsparticles-interaction-external-remove
456 silly ADD node_modules/tsparticles-interaction-external-push
457 silly ADD node_modules/tsparticles-interaction-external-pause
458 silly ADD node_modules/tsparticles-interaction-external-grab
459 silly ADD node_modules/tsparticles-interaction-external-connect
460 silly ADD node_modules/tsparticles-interaction-external-bubble
461 silly ADD node_modules/tsparticles-interaction-external-bounce
462 silly ADD node_modules/tsparticles-interaction-external-attract
463 silly ADD node_modules/tsparticles-basic
464 silly ADD node_modules/@tsparticles/updater-size
465 silly ADD node_modules/@tsparticles/updater-out-modes
466 silly ADD node_modules/@tsparticles/updater-opacity
467 silly ADD node_modules/@tsparticles/updater-color
468 silly ADD node_modules/@tsparticles/shape-circle
469 silly ADD node_modules/@tsparticles/plugin-rgb-color
470 silly ADD node_modules/@tsparticles/plugin-hsl-color
471 silly ADD node_modules/@tsparticles/plugin-hex-color
472 silly ADD node_modules/@tsparticles/move-base
473 silly ADD node_modules/@tsparticles/updater-stroke-color
474 silly ADD node_modules/@tsparticles/updater-rotate
475 silly ADD node_modules/@tsparticles/updater-life
476 silly ADD node_modules/@tsparticles/shape-star
477 silly ADD node_modules/@tsparticles/shape-square
478 silly ADD node_modules/@tsparticles/shape-polygon
479 silly ADD node_modules/@tsparticles/shape-line
480 silly ADD node_modules/@tsparticles/shape-image
481 silly ADD node_modules/@tsparticles/shape-emoji
482 silly ADD node_modules/@tsparticles/plugin-easing-quad
483 silly ADD node_modules/@tsparticles/move-parallax
484 silly ADD node_modules/@tsparticles/interaction-particles-links
485 silly ADD node_modules/@tsparticles/interaction-particles-collisions
486 silly ADD node_modules/@tsparticles/interaction-particles-attract
487 silly ADD node_modules/@tsparticles/interaction-external-slow
488 silly ADD node_modules/@tsparticles/interaction-external-repulse
489 silly ADD node_modules/@tsparticles/interaction-external-remove
490 silly ADD node_modules/@tsparticles/interaction-external-push
491 silly ADD node_modules/@tsparticles/interaction-external-pause
492 silly ADD node_modules/@tsparticles/interaction-external-grab
493 silly ADD node_modules/@tsparticles/interaction-external-connect
494 silly ADD node_modules/@tsparticles/interaction-external-bubble
495 silly ADD node_modules/@tsparticles/interaction-external-bounce
496 silly ADD node_modules/@tsparticles/interaction-external-attract
497 silly ADD node_modules/@tsparticles/basic
498 silly ADD node_modules/@tsparticles/updater-wobble
499 silly ADD node_modules/@tsparticles/updater-twinkle
500 silly ADD node_modules/@tsparticles/updater-tilt
501 silly ADD node_modules/@tsparticles/updater-roll
502 silly ADD node_modules/@tsparticles/updater-destroy
503 silly ADD node_modules/@tsparticles/slim
504 silly ADD node_modules/@tsparticles/shape-text
505 silly ADD node_modules/@tsparticles/plugin-emitters-shape-square
506 silly ADD node_modules/@tsparticles/plugin-emitters-shape-circle
507 silly ADD node_modules/@tsparticles/plugin-emitters
508 silly ADD node_modules/@tsparticles/plugin-absorbers
509 silly ADD node_modules/@tsparticles/interaction-external-trail
510 silly ADD node_modules/@tsparticles/engine
511 silly ADD node_modules/tsparticles-engine
512 silly ADD node_modules/tsparticles-slim
513 silly ADD node_modules/tsparticles
514 silly ADD node_modules/react-particles
515 silly ADD
516 silly ADD
517 silly ADD
518 silly ADD
519 silly ADD
520 silly ADD
521 silly ADD
522 silly ADD
523 silly ADD
524 silly ADD
525 silly ADD
526 silly ADD
527 silly ADD
528 silly ADD
529 silly ADD
530 silly ADD
531 silly ADD
532 silly ADD
533 silly ADD
534 silly ADD
535 silly ADD
536 silly ADD
537 silly ADD
538 silly ADD
539 silly ADD
540 silly ADD
541 silly ADD
542 verbose exit 0
543 info ok
