0 verbose cli C:\Program Files\nodejs\node.exe C:\Program Files\nodejs\node_modules\npm\bin\npm-cli.js
1 info using npm@10.7.0
2 info using node@v20.15.0
3 silly config:load:file:C:\Program Files\nodejs\node_modules\npm\npmrc
4 silly config:load:file:C:\Users\Zahra\graphql3\.npmrc
5 silly config:load:file:C:\Users\Zahra\.npmrc
6 silly config:load:file:C:\Users\Zahra\AppData\Roaming\npm\etc\npmrc
7 verbose title npm install gh-pages
8 verbose argv "install" "gh-pages" "--save-dev"
9 verbose logfile logs-max:10 dir:C:\Users\Zahra\graphql3\UsersZahraAppDataLocalnpm-cache\_logs\2025-03-12T09_34_18_341Z-
10 verbose logfile C:\Users\Zahra\graphql3\UsersZahraAppDataLocalnpm-cache\_logs\2025-03-12T09_34_18_341Z-debug-0.log
11 silly logfile start cleaning logs, removing 1 files
12 silly logfile done cleaning log files
13 silly idealTree buildDeps
14 silly fetch manifest gh-pages@^6.3.0
15 http fetch GET 200 https://registry.npmjs.org/gh-pages 1003ms (cache updated)
16 silly placeDep ROOT gh-pages@6.3.0 REPLACE for: graphql3@0.1.0 want: ^6.3.0
17 silly reify moves {}
18 silly audit bulk request {
18 silly audit   '@alloc/quick-lru': [ '5.2.0' ],
18 silly audit   '@apollo/client': [ '3.13.1' ],
18 silly audit   '@babel/runtime': [ '7.26.9' ],
18 silly audit   '@emnapi/runtime': [ '1.3.1' ],
18 silly audit   '@eslint-community/eslint-utils': [ '4.4.1' ],
18 silly audit   'eslint-visitor-keys': [ '3.4.3', '4.2.0' ],
18 silly audit   '@eslint-community/regexpp': [ '4.12.1' ],
18 silly audit   '@eslint/config-array': [ '0.19.2' ],
18 silly audit   '@eslint/core': [ '0.12.0' ],
18 silly audit   '@eslint/eslintrc': [ '3.3.0' ],
18 silly audit   '@eslint/js': [ '9.21.0' ],
18 silly audit   '@eslint/object-schema': [ '2.1.6' ],
18 silly audit   '@eslint/plugin-kit': [ '0.2.7' ],
18 silly audit   '@graphql-typed-document-node/core': [ '3.2.0' ],
18 silly audit   '@humanfs/core': [ '0.19.1' ],
18 silly audit   '@humanfs/node': [ '0.16.6' ],
18 silly audit   '@humanwhocodes/retry': [ '0.3.1', '0.4.2' ],
18 silly audit   '@humanwhocodes/module-importer': [ '1.0.1' ],
18 silly audit   '@img/sharp-darwin-arm64': [ '0.33.5' ],
18 silly audit   '@img/sharp-darwin-x64': [ '0.33.5' ],
18 silly audit   '@img/sharp-libvips-darwin-arm64': [ '1.0.4' ],
18 silly audit   '@img/sharp-libvips-darwin-x64': [ '1.0.4' ],
18 silly audit   '@img/sharp-libvips-linux-arm': [ '1.0.5' ],
18 silly audit   '@img/sharp-libvips-linux-arm64': [ '1.0.4' ],
18 silly audit   '@img/sharp-libvips-linux-s390x': [ '1.0.4' ],
18 silly audit   '@img/sharp-libvips-linux-x64': [ '1.0.4' ],
18 silly audit   '@img/sharp-libvips-linuxmusl-arm64': [ '1.0.4' ],
18 silly audit   '@img/sharp-libvips-linuxmusl-x64': [ '1.0.4' ],
18 silly audit   '@img/sharp-linux-arm': [ '0.33.5' ],
18 silly audit   '@img/sharp-linux-arm64': [ '0.33.5' ],
18 silly audit   '@img/sharp-linux-s390x': [ '0.33.5' ],
18 silly audit   '@img/sharp-linux-x64': [ '0.33.5' ],
18 silly audit   '@img/sharp-linuxmusl-arm64': [ '0.33.5' ],
18 silly audit   '@img/sharp-linuxmusl-x64': [ '0.33.5' ],
18 silly audit   '@img/sharp-wasm32': [ '0.33.5' ],
18 silly audit   '@img/sharp-win32-ia32': [ '0.33.5' ],
18 silly audit   '@img/sharp-win32-x64': [ '0.33.5' ],
18 silly audit   '@isaacs/cliui': [ '8.0.2' ],
18 silly audit   '@jridgewell/gen-mapping': [ '0.3.8' ],
18 silly audit   '@jridgewell/resolve-uri': [ '3.1.2' ],
18 silly audit   '@jridgewell/set-array': [ '1.2.1' ],
18 silly audit   '@jridgewell/sourcemap-codec': [ '1.5.0' ],
18 silly audit   '@jridgewell/trace-mapping': [ '0.3.25' ],
18 silly audit   '@next/env': [ '15.1.7' ],
18 silly audit   '@next/eslint-plugin-next': [ '15.1.7' ],
18 silly audit   '@next/swc-darwin-arm64': [ '15.1.7' ],
18 silly audit   '@next/swc-darwin-x64': [ '15.1.7' ],
18 silly audit   '@next/swc-linux-arm64-gnu': [ '15.1.7' ],
18 silly audit   '@next/swc-linux-arm64-musl': [ '15.1.7' ],
18 silly audit   '@next/swc-linux-x64-gnu': [ '15.1.7' ],
18 silly audit   '@next/swc-linux-x64-musl': [ '15.1.7' ],
18 silly audit   '@next/swc-win32-arm64-msvc': [ '15.1.7' ],
18 silly audit   '@next/swc-win32-x64-msvc': [ '15.1.7' ],
18 silly audit   '@nodelib/fs.scandir': [ '2.1.5' ],
18 silly audit   '@nodelib/fs.stat': [ '2.0.5' ],
18 silly audit   '@nodelib/fs.walk': [ '1.2.8' ],
18 silly audit   '@nolyfill/is-core-module': [ '1.0.39' ],
18 silly audit   '@pkgjs/parseargs': [ '0.11.0' ],
18 silly audit   '@rtsao/scc': [ '1.1.0' ],
18 silly audit   '@rushstack/eslint-patch': [ '1.10.5' ],
18 silly audit   '@swc/counter': [ '0.1.3' ],
18 silly audit   '@swc/helpers': [ '0.5.15' ],
18 silly audit   '@tsparticles/basic': [ '3.8.1' ],
18 silly audit   '@tsparticles/engine': [ '3.8.1' ],
18 silly audit   '@tsparticles/interaction-external-attract': [ '3.8.1' ],
18 silly audit   '@tsparticles/interaction-external-bounce': [ '3.8.1' ],
18 silly audit   '@tsparticles/interaction-external-bubble': [ '3.8.1' ],
18 silly audit   '@tsparticles/interaction-external-connect': [ '3.8.1' ],
18 silly audit   '@tsparticles/interaction-external-grab': [ '3.8.1' ],
18 silly audit   '@tsparticles/interaction-external-pause': [ '3.8.1' ],
18 silly audit   '@tsparticles/interaction-external-push': [ '3.8.1' ],
18 silly audit   '@tsparticles/interaction-external-remove': [ '3.8.1' ],
18 silly audit   '@tsparticles/interaction-external-repulse': [ '3.8.1' ],
18 silly audit   '@tsparticles/interaction-external-slow': [ '3.8.1' ],
18 silly audit   '@tsparticles/interaction-external-trail': [ '3.8.1' ],
18 silly audit   '@tsparticles/interaction-particles-attract': [ '3.8.1' ],
18 silly audit   '@tsparticles/interaction-particles-collisions': [ '3.8.1' ],
18 silly audit   '@tsparticles/interaction-particles-links': [ '3.8.1' ],
18 silly audit   '@tsparticles/move-base': [ '3.8.1' ],
18 silly audit   '@tsparticles/move-parallax': [ '3.8.1' ],
18 silly audit   '@tsparticles/plugin-absorbers': [ '3.8.1' ],
18 silly audit   '@tsparticles/plugin-easing-quad': [ '3.8.1' ],
18 silly audit   '@tsparticles/plugin-emitters': [ '3.8.1' ],
18 silly audit   '@tsparticles/plugin-emitters-shape-circle': [ '3.8.1' ],
18 silly audit   '@tsparticles/plugin-emitters-shape-square': [ '3.8.1' ],
18 silly audit   '@tsparticles/plugin-hex-color': [ '3.8.1' ],
18 silly audit   '@tsparticles/plugin-hsl-color': [ '3.8.1' ],
18 silly audit   '@tsparticles/plugin-rgb-color': [ '3.8.1' ],
18 silly audit   '@tsparticles/shape-circle': [ '3.8.1' ],
18 silly audit   '@tsparticles/shape-emoji': [ '3.8.1' ],
18 silly audit   '@tsparticles/shape-image': [ '3.8.1' ],
18 silly audit   '@tsparticles/shape-line': [ '3.8.1' ],
18 silly audit   '@tsparticles/shape-polygon': [ '3.8.1' ],
18 silly audit   '@tsparticles/shape-square': [ '3.8.1' ],
18 silly audit   '@tsparticles/shape-star': [ '3.8.1' ],
18 silly audit   '@tsparticles/shape-text': [ '3.8.1' ],
18 silly audit   '@tsparticles/slim': [ '3.8.1' ],
18 silly audit   '@tsparticles/updater-color': [ '3.8.1' ],
18 silly audit   '@tsparticles/updater-destroy': [ '3.8.1' ],
18 silly audit   '@tsparticles/updater-life': [ '3.8.1' ],
18 silly audit   '@tsparticles/updater-opacity': [ '3.8.1' ],
18 silly audit   '@tsparticles/updater-out-modes': [ '3.8.1' ],
18 silly audit   '@tsparticles/updater-roll': [ '3.8.1' ],
18 silly audit   '@tsparticles/updater-rotate': [ '3.8.1' ],
18 silly audit   '@tsparticles/updater-size': [ '3.8.1' ],
18 silly audit   '@tsparticles/updater-stroke-color': [ '3.8.1' ],
18 silly audit   '@tsparticles/updater-tilt': [ '3.8.1' ],
18 silly audit   '@tsparticles/updater-twinkle': [ '3.8.1' ],
18 silly audit   '@tsparticles/updater-wobble': [ '3.8.1' ],
18 silly audit   '@types/d3-array': [ '3.2.1' ],
18 silly audit   '@types/d3-color': [ '3.1.3' ],
18 silly audit   '@types/d3-ease': [ '3.0.2' ],
18 silly audit   '@types/d3-interpolate': [ '3.0.4' ],
18 silly audit   '@types/d3-path': [ '3.1.1' ],
18 silly audit   '@types/d3-scale': [ '4.0.9' ],
18 silly audit   '@types/d3-shape': [ '3.1.7' ],
18 silly audit   '@types/d3-time': [ '3.0.4' ],
18 silly audit   '@types/d3-timer': [ '3.0.2' ],
18 silly audit   '@types/estree': [ '1.0.6' ],
18 silly audit   '@types/json-schema': [ '7.0.15' ],
18 silly audit   '@types/json5': [ '0.0.29' ],
18 silly audit   '@types/node': [ '20.17.19' ],
18 silly audit   '@types/react': [ '19.0.10' ],
18 silly audit   '@types/react-dom': [ '19.0.4' ],
18 silly audit   '@typescript-eslint/eslint-plugin': [ '8.24.1' ],
18 silly audit   '@typescript-eslint/parser': [ '8.24.1' ],
18 silly audit   '@typescript-eslint/scope-manager': [ '8.24.1' ],
18 silly audit   '@typescript-eslint/type-utils': [ '8.24.1' ],
18 silly audit   '@typescript-eslint/types': [ '8.24.1' ],
18 silly audit   '@typescript-eslint/typescript-estree': [ '8.24.1' ],
18 silly audit   'brace-expansion': [ '2.0.1', '1.1.11' ],
18 silly audit   'fast-glob': [ '3.3.3', '3.3.1' ],
18 silly audit   'glob-parent': [ '5.1.2', '6.0.2' ],
18 silly audit   minimatch: [ '9.0.5', '3.1.2' ],
18 silly audit   '@typescript-eslint/utils': [ '8.24.1' ],
18 silly audit   '@typescript-eslint/visitor-keys': [ '8.24.1' ],
18 silly audit   '@wry/caches': [ '1.0.1' ],
18 silly audit   '@wry/context': [ '0.7.4' ],
18 silly audit   '@wry/equality': [ '0.5.7' ],
18 silly audit   '@wry/trie': [ '0.5.0' ],
18 silly audit   acorn: [ '8.14.0' ],
18 silly audit   'acorn-jsx': [ '5.3.2' ],
18 silly audit   ajv: [ '6.12.6' ],
18 silly audit   'ansi-regex': [ '6.1.0', '5.0.1' ],
18 silly audit   'ansi-styles': [ '4.3.0', '6.2.1' ],
18 silly audit   'any-promise': [ '1.3.0' ],
18 silly audit   anymatch: [ '3.1.3' ],
18 silly audit   arg: [ '5.0.2' ],
18 silly audit   argparse: [ '2.0.1' ],
18 silly audit   'aria-query': [ '5.3.2' ],
18 silly audit   'array-buffer-byte-length': [ '1.0.2' ],
18 silly audit   'array-includes': [ '3.1.8' ],
18 silly audit   'array-union': [ '2.1.0' ],
18 silly audit   'array.prototype.findlast': [ '1.2.5' ],
18 silly audit   'array.prototype.findlastindex': [ '1.2.5' ],
18 silly audit   'array.prototype.flat': [ '1.3.3' ],
18 silly audit   'array.prototype.flatmap': [ '1.3.3' ],
18 silly audit   'array.prototype.tosorted': [ '1.1.4' ],
18 silly audit   'arraybuffer.prototype.slice': [ '1.0.4' ],
18 silly audit   'ast-types-flow': [ '0.0.8' ],
18 silly audit   async: [ '3.2.6' ],
18 silly audit   'async-function': [ '1.0.0' ],
18 silly audit   'available-typed-arrays': [ '1.0.7' ],
18 silly audit   'axe-core': [ '4.10.2' ],
18 silly audit   'axobject-query': [ '4.1.0' ],
18 silly audit   'balanced-match': [ '1.0.2' ],
18 silly audit   'binary-extensions': [ '2.3.0' ],
18 silly audit   braces: [ '3.0.3' ],
18 silly audit   busboy: [ '1.6.0' ],
18 silly audit   'call-bind': [ '1.0.8' ],
18 silly audit   'call-bind-apply-helpers': [ '1.0.2' ],
18 silly audit   'call-bound': [ '1.0.3' ],
18 silly audit   callsites: [ '3.1.0' ],
18 silly audit   'camelcase-css': [ '2.0.1' ],
18 silly audit   'caniuse-lite': [ '1.0.30001700' ],
18 silly audit   chalk: [ '4.1.2' ],
18 silly audit   chokidar: [ '3.6.0' ],
18 silly audit   'client-only': [ '0.0.1' ],
18 silly audit   clsx: [ '2.1.1' ],
18 silly audit   color: [ '4.2.3' ],
18 silly audit   'color-convert': [ '2.0.1' ],
18 silly audit   'color-name': [ '1.1.4' ],
18 silly audit   'color-string': [ '1.9.1' ],
18 silly audit   commander: [ '4.1.1', '13.1.0' ],
18 silly audit   commondir: [ '1.0.1' ],
18 silly audit   'concat-map': [ '0.0.1' ],
18 silly audit   'cross-spawn': [ '7.0.6' ],
18 silly audit   cssesc: [ '3.0.0' ],
18 silly audit   csstype: [ '3.1.3' ],
18 silly audit   'd3-array': [ '3.2.4' ],
18 silly audit   'd3-color': [ '3.1.0' ],
18 silly audit   'd3-ease': [ '3.0.1' ],
18 silly audit   'd3-format': [ '3.1.0' ],
18 silly audit   'd3-interpolate': [ '3.0.1' ],
18 silly audit   'd3-path': [ '3.1.0' ],
18 silly audit   'd3-scale': [ '4.0.2' ],
18 silly audit   'd3-shape': [ '3.2.0' ],
18 silly audit   'd3-time': [ '3.1.0' ],
18 silly audit   'd3-time-format': [ '4.1.0' ],
18 silly audit   'd3-timer': [ '3.0.1' ],
18 silly audit   'damerau-levenshtein': [ '1.0.8' ],
18 silly audit   'data-view-buffer': [ '1.0.2' ],
18 silly audit   'data-view-byte-length': [ '1.0.2' ],
18 silly audit   'data-view-byte-offset': [ '1.0.1' ],
18 silly audit   debug: [ '4.4.0', '3.2.7' ],
18 silly audit   'decimal.js-light': [ '2.5.1' ],
18 silly audit   'deep-is': [ '0.1.4' ],
18 silly audit   'define-data-property': [ '1.1.4' ],
18 silly audit   'define-properties': [ '1.2.1' ],
18 silly audit   'detect-libc': [ '2.0.3' ],
18 silly audit   didyoumean: [ '1.2.2' ],
18 silly audit   'dir-glob': [ '3.0.1' ],
18 silly audit   dlv: [ '1.1.3' ],
18 silly audit   doctrine: [ '2.1.0' ],
18 silly audit   'dom-helpers': [ '5.2.1' ],
18 silly audit   'dunder-proto': [ '1.0.1' ],
18 silly audit   eastasianwidth: [ '0.2.0' ],
18 silly audit   'email-addresses': [ '5.0.0' ],
18 silly audit   'emoji-regex': [ '9.2.2', '8.0.0' ],
18 silly audit   'enhanced-resolve': [ '5.18.1' ],
18 silly audit   'es-abstract': [ '1.23.9' ],
18 silly audit   'es-define-property': [ '1.0.1' ],
18 silly audit   'es-errors': [ '1.3.0' ],
18 silly audit   'es-iterator-helpers': [ '1.2.1' ],
18 silly audit   'es-object-atoms': [ '1.1.1' ],
18 silly audit   'es-set-tostringtag': [ '2.1.0' ],
18 silly audit   'es-shim-unscopables': [ '1.1.0' ],
18 silly audit   'es-to-primitive': [ '1.3.0' ],
18 silly audit   'escape-string-regexp': [ '4.0.0', '1.0.5' ],
18 silly audit   eslint: [ '9.21.0' ],
18 silly audit   'eslint-config-next': [ '15.1.7' ],
18 silly audit   'eslint-import-resolver-node': [ '0.3.9' ],
18 silly audit   'eslint-import-resolver-typescript': [ '3.8.3' ],
18 silly audit   'eslint-module-utils': [ '2.12.0' ],
18 silly audit   'eslint-plugin-import': [ '2.31.0' ],
18 silly audit   semver: [ '6.3.1', '7.7.1' ],
18 silly audit   'eslint-plugin-jsx-a11y': [ '6.10.2' ],
18 silly audit   'eslint-plugin-react': [ '7.37.4' ],
18 silly audit   'eslint-plugin-react-hooks': [ '5.1.0' ],
18 silly audit   resolve: [ '2.0.0-next.5', '1.22.10' ],
18 silly audit   'eslint-scope': [ '8.2.0' ],
18 silly audit   espree: [ '10.3.0' ],
18 silly audit   esquery: [ '1.6.0' ],
18 silly audit   esrecurse: [ '4.3.0' ],
18 silly audit   estraverse: [ '5.3.0' ],
18 silly audit   esutils: [ '2.0.3' ],
18 silly audit   eventemitter3: [ '4.0.7' ],
18 silly audit   'fast-deep-equal': [ '3.1.3' ],
18 silly audit   'fast-equals': [ '5.2.2' ],
18 silly audit   'fast-json-stable-stringify': [ '2.1.0' ],
18 silly audit   'fast-levenshtein': [ '2.0.6' ],
18 silly audit   fastq: [ '1.19.0' ],
18 silly audit   'file-entry-cache': [ '8.0.0' ],
18 silly audit   'filename-reserved-regex': [ '2.0.0' ],
18 silly audit   filenamify: [ '4.3.0' ],
18 silly audit   'fill-range': [ '7.1.1' ],
18 silly audit   'find-cache-dir': [ '3.3.2' ],
18 silly audit   'find-up': [ '5.0.0', '4.1.0' ],
18 silly audit   'flat-cache': [ '4.0.1' ],
18 silly audit   flatted: [ '3.3.3' ],
18 silly audit   'for-each': [ '0.3.5' ],
18 silly audit   'foreground-child': [ '3.3.0' ],
18 silly audit   'fs-extra': [ '11.3.0' ],
18 silly audit   fsevents: [ '2.3.3' ],
18 silly audit   'function-bind': [ '1.1.2' ],
18 silly audit   'function.prototype.name': [ '1.1.8' ],
18 silly audit   'functions-have-names': [ '1.2.3' ],
18 silly audit   'get-intrinsic': [ '1.2.7' ],
18 silly audit   'get-proto': [ '1.0.1' ],
18 silly audit   'get-symbol-description': [ '1.1.0' ],
18 silly audit   'get-tsconfig': [ '4.10.0' ],
18 silly audit   glob: [ '10.4.5' ],
18 silly audit   globals: [ '14.0.0' ],
18 silly audit   globalthis: [ '1.0.4' ],
18 silly audit   globby: [ '11.1.0' ],
18 silly audit   gopd: [ '1.2.0' ],
18 silly audit   'graceful-fs': [ '4.2.11' ],
18 silly audit   graphemer: [ '1.4.0' ],
18 silly audit   graphql: [ '16.10.0' ],
18 silly audit   'graphql-tag': [ '2.12.6' ],
18 silly audit   'has-bigints': [ '1.1.0' ],
18 silly audit   'has-flag': [ '4.0.0' ],
18 silly audit   'has-property-descriptors': [ '1.0.2' ],
18 silly audit   'has-proto': [ '1.2.0' ],
18 silly audit   'has-symbols': [ '1.1.0' ],
18 silly audit   'has-tostringtag': [ '1.0.2' ],
18 silly audit   hasown: [ '2.0.2' ],
18 silly audit   'hoist-non-react-statics': [ '3.3.2' ],
18 silly audit   ignore: [ '5.3.2' ],
18 silly audit   'import-fresh': [ '3.3.1' ],
18 silly audit   imurmurhash: [ '0.1.4' ],
18 silly audit   'internal-slot': [ '1.1.0' ],
18 silly audit   internmap: [ '2.0.3' ],
18 silly audit   'is-array-buffer': [ '3.0.5' ],
18 silly audit   'is-arrayish': [ '0.3.2' ],
18 silly audit   'is-async-function': [ '2.1.1' ],
18 silly audit   'is-bigint': [ '1.1.0' ],
18 silly audit   'is-binary-path': [ '2.1.0' ],
18 silly audit   'is-boolean-object': [ '1.2.2' ],
18 silly audit   'is-bun-module': [ '1.3.0' ],
18 silly audit   'is-callable': [ '1.2.7' ],
18 silly audit   'is-core-module': [ '2.16.1' ],
18 silly audit   'is-data-view': [ '1.0.2' ],
18 silly audit   'is-date-object': [ '1.1.0' ],
18 silly audit   'is-extglob': [ '2.1.1' ],
18 silly audit   'is-finalizationregistry': [ '1.1.1' ],
18 silly audit   'is-fullwidth-code-point': [ '3.0.0' ],
18 silly audit   'is-generator-function': [ '1.1.0' ],
18 silly audit   'is-glob': [ '4.0.3' ],
18 silly audit   'is-map': [ '2.0.3' ],
18 silly audit   'is-number': [ '7.0.0' ],
18 silly audit   'is-number-object': [ '1.1.1' ],
18 silly audit   'is-regex': [ '1.2.1' ],
18 silly audit   'is-set': [ '2.0.3' ],
18 silly audit   'is-shared-array-buffer': [ '1.0.4' ],
18 silly audit   'is-string': [ '1.1.1' ],
18 silly audit   'is-symbol': [ '1.1.1' ],
18 silly audit   'is-typed-array': [ '1.1.15' ],
18 silly audit   'is-weakmap': [ '2.0.2' ],
18 silly audit   'is-weakref': [ '1.1.1' ],
18 silly audit   'is-weakset': [ '2.0.4' ],
18 silly audit   isarray: [ '2.0.5' ],
18 silly audit   isexe: [ '2.0.0' ],
18 silly audit   'iterator.prototype': [ '1.1.5' ],
18 silly audit   jackspeak: [ '3.4.3' ],
18 silly audit   jiti: [ '1.21.7' ],
18 silly audit   'js-tokens': [ '4.0.0' ],
18 silly audit   'js-yaml': [ '4.1.0' ],
18 silly audit   'json-buffer': [ '3.0.1' ],
18 silly audit   'json-schema-traverse': [ '0.4.1' ],
18 silly audit   'json-stable-stringify-without-jsonify': [ '1.0.1' ],
18 silly audit   json5: [ '1.0.2' ],
18 silly audit   jsonfile: [ '6.1.0' ],
18 silly audit   'jsx-ast-utils': [ '3.3.5' ],
18 silly audit   'jwt-decode': [ '4.0.0' ],
18 silly audit   keyv: [ '4.5.4' ],
18 silly audit   'language-subtag-registry': [ '0.3.23' ],
18 silly audit   'language-tags': [ '1.0.9' ],
18 silly audit   levn: [ '0.4.1' ],
18 silly audit   lilconfig: [ '3.1.3' ],
18 silly audit   'lines-and-columns': [ '1.2.4' ],
18 silly audit   'locate-path': [ '6.0.0', '5.0.0' ],
18 silly audit   lodash: [ '4.17.21' ],
18 silly audit   'lodash.merge': [ '4.6.2' ],
18 silly audit   'loose-envify': [ '1.4.0' ],
18 silly audit   'lru-cache': [ '10.4.3' ],
18 silly audit   'make-dir': [ '3.1.0' ],
18 silly audit   'math-intrinsics': [ '1.1.0' ],
18 silly audit   merge2: [ '1.4.1' ],
18 silly audit   micromatch: [ '4.0.8' ],
18 silly audit   minimist: [ '1.2.8' ],
18 silly audit   minipass: [ '7.1.2' ],
18 silly audit   ms: [ '2.1.3' ],
18 silly audit   mz: [ '2.7.0' ],
18 silly audit   nanoid: [ '3.3.8' ],
18 silly audit   'natural-compare': [ '1.4.0' ],
18 silly audit   next: [ '15.1.7' ],
18 silly audit   postcss: [ '8.4.31', '8.5.3' ],
18 silly audit   'normalize-path': [ '3.0.0' ],
18 silly audit   'object-assign': [ '4.1.1' ],
18 silly audit   'object-hash': [ '3.0.0' ],
18 silly audit   'object-inspect': [ '1.13.4' ],
18 silly audit   'object-keys': [ '1.1.1' ],
18 silly audit   'object.assign': [ '4.1.7' ],
18 silly audit   'object.entries': [ '1.1.8' ],
18 silly audit   'object.fromentries': [ '2.0.8' ],
18 silly audit   'object.groupby': [ '1.0.3' ],
18 silly audit   'object.values': [ '1.2.1' ],
18 silly audit   optimism: [ '0.18.1' ],
18 silly audit   optionator: [ '0.9.4' ],
18 silly audit   'own-keys': [ '1.0.1' ],
18 silly audit   'p-limit': [ '3.1.0', '2.3.0' ],
18 silly audit   'p-locate': [ '5.0.0', '4.1.0' ],
18 silly audit   'p-try': [ '2.2.0' ],
18 silly audit   'package-json-from-dist': [ '1.0.1' ],
18 silly audit   'parent-module': [ '1.0.1' ],
18 silly audit   'path-exists': [ '4.0.0' ],
18 silly audit   'path-key': [ '3.1.1' ],
18 silly audit   'path-parse': [ '1.0.7' ],
18 silly audit   'path-scurry': [ '1.11.1' ],
18 silly audit   'path-type': [ '4.0.0' ],
18 silly audit   picocolors: [ '1.1.1' ],
18 silly audit   picomatch: [ '2.3.1', '4.0.2' ],
18 silly audit   pify: [ '2.3.0' ],
18 silly audit   pirates: [ '4.0.6' ],
18 silly audit   'pkg-dir': [ '4.2.0' ],
18 silly audit   'possible-typed-array-names': [ '1.1.0' ],
18 silly audit   'postcss-import': [ '15.1.0' ],
18 silly audit   'postcss-js': [ '4.0.1' ],
18 silly audit   'postcss-load-config': [ '4.0.2' ],
18 silly audit   'postcss-nested': [ '6.2.0' ],
18 silly audit   'postcss-selector-parser': [ '6.1.2' ],
18 silly audit   'postcss-value-parser': [ '4.2.0' ],
18 silly audit   'prelude-ls': [ '1.2.1' ],
18 silly audit   'prop-types': [ '15.8.1' ],
18 silly audit   punycode: [ '2.3.1' ],
18 silly audit   'queue-microtask': [ '1.2.3' ],
18 silly audit   react: [ '19.0.0' ],
18 silly audit   'react-dom': [ '19.0.0' ],
18 silly audit   'react-is': [ '16.13.1', '18.3.1' ],
18 silly audit   'react-particles': [ '2.12.2' ],
18 silly audit   'react-smooth': [ '4.0.4' ],
18 silly audit   'react-transition-group': [ '4.4.5' ],
18 silly audit   'read-cache': [ '1.0.0' ],
18 silly audit   readdirp: [ '3.6.0' ],
18 silly audit   recharts: [ '2.15.1' ],
18 silly audit   'recharts-scale': [ '0.4.5' ],
18 silly audit   'reflect.getprototypeof': [ '1.0.10' ],
18 silly audit   'regenerator-runtime': [ '0.14.1' ],
18 silly audit   'regexp.prototype.flags': [ '1.5.4' ],
18 silly audit   rehackt: [ '0.1.0' ],
18 silly audit   'resolve-from': [ '4.0.0' ],
18 silly audit   'resolve-pkg-maps': [ '1.0.0' ],
18 silly audit   reusify: [ '1.0.4' ],
18 silly audit   'run-parallel': [ '1.2.0' ],
18 silly audit   'safe-array-concat': [ '1.1.3' ],
18 silly audit   'safe-push-apply': [ '1.0.0' ],
18 silly audit   'safe-regex-test': [ '1.1.0' ],
18 silly audit   scheduler: [ '0.25.0' ],
18 silly audit   'set-function-length': [ '1.2.2' ],
18 silly audit   'set-function-name': [ '2.0.2' ],
18 silly audit   'set-proto': [ '1.0.0' ],
18 silly audit   sharp: [ '0.33.5' ],
18 silly audit   'shebang-command': [ '2.0.0' ],
18 silly audit   'shebang-regex': [ '3.0.0' ],
18 silly audit   'side-channel': [ '1.1.0' ],
18 silly audit   'side-channel-list': [ '1.0.0' ],
18 silly audit   'side-channel-map': [ '1.0.1' ],
18 silly audit   'side-channel-weakmap': [ '1.0.2' ],
18 silly audit   'signal-exit': [ '4.1.0' ],
18 silly audit   'simple-swizzle': [ '0.2.2' ],
18 silly audit   slash: [ '3.0.0' ],
18 silly audit   'source-map-js': [ '1.2.1' ],
18 silly audit   'stable-hash': [ '0.0.4' ],
18 silly audit   streamsearch: [ '1.1.0' ],
18 silly audit   'string-width': [ '5.1.2', '4.2.3' ],
18 silly audit   'strip-ansi': [ '6.0.1', '7.1.0' ],
18 silly audit   'string.prototype.includes': [ '2.0.1' ],
18 silly audit   'string.prototype.matchall': [ '4.0.12' ],
18 silly audit   'string.prototype.repeat': [ '1.0.0' ],
18 silly audit   'string.prototype.trim': [ '1.2.10' ],
18 silly audit   'string.prototype.trimend': [ '1.0.9' ],
18 silly audit   'string.prototype.trimstart': [ '1.0.8' ],
18 silly audit   'strip-bom': [ '3.0.0' ],
18 silly audit   'strip-json-comments': [ '3.1.1' ],
18 silly audit   'strip-outer': [ '1.0.1' ],
18 silly audit   'styled-jsx': [ '5.1.6' ],
18 silly audit   sucrase: [ '3.35.0' ],
18 silly audit   'supports-color': [ '7.2.0' ],
18 silly audit   'supports-preserve-symlinks-flag': [ '1.0.0' ],
18 silly audit   'symbol-observable': [ '4.0.0' ],
18 silly audit   tailwindcss: [ '3.4.17' ],
18 silly audit   tapable: [ '2.2.1' ],
18 silly audit   thenify: [ '3.3.1' ],
18 silly audit   'thenify-all': [ '1.6.0' ],
18 silly audit   'tiny-invariant': [ '1.3.3' ],
18 silly audit   tinyglobby: [ '0.2.12' ],
18 silly audit   fdir: [ '6.4.3' ],
18 silly audit   'to-regex-range': [ '5.0.1' ],
18 silly audit   'trim-repeated': [ '1.0.0' ],
18 silly audit   'ts-api-utils': [ '2.0.1' ],
18 silly audit   'ts-interface-checker': [ '0.1.13' ],
18 silly audit   'ts-invariant': [ '0.10.3' ],
18 silly audit   'tsconfig-paths': [ '3.15.0' ],
18 silly audit   tslib: [ '2.8.1' ],
18 silly audit   tsparticles: [ '3.8.1' ],
18 silly audit   'tsparticles-basic': [ '2.12.0' ],
18 silly audit   'tsparticles-engine': [ '2.12.0' ],
18 silly audit   'tsparticles-interaction-external-attract': [ '2.12.0' ],
18 silly audit   'tsparticles-interaction-external-bounce': [ '2.12.0' ],
18 silly audit   'tsparticles-interaction-external-bubble': [ '2.12.0' ],
18 silly audit   'tsparticles-interaction-external-connect': [ '2.12.0' ],
18 silly audit   'tsparticles-interaction-external-grab': [ '2.12.0' ],
18 silly audit   'tsparticles-interaction-external-pause': [ '2.12.0' ],
18 silly audit   'tsparticles-interaction-external-push': [ '2.12.0' ],
18 silly audit   'tsparticles-interaction-external-remove': [ '2.12.0' ],
18 silly audit   'tsparticles-interaction-external-repulse': [ '2.12.0' ],
18 silly audit   'tsparticles-interaction-external-slow': [ '2.12.0' ],
18 silly audit   'tsparticles-interaction-particles-attract': [ '2.12.0' ],
18 silly audit   'tsparticles-interaction-particles-collisions': [ '2.12.0' ],
18 silly audit   'tsparticles-interaction-particles-links': [ '2.12.0' ],
18 silly audit   'tsparticles-move-base': [ '2.12.0' ],
18 silly audit   'tsparticles-move-parallax': [ '2.12.0' ],
18 silly audit   'tsparticles-particles.js': [ '2.12.0' ],
18 silly audit   'tsparticles-plugin-easing-quad': [ '2.12.0' ],
18 silly audit   'tsparticles-shape-circle': [ '2.12.0' ],
18 silly audit   'tsparticles-shape-image': [ '2.12.0' ],
18 silly audit   'tsparticles-shape-line': [ '2.12.0' ],
18 silly audit   'tsparticles-shape-polygon': [ '2.12.0' ],
18 silly audit   'tsparticles-shape-square': [ '2.12.0' ],
18 silly audit   'tsparticles-shape-star': [ '2.12.0' ],
18 silly audit   'tsparticles-shape-text': [ '2.12.0' ],
18 silly audit   'tsparticles-slim': [ '2.12.0' ],
18 silly audit   'tsparticles-updater-color': [ '2.12.0' ],
18 silly audit   'tsparticles-updater-life': [ '2.12.0' ],
18 silly audit   'tsparticles-updater-opacity': [ '2.12.0' ],
18 silly audit   'tsparticles-updater-out-modes': [ '2.12.0' ],
18 silly audit   'tsparticles-updater-rotate': [ '2.12.0' ],
18 silly audit   'tsparticles-updater-size': [ '2.12.0' ],
18 silly audit   'tsparticles-updater-stroke-color': [ '2.12.0' ],
18 silly audit   'type-check': [ '0.4.0' ],
18 silly audit   'typed-array-buffer': [ '1.0.3' ],
18 silly audit   'typed-array-byte-length': [ '1.0.3' ],
18 silly audit   'typed-array-byte-offset': [ '1.0.4' ],
18 silly audit   'typed-array-length': [ '1.0.7' ],
18 silly audit   typescript: [ '5.7.3' ],
18 silly audit   'unbox-primitive': [ '1.1.0' ],
18 silly audit   'undici-types': [ '6.19.8' ],
18 silly audit   universalify: [ '2.0.1' ],
18 silly audit   'uri-js': [ '4.4.1' ],
18 silly audit   'util-deprecate': [ '1.0.2' ],
18 silly audit   'victory-vendor': [ '36.9.2' ],
18 silly audit   which: [ '2.0.2' ],
18 silly audit   'which-boxed-primitive': [ '1.1.1' ],
18 silly audit   'which-builtin-type': [ '1.2.1' ],
18 silly audit   'which-collection': [ '1.0.2' ],
18 silly audit   'which-typed-array': [ '1.1.18' ],
18 silly audit   'word-wrap': [ '1.2.5' ],
18 silly audit   'wrap-ansi': [ '8.1.0', '7.0.0' ],
18 silly audit   yaml: [ '2.7.0' ],
18 silly audit   'yocto-queue': [ '0.1.0' ],
18 silly audit   'zen-observable': [ '0.8.15' ],
18 silly audit   'zen-observable-ts': [ '1.2.5' ],
18 silly audit   'gh-pages': [ '6.3.0' ]
18 silly audit }
19 verbose reify failed optional dependency C:\Users\Zahra\graphql3\node_modules\fsevents
20 silly reify mark deleted [ 'C:\\Users\\Zahra\\graphql3\\node_modules\\fsevents' ]
21 verbose reify failed optional dependency C:\Users\Zahra\graphql3\node_modules\@next\swc-win32-arm64-msvc
22 silly reify mark deleted [
22 silly reify   'C:\\Users\\Zahra\\graphql3\\node_modules\\@next\\swc-win32-arm64-msvc'
22 silly reify ]
23 verbose reify failed optional dependency C:\Users\Zahra\graphql3\node_modules\@next\swc-linux-x64-musl
24 silly reify mark deleted [
24 silly reify   'C:\\Users\\Zahra\\graphql3\\node_modules\\@next\\swc-linux-x64-musl'
24 silly reify ]
25 verbose reify failed optional dependency C:\Users\Zahra\graphql3\node_modules\@next\swc-linux-x64-gnu
26 silly reify mark deleted [
26 silly reify   'C:\\Users\\Zahra\\graphql3\\node_modules\\@next\\swc-linux-x64-gnu'
26 silly reify ]
27 verbose reify failed optional dependency C:\Users\Zahra\graphql3\node_modules\@next\swc-linux-arm64-musl
28 silly reify mark deleted [
28 silly reify   'C:\\Users\\Zahra\\graphql3\\node_modules\\@next\\swc-linux-arm64-musl'
28 silly reify ]
29 verbose reify failed optional dependency C:\Users\Zahra\graphql3\node_modules\@next\swc-linux-arm64-gnu
30 silly reify mark deleted [
30 silly reify   'C:\\Users\\Zahra\\graphql3\\node_modules\\@next\\swc-linux-arm64-gnu'
30 silly reify ]
31 verbose reify failed optional dependency C:\Users\Zahra\graphql3\node_modules\@next\swc-darwin-x64
32 silly reify mark deleted [ 'C:\\Users\\Zahra\\graphql3\\node_modules\\@next\\swc-darwin-x64' ]
33 verbose reify failed optional dependency C:\Users\Zahra\graphql3\node_modules\@next\swc-darwin-arm64
34 silly reify mark deleted [ 'C:\\Users\\Zahra\\graphql3\\node_modules\\@next\\swc-darwin-arm64' ]
35 verbose reify failed optional dependency C:\Users\Zahra\graphql3\node_modules\@img\sharp-win32-ia32
36 silly reify mark deleted [ 'C:\\Users\\Zahra\\graphql3\\node_modules\\@img\\sharp-win32-ia32' ]
37 verbose reify failed optional dependency C:\Users\Zahra\graphql3\node_modules\@img\sharp-wasm32
38 silly reify mark deleted [ 'C:\\Users\\Zahra\\graphql3\\node_modules\\@img\\sharp-wasm32' ]
39 verbose reify failed optional dependency C:\Users\Zahra\graphql3\node_modules\@emnapi\runtime
40 silly reify mark deleted [ 'C:\\Users\\Zahra\\graphql3\\node_modules\\@emnapi\\runtime' ]
41 verbose reify failed optional dependency C:\Users\Zahra\graphql3\node_modules\@img\sharp-linuxmusl-x64
42 silly reify mark deleted [
42 silly reify   'C:\\Users\\Zahra\\graphql3\\node_modules\\@img\\sharp-linuxmusl-x64'
42 silly reify ]
43 verbose reify failed optional dependency C:\Users\Zahra\graphql3\node_modules\@img\sharp-linuxmusl-arm64
44 silly reify mark deleted [
44 silly reify   'C:\\Users\\Zahra\\graphql3\\node_modules\\@img\\sharp-linuxmusl-arm64'
44 silly reify ]
45 verbose reify failed optional dependency C:\Users\Zahra\graphql3\node_modules\@img\sharp-linux-x64
46 silly reify mark deleted [ 'C:\\Users\\Zahra\\graphql3\\node_modules\\@img\\sharp-linux-x64' ]
47 verbose reify failed optional dependency C:\Users\Zahra\graphql3\node_modules\@img\sharp-linux-s390x
48 silly reify mark deleted [ 'C:\\Users\\Zahra\\graphql3\\node_modules\\@img\\sharp-linux-s390x' ]
49 verbose reify failed optional dependency C:\Users\Zahra\graphql3\node_modules\@img\sharp-linux-arm64
50 silly reify mark deleted [ 'C:\\Users\\Zahra\\graphql3\\node_modules\\@img\\sharp-linux-arm64' ]
51 verbose reify failed optional dependency C:\Users\Zahra\graphql3\node_modules\@img\sharp-linux-arm
52 silly reify mark deleted [ 'C:\\Users\\Zahra\\graphql3\\node_modules\\@img\\sharp-linux-arm' ]
53 verbose reify failed optional dependency C:\Users\Zahra\graphql3\node_modules\@img\sharp-libvips-linuxmusl-x64
54 silly reify mark deleted [
54 silly reify   'C:\\Users\\Zahra\\graphql3\\node_modules\\@img\\sharp-libvips-linuxmusl-x64'
54 silly reify ]
55 verbose reify failed optional dependency C:\Users\Zahra\graphql3\node_modules\@img\sharp-libvips-linuxmusl-arm64
56 silly reify mark deleted [
56 silly reify   'C:\\Users\\Zahra\\graphql3\\node_modules\\@img\\sharp-libvips-linuxmusl-arm64'
56 silly reify ]
57 verbose reify failed optional dependency C:\Users\Zahra\graphql3\node_modules\@img\sharp-libvips-linux-x64
58 silly reify mark deleted [
58 silly reify   'C:\\Users\\Zahra\\graphql3\\node_modules\\@img\\sharp-libvips-linux-x64'
58 silly reify ]
59 verbose reify failed optional dependency C:\Users\Zahra\graphql3\node_modules\@img\sharp-libvips-linux-s390x
60 silly reify mark deleted [
60 silly reify   'C:\\Users\\Zahra\\graphql3\\node_modules\\@img\\sharp-libvips-linux-s390x'
60 silly reify ]
61 verbose reify failed optional dependency C:\Users\Zahra\graphql3\node_modules\@img\sharp-libvips-linux-arm64
62 silly reify mark deleted [
62 silly reify   'C:\\Users\\Zahra\\graphql3\\node_modules\\@img\\sharp-libvips-linux-arm64'
62 silly reify ]
63 verbose reify failed optional dependency C:\Users\Zahra\graphql3\node_modules\@img\sharp-libvips-linux-arm
64 silly reify mark deleted [
64 silly reify   'C:\\Users\\Zahra\\graphql3\\node_modules\\@img\\sharp-libvips-linux-arm'
64 silly reify ]
65 verbose reify failed optional dependency C:\Users\Zahra\graphql3\node_modules\@img\sharp-libvips-darwin-x64
66 silly reify mark deleted [
66 silly reify   'C:\\Users\\Zahra\\graphql3\\node_modules\\@img\\sharp-libvips-darwin-x64'
66 silly reify ]
67 verbose reify failed optional dependency C:\Users\Zahra\graphql3\node_modules\@img\sharp-libvips-darwin-arm64
68 silly reify mark deleted [
68 silly reify   'C:\\Users\\Zahra\\graphql3\\node_modules\\@img\\sharp-libvips-darwin-arm64'
68 silly reify ]
69 verbose reify failed optional dependency C:\Users\Zahra\graphql3\node_modules\@img\sharp-darwin-x64
70 silly reify mark deleted [ 'C:\\Users\\Zahra\\graphql3\\node_modules\\@img\\sharp-darwin-x64' ]
71 verbose reify failed optional dependency C:\Users\Zahra\graphql3\node_modules\@img\sharp-darwin-arm64
72 silly reify mark deleted [
72 silly reify   'C:\\Users\\Zahra\\graphql3\\node_modules\\@img\\sharp-darwin-arm64'
72 silly reify ]
73 http fetch POST 200 https://registry.npmjs.org/-/npm/v1/security/advisories/bulk 776ms
74 silly audit report {}
75 silly ADD
76 silly ADD
77 silly ADD
78 silly ADD
79 silly ADD
80 silly ADD
81 silly ADD
82 silly ADD
83 silly ADD
84 silly ADD
85 silly ADD
86 silly ADD
87 silly ADD
88 silly ADD
89 silly ADD
90 silly ADD
91 silly ADD
92 silly ADD
93 silly ADD
94 silly ADD
95 silly ADD
96 silly ADD
97 silly ADD
98 silly ADD
99 silly ADD
100 silly ADD
101 silly ADD
102 verbose exit 0
103 info ok
