0 verbose cli C:\Program Files\nodejs\node.exe C:\Program Files\nodejs\node_modules\npm\bin\npm-cli.js
1 info using npm@10.7.0
2 info using node@v20.15.0
3 silly config:load:file:C:\Program Files\nodejs\node_modules\npm\npmrc
4 silly config:load:file:C:\Users\Zahra\graphql3\.npmrc
5 silly config:load:file:C:\Users\Zahra\.npmrc
6 silly config:load:file:C:\Users\Zahra\AppData\Roaming\npm\etc\npmrc
7 verbose title npm install particles.js tsparticles react-tsparticles
8 verbose argv "install" "particles.js" "tsparticles" "react-tsparticles"
9 verbose logfile logs-max:10 dir:C:\Users\Zahra\graphql3\UsersZahraAppDataLocalnpm-cache\_logs\2025-03-11T11_30_06_535Z-
10 verbose logfile C:\Users\Zahra\graphql3\UsersZahraAppDataLocalnpm-cache\_logs\2025-03-11T11_30_06_535Z-debug-0.log
11 silly logfile start cleaning logs, removing 1 files
12 silly logfile done cleaning log files
13 silly idealTree buildDeps
14 silly fetch manifest particles.js@*
15 http fetch GET 200 https://registry.npmjs.org/particles.js 636ms (cache miss)
16 silly fetch manifest tsparticles@*
17 http fetch GET 200 https://registry.npmjs.org/tsparticles 341ms (cache miss)
18 silly fetch manifest react-tsparticles@*
19 http fetch GET 200 https://registry.npmjs.org/react-tsparticles 240ms (cache miss)
20 silly fetch manifest react@^19.0.0
21 http fetch GET 200 https://registry.npmjs.org/react 323ms (cache updated)
22 silly placeDep ROOT particles.js@2.0.0 OK for: graphql3@0.1.0 want: *
23 silly placeDep ROOT react-tsparticles@2.12.2 OK for: graphql3@0.1.0 want: *
24 silly placeDep ROOT tsparticles@3.8.1 OK for: graphql3@0.1.0 want: *
25 silly fetch manifest tsparticles-engine@^2.12.0
26 silly fetch manifest @tsparticles/engine@3.8.1
27 silly fetch manifest @tsparticles/interaction-external-trail@3.8.1
28 silly fetch manifest @tsparticles/plugin-absorbers@3.8.1
29 silly fetch manifest @tsparticles/plugin-emitters@3.8.1
30 silly fetch manifest @tsparticles/plugin-emitters-shape-circle@3.8.1
31 silly fetch manifest @tsparticles/plugin-emitters-shape-square@3.8.1
32 http fetch GET 200 https://registry.npmjs.org/@tsparticles%2finteraction-external-trail 625ms (cache miss)
33 silly fetch manifest @tsparticles/shape-text@3.8.1
34 http fetch GET 200 https://registry.npmjs.org/@tsparticles%2fengine 658ms (cache miss)
35 silly fetch manifest @tsparticles/slim@3.8.1
36 http fetch GET 200 https://registry.npmjs.org/@tsparticles%2fplugin-emitters-shape-circle 683ms (cache miss)
37 silly fetch manifest @tsparticles/updater-destroy@3.8.1
38 http fetch GET 200 https://registry.npmjs.org/@tsparticles%2fplugin-absorbers 687ms (cache miss)
39 silly fetch manifest @tsparticles/updater-roll@3.8.1
40 http fetch GET 200 https://registry.npmjs.org/@tsparticles%2fplugin-emitters-shape-square 696ms (cache miss)
41 silly fetch manifest @tsparticles/updater-tilt@3.8.1
42 http fetch GET 200 https://registry.npmjs.org/@tsparticles%2fplugin-emitters 733ms (cache miss)
43 silly fetch manifest @tsparticles/updater-twinkle@3.8.1
44 http fetch GET 200 https://registry.npmjs.org/tsparticles-engine 748ms (cache miss)
45 silly fetch manifest @tsparticles/updater-wobble@3.8.1
46 http fetch GET 200 https://registry.npmjs.org/@tsparticles%2fupdater-wobble 381ms (cache miss)
47 http fetch GET 200 https://registry.npmjs.org/@tsparticles%2fshape-text 511ms (cache miss)
48 http fetch GET 200 https://registry.npmjs.org/@tsparticles%2fupdater-tilt 449ms (cache miss)
49 http fetch GET 200 https://registry.npmjs.org/@tsparticles%2fupdater-roll 464ms (cache miss)
50 http fetch GET 200 https://registry.npmjs.org/@tsparticles%2fupdater-destroy 470ms (cache miss)
51 http fetch GET 200 https://registry.npmjs.org/@tsparticles%2fslim 502ms (cache miss)
52 http fetch GET 200 https://registry.npmjs.org/@tsparticles%2fupdater-twinkle 656ms (cache miss)
53 silly placeDep ROOT tsparticles-engine@2.12.0 OK for: react-tsparticles@2.12.2 want: ^2.12.0
54 silly placeDep ROOT @tsparticles/engine@3.8.1 OK for: tsparticles@3.8.1 want: 3.8.1
55 silly placeDep ROOT @tsparticles/interaction-external-trail@3.8.1 OK for: tsparticles@3.8.1 want: 3.8.1
56 silly placeDep ROOT @tsparticles/plugin-absorbers@3.8.1 OK for: tsparticles@3.8.1 want: 3.8.1
57 silly placeDep ROOT @tsparticles/plugin-emitters@3.8.1 OK for: tsparticles@3.8.1 want: 3.8.1
58 silly placeDep ROOT @tsparticles/plugin-emitters-shape-circle@3.8.1 OK for: tsparticles@3.8.1 want: 3.8.1
59 silly placeDep ROOT @tsparticles/plugin-emitters-shape-square@3.8.1 OK for: tsparticles@3.8.1 want: 3.8.1
60 silly placeDep ROOT @tsparticles/shape-text@3.8.1 OK for: tsparticles@3.8.1 want: 3.8.1
61 silly placeDep ROOT @tsparticles/slim@3.8.1 OK for: tsparticles@3.8.1 want: 3.8.1
62 silly placeDep ROOT @tsparticles/updater-destroy@3.8.1 OK for: tsparticles@3.8.1 want: 3.8.1
63 silly placeDep ROOT @tsparticles/updater-roll@3.8.1 OK for: tsparticles@3.8.1 want: 3.8.1
64 silly placeDep ROOT @tsparticles/updater-tilt@3.8.1 OK for: tsparticles@3.8.1 want: 3.8.1
65 silly placeDep ROOT @tsparticles/updater-twinkle@3.8.1 OK for: tsparticles@3.8.1 want: 3.8.1
66 silly placeDep ROOT @tsparticles/updater-wobble@3.8.1 OK for: tsparticles@3.8.1 want: 3.8.1
67 silly fetch manifest @tsparticles/basic@3.8.1
68 silly fetch manifest @tsparticles/interaction-external-attract@3.8.1
69 silly fetch manifest @tsparticles/interaction-external-bounce@3.8.1
70 silly fetch manifest @tsparticles/interaction-external-bubble@3.8.1
71 silly fetch manifest @tsparticles/interaction-external-connect@3.8.1
72 silly fetch manifest @tsparticles/interaction-external-grab@3.8.1
73 silly fetch manifest @tsparticles/interaction-external-pause@3.8.1
74 http fetch GET 200 https://registry.npmjs.org/@tsparticles%2finteraction-external-bounce 456ms (cache miss)
75 silly fetch manifest @tsparticles/interaction-external-push@3.8.1
76 http fetch GET 200 https://registry.npmjs.org/@tsparticles%2finteraction-external-grab 456ms (cache miss)
77 silly fetch manifest @tsparticles/interaction-external-remove@3.8.1
78 http fetch GET 200 https://registry.npmjs.org/@tsparticles%2fbasic 473ms (cache miss)
79 silly fetch manifest @tsparticles/interaction-external-repulse@3.8.1
80 http fetch GET 200 https://registry.npmjs.org/@tsparticles%2finteraction-external-bubble 477ms (cache miss)
81 silly fetch manifest @tsparticles/interaction-external-slow@3.8.1
82 http fetch GET 200 https://registry.npmjs.org/@tsparticles%2finteraction-external-attract 488ms (cache miss)
83 silly fetch manifest @tsparticles/interaction-particles-attract@3.8.1
84 http fetch GET 200 https://registry.npmjs.org/@tsparticles%2finteraction-external-pause 504ms (cache miss)
85 silly fetch manifest @tsparticles/interaction-particles-collisions@3.8.1
86 http fetch GET 200 https://registry.npmjs.org/@tsparticles%2finteraction-external-push 357ms (cache miss)
87 silly fetch manifest @tsparticles/interaction-particles-links@3.8.1
88 http fetch GET 200 https://registry.npmjs.org/@tsparticles%2finteraction-external-slow 353ms (cache miss)
89 silly fetch manifest @tsparticles/move-parallax@3.8.1
90 http fetch GET 200 https://registry.npmjs.org/@tsparticles%2finteraction-external-remove 388ms (cache miss)
91 silly fetch manifest @tsparticles/plugin-easing-quad@3.8.1
92 http fetch GET 200 https://registry.npmjs.org/@tsparticles%2finteraction-external-repulse 397ms (cache miss)
93 silly fetch manifest @tsparticles/shape-emoji@3.8.1
94 http fetch GET 200 https://registry.npmjs.org/@tsparticles%2finteraction-particles-collisions 543ms (cache miss)
95 silly fetch manifest @tsparticles/shape-image@3.8.1
96 http fetch GET 200 https://registry.npmjs.org/@tsparticles%2fmove-parallax 314ms (cache miss)
97 silly fetch manifest @tsparticles/shape-line@3.8.1
98 http fetch GET 200 https://registry.npmjs.org/@tsparticles%2fshape-emoji 331ms (cache miss)
99 silly fetch manifest @tsparticles/shape-polygon@3.8.1
100 http fetch GET 200 https://registry.npmjs.org/@tsparticles%2finteraction-particles-links 393ms (cache miss)
101 silly fetch manifest @tsparticles/shape-square@3.8.1
102 http fetch GET 200 https://registry.npmjs.org/@tsparticles%2fplugin-easing-quad 360ms (cache miss)
103 silly fetch manifest @tsparticles/shape-star@3.8.1
104 http fetch GET 200 https://registry.npmjs.org/@tsparticles%2finteraction-external-connect 1565ms (cache miss)
105 silly fetch manifest @tsparticles/updater-life@3.8.1
106 http fetch GET 200 https://registry.npmjs.org/@tsparticles%2fshape-square 358ms (cache miss)
107 silly fetch manifest @tsparticles/updater-rotate@3.8.1
108 http fetch GET 200 https://registry.npmjs.org/@tsparticles%2fshape-star 357ms (cache miss)
109 silly fetch manifest @tsparticles/updater-stroke-color@3.8.1
110 http fetch GET 200 https://registry.npmjs.org/@tsparticles%2fshape-line 428ms (cache miss)
111 http fetch GET 200 https://registry.npmjs.org/@tsparticles%2fshape-image 662ms (cache miss)
112 http fetch GET 200 https://registry.npmjs.org/@tsparticles%2finteraction-particles-attract 1422ms (cache miss)
113 http fetch GET 200 https://registry.npmjs.org/@tsparticles%2fupdater-rotate 337ms (cache miss)
114 http fetch GET 200 https://registry.npmjs.org/@tsparticles%2fupdater-stroke-color 340ms (cache miss)
115 http fetch GET 200 https://registry.npmjs.org/@tsparticles%2fupdater-life 354ms (cache miss)
116 http fetch GET 200 https://registry.npmjs.org/@tsparticles%2fshape-polygon 1517ms (cache miss)
117 silly placeDep ROOT @tsparticles/basic@3.8.1 OK for: @tsparticles/slim@3.8.1 want: 3.8.1
118 silly placeDep ROOT @tsparticles/interaction-external-attract@3.8.1 OK for: @tsparticles/slim@3.8.1 want: 3.8.1
119 silly placeDep ROOT @tsparticles/interaction-external-bounce@3.8.1 OK for: @tsparticles/slim@3.8.1 want: 3.8.1
120 silly placeDep ROOT @tsparticles/interaction-external-bubble@3.8.1 OK for: @tsparticles/slim@3.8.1 want: 3.8.1
121 silly placeDep ROOT @tsparticles/interaction-external-connect@3.8.1 OK for: @tsparticles/slim@3.8.1 want: 3.8.1
122 silly placeDep ROOT @tsparticles/interaction-external-grab@3.8.1 OK for: @tsparticles/slim@3.8.1 want: 3.8.1
123 silly placeDep ROOT @tsparticles/interaction-external-pause@3.8.1 OK for: @tsparticles/slim@3.8.1 want: 3.8.1
124 silly placeDep ROOT @tsparticles/interaction-external-push@3.8.1 OK for: @tsparticles/slim@3.8.1 want: 3.8.1
125 silly placeDep ROOT @tsparticles/interaction-external-remove@3.8.1 OK for: @tsparticles/slim@3.8.1 want: 3.8.1
126 silly placeDep ROOT @tsparticles/interaction-external-repulse@3.8.1 OK for: @tsparticles/slim@3.8.1 want: 3.8.1
127 silly placeDep ROOT @tsparticles/interaction-external-slow@3.8.1 OK for: @tsparticles/slim@3.8.1 want: 3.8.1
128 silly placeDep ROOT @tsparticles/interaction-particles-attract@3.8.1 OK for: @tsparticles/slim@3.8.1 want: 3.8.1
129 silly placeDep ROOT @tsparticles/interaction-particles-collisions@3.8.1 OK for: @tsparticles/slim@3.8.1 want: 3.8.1
130 silly placeDep ROOT @tsparticles/interaction-particles-links@3.8.1 OK for: @tsparticles/slim@3.8.1 want: 3.8.1
131 silly placeDep ROOT @tsparticles/move-parallax@3.8.1 OK for: @tsparticles/slim@3.8.1 want: 3.8.1
132 silly placeDep ROOT @tsparticles/plugin-easing-quad@3.8.1 OK for: @tsparticles/slim@3.8.1 want: 3.8.1
133 silly placeDep ROOT @tsparticles/shape-emoji@3.8.1 OK for: @tsparticles/slim@3.8.1 want: 3.8.1
134 silly placeDep ROOT @tsparticles/shape-image@3.8.1 OK for: @tsparticles/slim@3.8.1 want: 3.8.1
135 silly placeDep ROOT @tsparticles/shape-line@3.8.1 OK for: @tsparticles/slim@3.8.1 want: 3.8.1
136 silly placeDep ROOT @tsparticles/shape-polygon@3.8.1 OK for: @tsparticles/slim@3.8.1 want: 3.8.1
137 silly placeDep ROOT @tsparticles/shape-square@3.8.1 OK for: @tsparticles/slim@3.8.1 want: 3.8.1
138 silly placeDep ROOT @tsparticles/shape-star@3.8.1 OK for: @tsparticles/slim@3.8.1 want: 3.8.1
139 silly placeDep ROOT @tsparticles/updater-life@3.8.1 OK for: @tsparticles/slim@3.8.1 want: 3.8.1
140 silly placeDep ROOT @tsparticles/updater-rotate@3.8.1 OK for: @tsparticles/slim@3.8.1 want: 3.8.1
141 silly placeDep ROOT @tsparticles/updater-stroke-color@3.8.1 OK for: @tsparticles/slim@3.8.1 want: 3.8.1
142 silly fetch manifest @tsparticles/move-base@3.8.1
143 silly fetch manifest @tsparticles/plugin-hex-color@3.8.1
144 silly fetch manifest @tsparticles/plugin-hsl-color@3.8.1
145 silly fetch manifest @tsparticles/plugin-rgb-color@3.8.1
146 silly fetch manifest @tsparticles/shape-circle@3.8.1
147 silly fetch manifest @tsparticles/updater-color@3.8.1
148 silly fetch manifest @tsparticles/updater-opacity@3.8.1
149 http fetch GET 200 https://registry.npmjs.org/@tsparticles%2fmove-base 210ms (cache miss)
150 silly fetch manifest @tsparticles/updater-out-modes@3.8.1
151 http fetch GET 200 https://registry.npmjs.org/@tsparticles%2fupdater-color 341ms (cache miss)
152 silly fetch manifest @tsparticles/updater-size@3.8.1
153 http fetch GET 200 https://registry.npmjs.org/@tsparticles%2fplugin-rgb-color 358ms (cache miss)
154 http fetch GET 200 https://registry.npmjs.org/@tsparticles%2fplugin-hsl-color 365ms (cache miss)
155 http fetch GET 200 https://registry.npmjs.org/@tsparticles%2fshape-circle 366ms (cache miss)
156 http fetch GET 200 https://registry.npmjs.org/@tsparticles%2fupdater-opacity 369ms (cache miss)
157 http fetch GET 200 https://registry.npmjs.org/@tsparticles%2fplugin-hex-color 613ms (cache miss)
158 http fetch GET 200 https://registry.npmjs.org/@tsparticles%2fupdater-out-modes 408ms (cache miss)
159 http fetch GET 200 https://registry.npmjs.org/@tsparticles%2fupdater-size 490ms (cache miss)
160 silly placeDep ROOT @tsparticles/move-base@3.8.1 OK for: @tsparticles/basic@3.8.1 want: 3.8.1
161 silly placeDep ROOT @tsparticles/plugin-hex-color@3.8.1 OK for: @tsparticles/basic@3.8.1 want: 3.8.1
162 silly placeDep ROOT @tsparticles/plugin-hsl-color@3.8.1 OK for: @tsparticles/basic@3.8.1 want: 3.8.1
163 silly placeDep ROOT @tsparticles/plugin-rgb-color@3.8.1 OK for: @tsparticles/basic@3.8.1 want: 3.8.1
164 silly placeDep ROOT @tsparticles/shape-circle@3.8.1 OK for: @tsparticles/basic@3.8.1 want: 3.8.1
165 silly placeDep ROOT @tsparticles/updater-color@3.8.1 OK for: @tsparticles/basic@3.8.1 want: 3.8.1
166 silly placeDep ROOT @tsparticles/updater-opacity@3.8.1 OK for: @tsparticles/basic@3.8.1 want: 3.8.1
167 silly placeDep ROOT @tsparticles/updater-out-modes@3.8.1 OK for: @tsparticles/basic@3.8.1 want: 3.8.1
168 silly placeDep ROOT @tsparticles/updater-size@3.8.1 OK for: @tsparticles/basic@3.8.1 want: 3.8.1
169 silly reify moves {}
170 silly audit bulk request {
170 silly audit   '@alloc/quick-lru': [ '5.2.0' ],
170 silly audit   '@apollo/client': [ '3.13.1' ],
170 silly audit   '@babel/runtime': [ '7.26.9' ],
170 silly audit   '@emnapi/runtime': [ '1.3.1' ],
170 silly audit   '@eslint-community/eslint-utils': [ '4.4.1' ],
170 silly audit   'eslint-visitor-keys': [ '3.4.3', '4.2.0' ],
170 silly audit   '@eslint-community/regexpp': [ '4.12.1' ],
170 silly audit   '@eslint/config-array': [ '0.19.2' ],
170 silly audit   '@eslint/core': [ '0.12.0' ],
170 silly audit   '@eslint/eslintrc': [ '3.3.0' ],
170 silly audit   '@eslint/js': [ '9.21.0' ],
170 silly audit   '@eslint/object-schema': [ '2.1.6' ],
170 silly audit   '@eslint/plugin-kit': [ '0.2.7' ],
170 silly audit   '@graphql-typed-document-node/core': [ '3.2.0' ],
170 silly audit   '@humanfs/core': [ '0.19.1' ],
170 silly audit   '@humanfs/node': [ '0.16.6' ],
170 silly audit   '@humanwhocodes/retry': [ '0.3.1', '0.4.2' ],
170 silly audit   '@humanwhocodes/module-importer': [ '1.0.1' ],
170 silly audit   '@img/sharp-darwin-arm64': [ '0.33.5' ],
170 silly audit   '@img/sharp-darwin-x64': [ '0.33.5' ],
170 silly audit   '@img/sharp-libvips-darwin-arm64': [ '1.0.4' ],
170 silly audit   '@img/sharp-libvips-darwin-x64': [ '1.0.4' ],
170 silly audit   '@img/sharp-libvips-linux-arm': [ '1.0.5' ],
170 silly audit   '@img/sharp-libvips-linux-arm64': [ '1.0.4' ],
170 silly audit   '@img/sharp-libvips-linux-s390x': [ '1.0.4' ],
170 silly audit   '@img/sharp-libvips-linux-x64': [ '1.0.4' ],
170 silly audit   '@img/sharp-libvips-linuxmusl-arm64': [ '1.0.4' ],
170 silly audit   '@img/sharp-libvips-linuxmusl-x64': [ '1.0.4' ],
170 silly audit   '@img/sharp-linux-arm': [ '0.33.5' ],
170 silly audit   '@img/sharp-linux-arm64': [ '0.33.5' ],
170 silly audit   '@img/sharp-linux-s390x': [ '0.33.5' ],
170 silly audit   '@img/sharp-linux-x64': [ '0.33.5' ],
170 silly audit   '@img/sharp-linuxmusl-arm64': [ '0.33.5' ],
170 silly audit   '@img/sharp-linuxmusl-x64': [ '0.33.5' ],
170 silly audit   '@img/sharp-wasm32': [ '0.33.5' ],
170 silly audit   '@img/sharp-win32-ia32': [ '0.33.5' ],
170 silly audit   '@img/sharp-win32-x64': [ '0.33.5' ],
170 silly audit   '@isaacs/cliui': [ '8.0.2' ],
170 silly audit   '@jridgewell/gen-mapping': [ '0.3.8' ],
170 silly audit   '@jridgewell/resolve-uri': [ '3.1.2' ],
170 silly audit   '@jridgewell/set-array': [ '1.2.1' ],
170 silly audit   '@jridgewell/sourcemap-codec': [ '1.5.0' ],
170 silly audit   '@jridgewell/trace-mapping': [ '0.3.25' ],
170 silly audit   '@next/env': [ '15.1.7' ],
170 silly audit   '@next/eslint-plugin-next': [ '15.1.7' ],
170 silly audit   '@next/swc-darwin-arm64': [ '15.1.7' ],
170 silly audit   '@next/swc-darwin-x64': [ '15.1.7' ],
170 silly audit   '@next/swc-linux-arm64-gnu': [ '15.1.7' ],
170 silly audit   '@next/swc-linux-arm64-musl': [ '15.1.7' ],
170 silly audit   '@next/swc-linux-x64-gnu': [ '15.1.7' ],
170 silly audit   '@next/swc-linux-x64-musl': [ '15.1.7' ],
170 silly audit   '@next/swc-win32-arm64-msvc': [ '15.1.7' ],
170 silly audit   '@next/swc-win32-x64-msvc': [ '15.1.7' ],
170 silly audit   '@nodelib/fs.scandir': [ '2.1.5' ],
170 silly audit   '@nodelib/fs.stat': [ '2.0.5' ],
170 silly audit   '@nodelib/fs.walk': [ '1.2.8' ],
170 silly audit   '@nolyfill/is-core-module': [ '1.0.39' ],
170 silly audit   '@pkgjs/parseargs': [ '0.11.0' ],
170 silly audit   '@rtsao/scc': [ '1.1.0' ],
170 silly audit   '@rushstack/eslint-patch': [ '1.10.5' ],
170 silly audit   '@swc/counter': [ '0.1.3' ],
170 silly audit   '@swc/helpers': [ '0.5.15' ],
170 silly audit   '@types/d3-array': [ '3.2.1' ],
170 silly audit   '@types/d3-color': [ '3.1.3' ],
170 silly audit   '@types/d3-ease': [ '3.0.2' ],
170 silly audit   '@types/d3-interpolate': [ '3.0.4' ],
170 silly audit   '@types/d3-path': [ '3.1.1' ],
170 silly audit   '@types/d3-scale': [ '4.0.9' ],
170 silly audit   '@types/d3-shape': [ '3.1.7' ],
170 silly audit   '@types/d3-time': [ '3.0.4' ],
170 silly audit   '@types/d3-timer': [ '3.0.2' ],
170 silly audit   '@types/estree': [ '1.0.6' ],
170 silly audit   '@types/json-schema': [ '7.0.15' ],
170 silly audit   '@types/json5': [ '0.0.29' ],
170 silly audit   '@types/node': [ '20.17.19' ],
170 silly audit   '@types/react': [ '19.0.10' ],
170 silly audit   '@types/react-dom': [ '19.0.4' ],
170 silly audit   '@typescript-eslint/eslint-plugin': [ '8.24.1' ],
170 silly audit   '@typescript-eslint/parser': [ '8.24.1' ],
170 silly audit   '@typescript-eslint/scope-manager': [ '8.24.1' ],
170 silly audit   '@typescript-eslint/type-utils': [ '8.24.1' ],
170 silly audit   '@typescript-eslint/types': [ '8.24.1' ],
170 silly audit   '@typescript-eslint/typescript-estree': [ '8.24.1' ],
170 silly audit   'brace-expansion': [ '2.0.1', '1.1.11' ],
170 silly audit   'fast-glob': [ '3.3.3', '3.3.1' ],
170 silly audit   'glob-parent': [ '5.1.2', '6.0.2' ],
170 silly audit   minimatch: [ '9.0.5', '3.1.2' ],
170 silly audit   '@typescript-eslint/utils': [ '8.24.1' ],
170 silly audit   '@typescript-eslint/visitor-keys': [ '8.24.1' ],
170 silly audit   '@wry/caches': [ '1.0.1' ],
170 silly audit   '@wry/context': [ '0.7.4' ],
170 silly audit   '@wry/equality': [ '0.5.7' ],
170 silly audit   '@wry/trie': [ '0.5.0' ],
170 silly audit   acorn: [ '8.14.0' ],
170 silly audit   'acorn-jsx': [ '5.3.2' ],
170 silly audit   ajv: [ '6.12.6' ],
170 silly audit   'ansi-regex': [ '6.1.0', '5.0.1' ],
170 silly audit   'ansi-styles': [ '4.3.0', '6.2.1' ],
170 silly audit   'any-promise': [ '1.3.0' ],
170 silly audit   anymatch: [ '3.1.3' ],
170 silly audit   arg: [ '5.0.2' ],
170 silly audit   argparse: [ '2.0.1' ],
170 silly audit   'aria-query': [ '5.3.2' ],
170 silly audit   'array-buffer-byte-length': [ '1.0.2' ],
170 silly audit   'array-includes': [ '3.1.8' ],
170 silly audit   'array.prototype.findlast': [ '1.2.5' ],
170 silly audit   'array.prototype.findlastindex': [ '1.2.5' ],
170 silly audit   'array.prototype.flat': [ '1.3.3' ],
170 silly audit   'array.prototype.flatmap': [ '1.3.3' ],
170 silly audit   'array.prototype.tosorted': [ '1.1.4' ],
170 silly audit   'arraybuffer.prototype.slice': [ '1.0.4' ],
170 silly audit   'ast-types-flow': [ '0.0.8' ],
170 silly audit   'async-function': [ '1.0.0' ],
170 silly audit   'available-typed-arrays': [ '1.0.7' ],
170 silly audit   'axe-core': [ '4.10.2' ],
170 silly audit   'axobject-query': [ '4.1.0' ],
170 silly audit   'balanced-match': [ '1.0.2' ],
170 silly audit   'binary-extensions': [ '2.3.0' ],
170 silly audit   braces: [ '3.0.3' ],
170 silly audit   busboy: [ '1.6.0' ],
170 silly audit   'call-bind': [ '1.0.8' ],
170 silly audit   'call-bind-apply-helpers': [ '1.0.2' ],
170 silly audit   'call-bound': [ '1.0.3' ],
170 silly audit   callsites: [ '3.1.0' ],
170 silly audit   'camelcase-css': [ '2.0.1' ],
170 silly audit   'caniuse-lite': [ '1.0.30001700' ],
170 silly audit   chalk: [ '4.1.2' ],
170 silly audit   chokidar: [ '3.6.0' ],
170 silly audit   'client-only': [ '0.0.1' ],
170 silly audit   clsx: [ '2.1.1' ],
170 silly audit   color: [ '4.2.3' ],
170 silly audit   'color-convert': [ '2.0.1' ],
170 silly audit   'color-name': [ '1.1.4' ],
170 silly audit   'color-string': [ '1.9.1' ],
170 silly audit   commander: [ '4.1.1' ],
170 silly audit   'concat-map': [ '0.0.1' ],
170 silly audit   'cross-spawn': [ '7.0.6' ],
170 silly audit   cssesc: [ '3.0.0' ],
170 silly audit   csstype: [ '3.1.3' ],
170 silly audit   'd3-array': [ '3.2.4' ],
170 silly audit   'd3-color': [ '3.1.0' ],
170 silly audit   'd3-ease': [ '3.0.1' ],
170 silly audit   'd3-format': [ '3.1.0' ],
170 silly audit   'd3-interpolate': [ '3.0.1' ],
170 silly audit   'd3-path': [ '3.1.0' ],
170 silly audit   'd3-scale': [ '4.0.2' ],
170 silly audit   'd3-shape': [ '3.2.0' ],
170 silly audit   'd3-time': [ '3.1.0' ],
170 silly audit   'd3-time-format': [ '4.1.0' ],
170 silly audit   'd3-timer': [ '3.0.1' ],
170 silly audit   'damerau-levenshtein': [ '1.0.8' ],
170 silly audit   'data-view-buffer': [ '1.0.2' ],
170 silly audit   'data-view-byte-length': [ '1.0.2' ],
170 silly audit   'data-view-byte-offset': [ '1.0.1' ],
170 silly audit   debug: [ '4.4.0', '3.2.7' ],
170 silly audit   'decimal.js-light': [ '2.5.1' ],
170 silly audit   'deep-is': [ '0.1.4' ],
170 silly audit   'define-data-property': [ '1.1.4' ],
170 silly audit   'define-properties': [ '1.2.1' ],
170 silly audit   'detect-libc': [ '2.0.3' ],
170 silly audit   didyoumean: [ '1.2.2' ],
170 silly audit   dlv: [ '1.1.3' ],
170 silly audit   doctrine: [ '2.1.0' ],
170 silly audit   'dom-helpers': [ '5.2.1' ],
170 silly audit   'dunder-proto': [ '1.0.1' ],
170 silly audit   eastasianwidth: [ '0.2.0' ],
170 silly audit   'emoji-regex': [ '9.2.2', '8.0.0' ],
170 silly audit   'enhanced-resolve': [ '5.18.1' ],
170 silly audit   'es-abstract': [ '1.23.9' ],
170 silly audit   'es-define-property': [ '1.0.1' ],
170 silly audit   'es-errors': [ '1.3.0' ],
170 silly audit   'es-iterator-helpers': [ '1.2.1' ],
170 silly audit   'es-object-atoms': [ '1.1.1' ],
170 silly audit   'es-set-tostringtag': [ '2.1.0' ],
170 silly audit   'es-shim-unscopables': [ '1.1.0' ],
170 silly audit   'es-to-primitive': [ '1.3.0' ],
170 silly audit   'escape-string-regexp': [ '4.0.0' ],
170 silly audit   eslint: [ '9.21.0' ],
170 silly audit   'eslint-config-next': [ '15.1.7' ],
170 silly audit   'eslint-import-resolver-node': [ '0.3.9' ],
170 silly audit   'eslint-import-resolver-typescript': [ '3.8.3' ],
170 silly audit   'eslint-module-utils': [ '2.12.0' ],
170 silly audit   'eslint-plugin-import': [ '2.31.0' ],
170 silly audit   semver: [ '6.3.1', '7.7.1' ],
170 silly audit   'eslint-plugin-jsx-a11y': [ '6.10.2' ],
170 silly audit   'eslint-plugin-react': [ '7.37.4' ],
170 silly audit   'eslint-plugin-react-hooks': [ '5.1.0' ],
170 silly audit   resolve: [ '2.0.0-next.5', '1.22.10' ],
170 silly audit   'eslint-scope': [ '8.2.0' ],
170 silly audit   espree: [ '10.3.0' ],
170 silly audit   esquery: [ '1.6.0' ],
170 silly audit   esrecurse: [ '4.3.0' ],
170 silly audit   estraverse: [ '5.3.0' ],
170 silly audit   esutils: [ '2.0.3' ],
170 silly audit   eventemitter3: [ '4.0.7' ],
170 silly audit   'fast-deep-equal': [ '3.1.3' ],
170 silly audit   'fast-equals': [ '5.2.2' ],
170 silly audit   'fast-json-stable-stringify': [ '2.1.0' ],
170 silly audit   'fast-levenshtein': [ '2.0.6' ],
170 silly audit   fastq: [ '1.19.0' ],
170 silly audit   'file-entry-cache': [ '8.0.0' ],
170 silly audit   'fill-range': [ '7.1.1' ],
170 silly audit   'find-up': [ '5.0.0' ],
170 silly audit   'flat-cache': [ '4.0.1' ],
170 silly audit   flatted: [ '3.3.3' ],
170 silly audit   'for-each': [ '0.3.5' ],
170 silly audit   'foreground-child': [ '3.3.0' ],
170 silly audit   fsevents: [ '2.3.3' ],
170 silly audit   'function-bind': [ '1.1.2' ],
170 silly audit   'function.prototype.name': [ '1.1.8' ],
170 silly audit   'functions-have-names': [ '1.2.3' ],
170 silly audit   'get-intrinsic': [ '1.2.7' ],
170 silly audit   'get-proto': [ '1.0.1' ],
170 silly audit   'get-symbol-description': [ '1.1.0' ],
170 silly audit   'get-tsconfig': [ '4.10.0' ],
170 silly audit   glob: [ '10.4.5' ],
170 silly audit   globals: [ '14.0.0' ],
170 silly audit   globalthis: [ '1.0.4' ],
170 silly audit   gopd: [ '1.2.0' ],
170 silly audit   'graceful-fs': [ '4.2.11' ],
170 silly audit   graphemer: [ '1.4.0' ],
170 silly audit   graphql: [ '16.10.0' ],
170 silly audit   'graphql-tag': [ '2.12.6' ],
170 silly audit   'has-bigints': [ '1.1.0' ],
170 silly audit   'has-flag': [ '4.0.0' ],
170 silly audit   'has-property-descriptors': [ '1.0.2' ],
170 silly audit   'has-proto': [ '1.2.0' ],
170 silly audit   'has-symbols': [ '1.1.0' ],
170 silly audit   'has-tostringtag': [ '1.0.2' ],
170 silly audit   hasown: [ '2.0.2' ],
170 silly audit   'hoist-non-react-statics': [ '3.3.2' ],
170 silly audit   ignore: [ '5.3.2' ],
170 silly audit   'import-fresh': [ '3.3.1' ],
170 silly audit   imurmurhash: [ '0.1.4' ],
170 silly audit   'internal-slot': [ '1.1.0' ],
170 silly audit   internmap: [ '2.0.3' ],
170 silly audit   'is-array-buffer': [ '3.0.5' ],
170 silly audit   'is-arrayish': [ '0.3.2' ],
170 silly audit   'is-async-function': [ '2.1.1' ],
170 silly audit   'is-bigint': [ '1.1.0' ],
170 silly audit   'is-binary-path': [ '2.1.0' ],
170 silly audit   'is-boolean-object': [ '1.2.2' ],
170 silly audit   'is-bun-module': [ '1.3.0' ],
170 silly audit   'is-callable': [ '1.2.7' ],
170 silly audit   'is-core-module': [ '2.16.1' ],
170 silly audit   'is-data-view': [ '1.0.2' ],
170 silly audit   'is-date-object': [ '1.1.0' ],
170 silly audit   'is-extglob': [ '2.1.1' ],
170 silly audit   'is-finalizationregistry': [ '1.1.1' ],
170 silly audit   'is-fullwidth-code-point': [ '3.0.0' ],
170 silly audit   'is-generator-function': [ '1.1.0' ],
170 silly audit   'is-glob': [ '4.0.3' ],
170 silly audit   'is-map': [ '2.0.3' ],
170 silly audit   'is-number': [ '7.0.0' ],
170 silly audit   'is-number-object': [ '1.1.1' ],
170 silly audit   'is-regex': [ '1.2.1' ],
170 silly audit   'is-set': [ '2.0.3' ],
170 silly audit   'is-shared-array-buffer': [ '1.0.4' ],
170 silly audit   'is-string': [ '1.1.1' ],
170 silly audit   'is-symbol': [ '1.1.1' ],
170 silly audit   'is-typed-array': [ '1.1.15' ],
170 silly audit   'is-weakmap': [ '2.0.2' ],
170 silly audit   'is-weakref': [ '1.1.1' ],
170 silly audit   'is-weakset': [ '2.0.4' ],
170 silly audit   isarray: [ '2.0.5' ],
170 silly audit   isexe: [ '2.0.0' ],
170 silly audit   'iterator.prototype': [ '1.1.5' ],
170 silly audit   jackspeak: [ '3.4.3' ],
170 silly audit   jiti: [ '1.21.7' ],
170 silly audit   'js-tokens': [ '4.0.0' ],
170 silly audit   'js-yaml': [ '4.1.0' ],
170 silly audit   'json-buffer': [ '3.0.1' ],
170 silly audit   'json-schema-traverse': [ '0.4.1' ],
170 silly audit   'json-stable-stringify-without-jsonify': [ '1.0.1' ],
170 silly audit   json5: [ '1.0.2' ],
170 silly audit   'jsx-ast-utils': [ '3.3.5' ],
170 silly audit   'jwt-decode': [ '4.0.0' ],
170 silly audit   keyv: [ '4.5.4' ],
170 silly audit   'language-subtag-registry': [ '0.3.23' ],
170 silly audit   'language-tags': [ '1.0.9' ],
170 silly audit   levn: [ '0.4.1' ],
170 silly audit   lilconfig: [ '3.1.3' ],
170 silly audit   'lines-and-columns': [ '1.2.4' ],
170 silly audit   'locate-path': [ '6.0.0' ],
170 silly audit   lodash: [ '4.17.21' ],
170 silly audit   'lodash.merge': [ '4.6.2' ],
170 silly audit   'loose-envify': [ '1.4.0' ],
170 silly audit   'lru-cache': [ '10.4.3' ],
170 silly audit   'math-intrinsics': [ '1.1.0' ],
170 silly audit   merge2: [ '1.4.1' ],
170 silly audit   micromatch: [ '4.0.8' ],
170 silly audit   minimist: [ '1.2.8' ],
170 silly audit   minipass: [ '7.1.2' ],
170 silly audit   ms: [ '2.1.3' ],
170 silly audit   mz: [ '2.7.0' ],
170 silly audit   nanoid: [ '3.3.8' ],
170 silly audit   'natural-compare': [ '1.4.0' ],
170 silly audit   next: [ '15.1.7' ],
170 silly audit   postcss: [ '8.4.31', '8.5.3' ],
170 silly audit   'normalize-path': [ '3.0.0' ],
170 silly audit   'object-assign': [ '4.1.1' ],
170 silly audit   'object-hash': [ '3.0.0' ],
170 silly audit   'object-inspect': [ '1.13.4' ],
170 silly audit   'object-keys': [ '1.1.1' ],
170 silly audit   'object.assign': [ '4.1.7' ],
170 silly audit   'object.entries': [ '1.1.8' ],
170 silly audit   'object.fromentries': [ '2.0.8' ],
170 silly audit   'object.groupby': [ '1.0.3' ],
170 silly audit   'object.values': [ '1.2.1' ],
170 silly audit   optimism: [ '0.18.1' ],
170 silly audit   optionator: [ '0.9.4' ],
170 silly audit   'own-keys': [ '1.0.1' ],
170 silly audit   'p-limit': [ '3.1.0' ],
170 silly audit   'p-locate': [ '5.0.0' ],
170 silly audit   'package-json-from-dist': [ '1.0.1' ],
170 silly audit   'parent-module': [ '1.0.1' ],
170 silly audit   'path-exists': [ '4.0.0' ],
170 silly audit   'path-key': [ '3.1.1' ],
170 silly audit   'path-parse': [ '1.0.7' ],
170 silly audit   'path-scurry': [ '1.11.1' ],
170 silly audit   picocolors: [ '1.1.1' ],
170 silly audit   picomatch: [ '2.3.1', '4.0.2' ],
170 silly audit   pify: [ '2.3.0' ],
170 silly audit   pirates: [ '4.0.6' ],
170 silly audit   'possible-typed-array-names': [ '1.1.0' ],
170 silly audit   'postcss-import': [ '15.1.0' ],
170 silly audit   'postcss-js': [ '4.0.1' ],
170 silly audit   'postcss-load-config': [ '4.0.2' ],
170 silly audit   'postcss-nested': [ '6.2.0' ],
170 silly audit   'postcss-selector-parser': [ '6.1.2' ],
170 silly audit   'postcss-value-parser': [ '4.2.0' ],
170 silly audit   'prelude-ls': [ '1.2.1' ],
170 silly audit   'prop-types': [ '15.8.1' ],
170 silly audit   punycode: [ '2.3.1' ],
170 silly audit   'queue-microtask': [ '1.2.3' ],
170 silly audit   react: [ '19.0.0' ],
170 silly audit   'react-dom': [ '19.0.0' ],
170 silly audit   'react-is': [ '16.13.1', '18.3.1' ],
170 silly audit   'react-smooth': [ '4.0.4' ],
170 silly audit   'react-transition-group': [ '4.4.5' ],
170 silly audit   'read-cache': [ '1.0.0' ],
170 silly audit   readdirp: [ '3.6.0' ],
170 silly audit   recharts: [ '2.15.1' ],
170 silly audit   'recharts-scale': [ '0.4.5' ],
170 silly audit   'reflect.getprototypeof': [ '1.0.10' ],
170 silly audit   'regenerator-runtime': [ '0.14.1' ],
170 silly audit   'regexp.prototype.flags': [ '1.5.4' ],
170 silly audit   rehackt: [ '0.1.0' ],
170 silly audit   'resolve-from': [ '4.0.0' ],
170 silly audit   'resolve-pkg-maps': [ '1.0.0' ],
170 silly audit   reusify: [ '1.0.4' ],
170 silly audit   'run-parallel': [ '1.2.0' ],
170 silly audit   'safe-array-concat': [ '1.1.3' ],
170 silly audit   'safe-push-apply': [ '1.0.0' ],
170 silly audit   'safe-regex-test': [ '1.1.0' ],
170 silly audit   scheduler: [ '0.25.0' ],
170 silly audit   'set-function-length': [ '1.2.2' ],
170 silly audit   'set-function-name': [ '2.0.2' ],
170 silly audit   'set-proto': [ '1.0.0' ],
170 silly audit   sharp: [ '0.33.5' ],
170 silly audit   'shebang-command': [ '2.0.0' ],
170 silly audit   'shebang-regex': [ '3.0.0' ],
170 silly audit   'side-channel': [ '1.1.0' ],
170 silly audit   'side-channel-list': [ '1.0.0' ],
170 silly audit   'side-channel-map': [ '1.0.1' ],
170 silly audit   'side-channel-weakmap': [ '1.0.2' ],
170 silly audit   'signal-exit': [ '4.1.0' ],
170 silly audit   'simple-swizzle': [ '0.2.2' ],
170 silly audit   'source-map-js': [ '1.2.1' ],
170 silly audit   'stable-hash': [ '0.0.4' ],
170 silly audit   streamsearch: [ '1.1.0' ],
170 silly audit   'string-width': [ '5.1.2', '4.2.3' ],
170 silly audit   'strip-ansi': [ '6.0.1', '7.1.0' ],
170 silly audit   'string.prototype.includes': [ '2.0.1' ],
170 silly audit   'string.prototype.matchall': [ '4.0.12' ],
170 silly audit   'string.prototype.repeat': [ '1.0.0' ],
170 silly audit   'string.prototype.trim': [ '1.2.10' ],
170 silly audit   'string.prototype.trimend': [ '1.0.9' ],
170 silly audit   'string.prototype.trimstart': [ '1.0.8' ],
170 silly audit   'strip-bom': [ '3.0.0' ],
170 silly audit   'strip-json-comments': [ '3.1.1' ],
170 silly audit   'styled-jsx': [ '5.1.6' ],
170 silly audit   sucrase: [ '3.35.0' ],
170 silly audit   'supports-color': [ '7.2.0' ],
170 silly audit   'supports-preserve-symlinks-flag': [ '1.0.0' ],
170 silly audit   'symbol-observable': [ '4.0.0' ],
170 silly audit   tailwindcss: [ '3.4.17' ],
170 silly audit   tapable: [ '2.2.1' ],
170 silly audit   thenify: [ '3.3.1' ],
170 silly audit   'thenify-all': [ '1.6.0' ],
170 silly audit   'tiny-invariant': [ '1.3.3' ],
170 silly audit   tinyglobby: [ '0.2.12' ],
170 silly audit   fdir: [ '6.4.3' ],
170 silly audit   'to-regex-range': [ '5.0.1' ],
170 silly audit   'ts-api-utils': [ '2.0.1' ],
170 silly audit   'ts-interface-checker': [ '0.1.13' ],
170 silly audit   'ts-invariant': [ '0.10.3' ],
170 silly audit   'tsconfig-paths': [ '3.15.0' ],
170 silly audit   tslib: [ '2.8.1' ],
170 silly audit   'type-check': [ '0.4.0' ],
170 silly audit   'typed-array-buffer': [ '1.0.3' ],
170 silly audit   'typed-array-byte-length': [ '1.0.3' ],
170 silly audit   'typed-array-byte-offset': [ '1.0.4' ],
170 silly audit   'typed-array-length': [ '1.0.7' ],
170 silly audit   typescript: [ '5.7.3' ],
170 silly audit   'unbox-primitive': [ '1.1.0' ],
170 silly audit   'undici-types': [ '6.19.8' ],
170 silly audit   'uri-js': [ '4.4.1' ],
170 silly audit   'util-deprecate': [ '1.0.2' ],
170 silly audit   'victory-vendor': [ '36.9.2' ],
170 silly audit   which: [ '2.0.2' ],
170 silly audit   'which-boxed-primitive': [ '1.1.1' ],
170 silly audit   'which-builtin-type': [ '1.2.1' ],
170 silly audit   'which-collection': [ '1.0.2' ],
170 silly audit   'which-typed-array': [ '1.1.18' ],
170 silly audit   'word-wrap': [ '1.2.5' ],
170 silly audit   'wrap-ansi': [ '8.1.0', '7.0.0' ],
170 silly audit   yaml: [ '2.7.0' ],
170 silly audit   'yocto-queue': [ '0.1.0' ],
170 silly audit   'zen-observable': [ '0.8.15' ],
170 silly audit   'zen-observable-ts': [ '1.2.5' ],
170 silly audit   'particles.js': [ '2.0.0' ],
170 silly audit   'react-tsparticles': [ '2.12.2' ],
170 silly audit   tsparticles: [ '3.8.1' ],
170 silly audit   'tsparticles-engine': [ '2.12.0' ],
170 silly audit   '@tsparticles/engine': [ '3.8.1' ],
170 silly audit   '@tsparticles/interaction-external-trail': [ '3.8.1' ],
170 silly audit   '@tsparticles/plugin-absorbers': [ '3.8.1' ],
170 silly audit   '@tsparticles/plugin-emitters': [ '3.8.1' ],
170 silly audit   '@tsparticles/plugin-emitters-shape-circle': [ '3.8.1' ],
170 silly audit   '@tsparticles/plugin-emitters-shape-square': [ '3.8.1' ],
170 silly audit   '@tsparticles/shape-text': [ '3.8.1' ],
170 silly audit   '@tsparticles/slim': [ '3.8.1' ],
170 silly audit   '@tsparticles/updater-destroy': [ '3.8.1' ],
170 silly audit   '@tsparticles/updater-roll': [ '3.8.1' ],
170 silly audit   '@tsparticles/updater-tilt': [ '3.8.1' ],
170 silly audit   '@tsparticles/updater-twinkle': [ '3.8.1' ],
170 silly audit   '@tsparticles/updater-wobble': [ '3.8.1' ],
170 silly audit   '@tsparticles/basic': [ '3.8.1' ],
170 silly audit   '@tsparticles/interaction-external-attract': [ '3.8.1' ],
170 silly audit   '@tsparticles/interaction-external-bounce': [ '3.8.1' ],
170 silly audit   '@tsparticles/interaction-external-bubble': [ '3.8.1' ],
170 silly audit   '@tsparticles/interaction-external-connect': [ '3.8.1' ],
170 silly audit   '@tsparticles/interaction-external-grab': [ '3.8.1' ],
170 silly audit   '@tsparticles/interaction-external-pause': [ '3.8.1' ],
170 silly audit   '@tsparticles/interaction-external-push': [ '3.8.1' ],
170 silly audit   '@tsparticles/interaction-external-remove': [ '3.8.1' ],
170 silly audit   '@tsparticles/interaction-external-repulse': [ '3.8.1' ],
170 silly audit   '@tsparticles/interaction-external-slow': [ '3.8.1' ],
170 silly audit   '@tsparticles/interaction-particles-attract': [ '3.8.1' ],
170 silly audit   '@tsparticles/interaction-particles-collisions': [ '3.8.1' ],
170 silly audit   '@tsparticles/interaction-particles-links': [ '3.8.1' ],
170 silly audit   '@tsparticles/move-parallax': [ '3.8.1' ],
170 silly audit   '@tsparticles/plugin-easing-quad': [ '3.8.1' ],
170 silly audit   '@tsparticles/shape-emoji': [ '3.8.1' ],
170 silly audit   '@tsparticles/shape-image': [ '3.8.1' ],
170 silly audit   '@tsparticles/shape-line': [ '3.8.1' ],
170 silly audit   '@tsparticles/shape-polygon': [ '3.8.1' ],
170 silly audit   '@tsparticles/shape-square': [ '3.8.1' ],
170 silly audit   '@tsparticles/shape-star': [ '3.8.1' ],
170 silly audit   '@tsparticles/updater-life': [ '3.8.1' ],
170 silly audit   '@tsparticles/updater-rotate': [ '3.8.1' ],
170 silly audit   '@tsparticles/updater-stroke-color': [ '3.8.1' ],
170 silly audit   '@tsparticles/move-base': [ '3.8.1' ],
170 silly audit   '@tsparticles/plugin-hex-color': [ '3.8.1' ],
170 silly audit   '@tsparticles/plugin-hsl-color': [ '3.8.1' ],
170 silly audit   '@tsparticles/plugin-rgb-color': [ '3.8.1' ],
170 silly audit   '@tsparticles/shape-circle': [ '3.8.1' ],
170 silly audit   '@tsparticles/updater-color': [ '3.8.1' ],
170 silly audit   '@tsparticles/updater-opacity': [ '3.8.1' ],
170 silly audit   '@tsparticles/updater-out-modes': [ '3.8.1' ],
170 silly audit   '@tsparticles/updater-size': [ '3.8.1' ]
170 silly audit }
171 verbose reify failed optional dependency C:\Users\Zahra\graphql3\node_modules\fsevents
172 silly reify mark deleted [ 'C:\\Users\\Zahra\\graphql3\\node_modules\\fsevents' ]
173 verbose reify failed optional dependency C:\Users\Zahra\graphql3\node_modules\@next\swc-win32-arm64-msvc
174 silly reify mark deleted [
174 silly reify   'C:\\Users\\Zahra\\graphql3\\node_modules\\@next\\swc-win32-arm64-msvc'
174 silly reify ]
175 verbose reify failed optional dependency C:\Users\Zahra\graphql3\node_modules\@next\swc-linux-x64-musl
176 silly reify mark deleted [
176 silly reify   'C:\\Users\\Zahra\\graphql3\\node_modules\\@next\\swc-linux-x64-musl'
176 silly reify ]
177 verbose reify failed optional dependency C:\Users\Zahra\graphql3\node_modules\@next\swc-linux-x64-gnu
178 silly reify mark deleted [
178 silly reify   'C:\\Users\\Zahra\\graphql3\\node_modules\\@next\\swc-linux-x64-gnu'
178 silly reify ]
179 verbose reify failed optional dependency C:\Users\Zahra\graphql3\node_modules\@next\swc-linux-arm64-musl
180 silly reify mark deleted [
180 silly reify   'C:\\Users\\Zahra\\graphql3\\node_modules\\@next\\swc-linux-arm64-musl'
180 silly reify ]
181 verbose reify failed optional dependency C:\Users\Zahra\graphql3\node_modules\@next\swc-linux-arm64-gnu
182 silly reify mark deleted [
182 silly reify   'C:\\Users\\Zahra\\graphql3\\node_modules\\@next\\swc-linux-arm64-gnu'
182 silly reify ]
183 verbose reify failed optional dependency C:\Users\Zahra\graphql3\node_modules\@next\swc-darwin-x64
184 silly reify mark deleted [ 'C:\\Users\\Zahra\\graphql3\\node_modules\\@next\\swc-darwin-x64' ]
185 verbose reify failed optional dependency C:\Users\Zahra\graphql3\node_modules\@next\swc-darwin-arm64
186 silly reify mark deleted [ 'C:\\Users\\Zahra\\graphql3\\node_modules\\@next\\swc-darwin-arm64' ]
187 verbose reify failed optional dependency C:\Users\Zahra\graphql3\node_modules\@img\sharp-win32-ia32
188 silly reify mark deleted [ 'C:\\Users\\Zahra\\graphql3\\node_modules\\@img\\sharp-win32-ia32' ]
189 verbose reify failed optional dependency C:\Users\Zahra\graphql3\node_modules\@img\sharp-wasm32
190 silly reify mark deleted [ 'C:\\Users\\Zahra\\graphql3\\node_modules\\@img\\sharp-wasm32' ]
191 verbose reify failed optional dependency C:\Users\Zahra\graphql3\node_modules\@emnapi\runtime
192 silly reify mark deleted [ 'C:\\Users\\Zahra\\graphql3\\node_modules\\@emnapi\\runtime' ]
193 verbose reify failed optional dependency C:\Users\Zahra\graphql3\node_modules\@img\sharp-linuxmusl-x64
194 silly reify mark deleted [
194 silly reify   'C:\\Users\\Zahra\\graphql3\\node_modules\\@img\\sharp-linuxmusl-x64'
194 silly reify ]
195 verbose reify failed optional dependency C:\Users\Zahra\graphql3\node_modules\@img\sharp-linuxmusl-arm64
196 silly reify mark deleted [
196 silly reify   'C:\\Users\\Zahra\\graphql3\\node_modules\\@img\\sharp-linuxmusl-arm64'
196 silly reify ]
197 verbose reify failed optional dependency C:\Users\Zahra\graphql3\node_modules\@img\sharp-linux-x64
198 silly reify mark deleted [ 'C:\\Users\\Zahra\\graphql3\\node_modules\\@img\\sharp-linux-x64' ]
199 verbose reify failed optional dependency C:\Users\Zahra\graphql3\node_modules\@img\sharp-linux-s390x
200 silly reify mark deleted [ 'C:\\Users\\Zahra\\graphql3\\node_modules\\@img\\sharp-linux-s390x' ]
201 verbose reify failed optional dependency C:\Users\Zahra\graphql3\node_modules\@img\sharp-linux-arm64
202 silly reify mark deleted [ 'C:\\Users\\Zahra\\graphql3\\node_modules\\@img\\sharp-linux-arm64' ]
203 verbose reify failed optional dependency C:\Users\Zahra\graphql3\node_modules\@img\sharp-linux-arm
204 silly reify mark deleted [ 'C:\\Users\\Zahra\\graphql3\\node_modules\\@img\\sharp-linux-arm' ]
205 verbose reify failed optional dependency C:\Users\Zahra\graphql3\node_modules\@img\sharp-libvips-linuxmusl-x64
206 silly reify mark deleted [
206 silly reify   'C:\\Users\\Zahra\\graphql3\\node_modules\\@img\\sharp-libvips-linuxmusl-x64'
206 silly reify ]
207 verbose reify failed optional dependency C:\Users\Zahra\graphql3\node_modules\@img\sharp-libvips-linuxmusl-arm64
208 silly reify mark deleted [
208 silly reify   'C:\\Users\\Zahra\\graphql3\\node_modules\\@img\\sharp-libvips-linuxmusl-arm64'
208 silly reify ]
209 verbose reify failed optional dependency C:\Users\Zahra\graphql3\node_modules\@img\sharp-libvips-linux-x64
210 silly reify mark deleted [
210 silly reify   'C:\\Users\\Zahra\\graphql3\\node_modules\\@img\\sharp-libvips-linux-x64'
210 silly reify ]
211 verbose reify failed optional dependency C:\Users\Zahra\graphql3\node_modules\@img\sharp-libvips-linux-s390x
212 silly reify mark deleted [
212 silly reify   'C:\\Users\\Zahra\\graphql3\\node_modules\\@img\\sharp-libvips-linux-s390x'
212 silly reify ]
213 verbose reify failed optional dependency C:\Users\Zahra\graphql3\node_modules\@img\sharp-libvips-linux-arm64
214 silly reify mark deleted [
214 silly reify   'C:\\Users\\Zahra\\graphql3\\node_modules\\@img\\sharp-libvips-linux-arm64'
214 silly reify ]
215 verbose reify failed optional dependency C:\Users\Zahra\graphql3\node_modules\@img\sharp-libvips-linux-arm
216 silly reify mark deleted [
216 silly reify   'C:\\Users\\Zahra\\graphql3\\node_modules\\@img\\sharp-libvips-linux-arm'
216 silly reify ]
217 verbose reify failed optional dependency C:\Users\Zahra\graphql3\node_modules\@img\sharp-libvips-darwin-x64
218 silly reify mark deleted [
218 silly reify   'C:\\Users\\Zahra\\graphql3\\node_modules\\@img\\sharp-libvips-darwin-x64'
218 silly reify ]
219 verbose reify failed optional dependency C:\Users\Zahra\graphql3\node_modules\@img\sharp-libvips-darwin-arm64
220 silly reify mark deleted [
220 silly reify   'C:\\Users\\Zahra\\graphql3\\node_modules\\@img\\sharp-libvips-darwin-arm64'
220 silly reify ]
221 verbose reify failed optional dependency C:\Users\Zahra\graphql3\node_modules\@img\sharp-darwin-x64
222 silly reify mark deleted [ 'C:\\Users\\Zahra\\graphql3\\node_modules\\@img\\sharp-darwin-x64' ]
223 verbose reify failed optional dependency C:\Users\Zahra\graphql3\node_modules\@img\sharp-darwin-arm64
224 silly reify mark deleted [
224 silly reify   'C:\\Users\\Zahra\\graphql3\\node_modules\\@img\\sharp-darwin-arm64'
224 silly reify ]
225 silly tarball no local data for @tsparticles/updater-size@https://registry.npmjs.org/@tsparticles/updater-size/-/updater-size-3.8.1.tgz. Extracting by manifest.
226 silly tarball no local data for @tsparticles/updater-out-modes@https://registry.npmjs.org/@tsparticles/updater-out-modes/-/updater-out-modes-3.8.1.tgz. Extracting by manifest.
227 silly tarball no local data for @tsparticles/updater-opacity@https://registry.npmjs.org/@tsparticles/updater-opacity/-/updater-opacity-3.8.1.tgz. Extracting by manifest.
228 silly tarball no local data for @tsparticles/updater-color@https://registry.npmjs.org/@tsparticles/updater-color/-/updater-color-3.8.1.tgz. Extracting by manifest.
229 silly tarball no local data for @tsparticles/shape-circle@https://registry.npmjs.org/@tsparticles/shape-circle/-/shape-circle-3.8.1.tgz. Extracting by manifest.
230 silly tarball no local data for @tsparticles/plugin-rgb-color@https://registry.npmjs.org/@tsparticles/plugin-rgb-color/-/plugin-rgb-color-3.8.1.tgz. Extracting by manifest.
231 silly tarball no local data for @tsparticles/plugin-hsl-color@https://registry.npmjs.org/@tsparticles/plugin-hsl-color/-/plugin-hsl-color-3.8.1.tgz. Extracting by manifest.
232 silly tarball no local data for @tsparticles/move-base@https://registry.npmjs.org/@tsparticles/move-base/-/move-base-3.8.1.tgz. Extracting by manifest.
233 silly tarball no local data for @tsparticles/updater-rotate@https://registry.npmjs.org/@tsparticles/updater-rotate/-/updater-rotate-3.8.1.tgz. Extracting by manifest.
234 silly tarball no local data for @tsparticles/updater-stroke-color@https://registry.npmjs.org/@tsparticles/updater-stroke-color/-/updater-stroke-color-3.8.1.tgz. Extracting by manifest.
235 silly tarball no local data for @tsparticles/plugin-hex-color@https://registry.npmjs.org/@tsparticles/plugin-hex-color/-/plugin-hex-color-3.8.1.tgz. Extracting by manifest.
236 silly tarball no local data for @tsparticles/updater-life@https://registry.npmjs.org/@tsparticles/updater-life/-/updater-life-3.8.1.tgz. Extracting by manifest.
237 silly tarball no local data for @tsparticles/shape-star@https://registry.npmjs.org/@tsparticles/shape-star/-/shape-star-3.8.1.tgz. Extracting by manifest.
238 silly tarball no local data for @tsparticles/shape-square@https://registry.npmjs.org/@tsparticles/shape-square/-/shape-square-3.8.1.tgz. Extracting by manifest.
239 silly tarball no local data for @tsparticles/shape-polygon@https://registry.npmjs.org/@tsparticles/shape-polygon/-/shape-polygon-3.8.1.tgz. Extracting by manifest.
240 silly tarball no local data for @tsparticles/shape-line@https://registry.npmjs.org/@tsparticles/shape-line/-/shape-line-3.8.1.tgz. Extracting by manifest.
241 silly tarball no local data for @tsparticles/shape-image@https://registry.npmjs.org/@tsparticles/shape-image/-/shape-image-3.8.1.tgz. Extracting by manifest.
242 silly tarball no local data for @tsparticles/plugin-easing-quad@https://registry.npmjs.org/@tsparticles/plugin-easing-quad/-/plugin-easing-quad-3.8.1.tgz. Extracting by manifest.
243 silly tarball no local data for @tsparticles/shape-emoji@https://registry.npmjs.org/@tsparticles/shape-emoji/-/shape-emoji-3.8.1.tgz. Extracting by manifest.
244 silly tarball no local data for @tsparticles/move-parallax@https://registry.npmjs.org/@tsparticles/move-parallax/-/move-parallax-3.8.1.tgz. Extracting by manifest.
245 silly tarball no local data for @tsparticles/interaction-particles-links@https://registry.npmjs.org/@tsparticles/interaction-particles-links/-/interaction-particles-links-3.8.1.tgz. Extracting by manifest.
246 silly tarball no local data for @tsparticles/interaction-particles-collisions@https://registry.npmjs.org/@tsparticles/interaction-particles-collisions/-/interaction-particles-collisions-3.8.1.tgz. Extracting by manifest.
247 silly tarball no local data for @tsparticles/interaction-particles-attract@https://registry.npmjs.org/@tsparticles/interaction-particles-attract/-/interaction-particles-attract-3.8.1.tgz. Extracting by manifest.
248 silly tarball no local data for @tsparticles/interaction-external-slow@https://registry.npmjs.org/@tsparticles/interaction-external-slow/-/interaction-external-slow-3.8.1.tgz. Extracting by manifest.
249 silly tarball no local data for @tsparticles/interaction-external-remove@https://registry.npmjs.org/@tsparticles/interaction-external-remove/-/interaction-external-remove-3.8.1.tgz. Extracting by manifest.
250 silly tarball no local data for @tsparticles/interaction-external-repulse@https://registry.npmjs.org/@tsparticles/interaction-external-repulse/-/interaction-external-repulse-3.8.1.tgz. Extracting by manifest.
251 silly tarball no local data for @tsparticles/interaction-external-push@https://registry.npmjs.org/@tsparticles/interaction-external-push/-/interaction-external-push-3.8.1.tgz. Extracting by manifest.
252 silly tarball no local data for @tsparticles/interaction-external-pause@https://registry.npmjs.org/@tsparticles/interaction-external-pause/-/interaction-external-pause-3.8.1.tgz. Extracting by manifest.
253 silly tarball no local data for @tsparticles/interaction-external-grab@https://registry.npmjs.org/@tsparticles/interaction-external-grab/-/interaction-external-grab-3.8.1.tgz. Extracting by manifest.
254 silly tarball no local data for @tsparticles/interaction-external-connect@https://registry.npmjs.org/@tsparticles/interaction-external-connect/-/interaction-external-connect-3.8.1.tgz. Extracting by manifest.
255 silly tarball no local data for @tsparticles/interaction-external-attract@https://registry.npmjs.org/@tsparticles/interaction-external-attract/-/interaction-external-attract-3.8.1.tgz. Extracting by manifest.
256 silly tarball no local data for @tsparticles/interaction-external-bubble@https://registry.npmjs.org/@tsparticles/interaction-external-bubble/-/interaction-external-bubble-3.8.1.tgz. Extracting by manifest.
257 silly tarball no local data for @tsparticles/interaction-external-bounce@https://registry.npmjs.org/@tsparticles/interaction-external-bounce/-/interaction-external-bounce-3.8.1.tgz. Extracting by manifest.
258 silly tarball no local data for @tsparticles/basic@https://registry.npmjs.org/@tsparticles/basic/-/basic-3.8.1.tgz. Extracting by manifest.
259 silly tarball no local data for @tsparticles/updater-wobble@https://registry.npmjs.org/@tsparticles/updater-wobble/-/updater-wobble-3.8.1.tgz. Extracting by manifest.
260 silly tarball no local data for @tsparticles/updater-twinkle@https://registry.npmjs.org/@tsparticles/updater-twinkle/-/updater-twinkle-3.8.1.tgz. Extracting by manifest.
261 silly tarball no local data for @tsparticles/updater-tilt@https://registry.npmjs.org/@tsparticles/updater-tilt/-/updater-tilt-3.8.1.tgz. Extracting by manifest.
262 silly tarball no local data for @tsparticles/updater-destroy@https://registry.npmjs.org/@tsparticles/updater-destroy/-/updater-destroy-3.8.1.tgz. Extracting by manifest.
263 silly tarball no local data for @tsparticles/updater-roll@https://registry.npmjs.org/@tsparticles/updater-roll/-/updater-roll-3.8.1.tgz. Extracting by manifest.
264 silly tarball no local data for @tsparticles/plugin-emitters-shape-square@https://registry.npmjs.org/@tsparticles/plugin-emitters-shape-square/-/plugin-emitters-shape-square-3.8.1.tgz. Extracting by manifest.
265 silly tarball no local data for @tsparticles/shape-text@https://registry.npmjs.org/@tsparticles/shape-text/-/shape-text-3.8.1.tgz. Extracting by manifest.
266 silly tarball no local data for @tsparticles/slim@https://registry.npmjs.org/@tsparticles/slim/-/slim-3.8.1.tgz. Extracting by manifest.
267 silly tarball no local data for @tsparticles/plugin-emitters-shape-circle@https://registry.npmjs.org/@tsparticles/plugin-emitters-shape-circle/-/plugin-emitters-shape-circle-3.8.1.tgz. Extracting by manifest.
268 silly tarball no local data for @tsparticles/plugin-emitters@https://registry.npmjs.org/@tsparticles/plugin-emitters/-/plugin-emitters-3.8.1.tgz. Extracting by manifest.
269 silly tarball no local data for @tsparticles/plugin-absorbers@https://registry.npmjs.org/@tsparticles/plugin-absorbers/-/plugin-absorbers-3.8.1.tgz. Extracting by manifest.
270 silly tarball no local data for @tsparticles/interaction-external-trail@https://registry.npmjs.org/@tsparticles/interaction-external-trail/-/interaction-external-trail-3.8.1.tgz. Extracting by manifest.
271 silly tarball no local data for @tsparticles/engine@https://registry.npmjs.org/@tsparticles/engine/-/engine-3.8.1.tgz. Extracting by manifest.
272 silly tarball no local data for tsparticles-engine@https://registry.npmjs.org/tsparticles-engine/-/tsparticles-engine-2.12.0.tgz. Extracting by manifest.
273 silly tarball no local data for tsparticles@https://registry.npmjs.org/tsparticles/-/tsparticles-3.8.1.tgz. Extracting by manifest.
274 silly tarball no local data for react-tsparticles@https://registry.npmjs.org/react-tsparticles/-/react-tsparticles-2.12.2.tgz. Extracting by manifest.
275 silly tarball no local data for particles.js@https://registry.npmjs.org/particles.js/-/particles.js-2.0.0.tgz. Extracting by manifest.
276 http fetch POST 200 https://registry.npmjs.org/-/npm/v1/security/advisories/bulk 329ms
277 silly audit report {}
278 http fetch GET 200 https://registry.npmjs.org/@tsparticles/plugin-easing-quad/-/plugin-easing-quad-3.8.1.tgz 575ms (cache miss)
279 http fetch GET 200 https://registry.npmjs.org/@tsparticles/plugin-rgb-color/-/plugin-rgb-color-3.8.1.tgz 992ms (cache miss)
280 http fetch GET 200 https://registry.npmjs.org/@tsparticles/updater-size/-/updater-size-3.8.1.tgz 1184ms (cache miss)
281 http fetch GET 200 https://registry.npmjs.org/@tsparticles/updater-opacity/-/updater-opacity-3.8.1.tgz 1183ms (cache miss)
282 http fetch GET 200 https://registry.npmjs.org/particles.js/-/particles.js-2.0.0.tgz 1179ms (cache miss)
283 http fetch GET 200 https://registry.npmjs.org/@tsparticles/move-parallax/-/move-parallax-3.8.1.tgz 1682ms (cache miss)
284 http fetch GET 200 https://registry.npmjs.org/@tsparticles/shape-line/-/shape-line-3.8.1.tgz 1737ms (cache miss)
285 http fetch GET 200 https://registry.npmjs.org/@tsparticles/updater-color/-/updater-color-3.8.1.tgz 1798ms (cache miss)
286 http fetch GET 200 https://registry.npmjs.org/@tsparticles/shape-circle/-/shape-circle-3.8.1.tgz 1798ms (cache miss)
287 http fetch GET 200 https://registry.npmjs.org/@tsparticles/interaction-particles-attract/-/interaction-particles-attract-3.8.1.tgz 1899ms (cache miss)
288 http fetch GET 200 https://registry.npmjs.org/@tsparticles/interaction-external-pause/-/interaction-external-pause-3.8.1.tgz 1939ms (cache miss)
289 http fetch GET 200 https://registry.npmjs.org/@tsparticles/plugin-hsl-color/-/plugin-hsl-color-3.8.1.tgz 2013ms (cache miss)
290 http fetch GET 200 https://registry.npmjs.org/@tsparticles/plugin-hex-color/-/plugin-hex-color-3.8.1.tgz 2018ms (cache miss)
291 http fetch GET 200 https://registry.npmjs.org/@tsparticles/shape-emoji/-/shape-emoji-3.8.1.tgz 2034ms (cache miss)
292 http fetch GET 200 https://registry.npmjs.org/@tsparticles/updater-stroke-color/-/updater-stroke-color-3.8.1.tgz 2116ms (cache miss)
293 http fetch GET 200 https://registry.npmjs.org/@tsparticles/shape-square/-/shape-square-3.8.1.tgz 2185ms (cache miss)
294 http fetch GET 200 https://registry.npmjs.org/react-tsparticles/-/react-tsparticles-2.12.2.tgz 2214ms (cache miss)
295 http fetch GET 200 https://registry.npmjs.org/@tsparticles/plugin-emitters-shape-circle/-/plugin-emitters-shape-circle-3.8.1.tgz 2227ms (cache miss)
296 http fetch GET 200 https://registry.npmjs.org/@tsparticles/interaction-external-remove/-/interaction-external-remove-3.8.1.tgz 2248ms (cache miss)
297 http fetch GET 200 https://registry.npmjs.org/@tsparticles/basic/-/basic-3.8.1.tgz 2241ms (cache miss)
298 http fetch GET 200 https://registry.npmjs.org/@tsparticles/plugin-emitters-shape-square/-/plugin-emitters-shape-square-3.8.1.tgz 2239ms (cache miss)
299 warn deprecated react-tsparticles@2.12.2: @tsparticles/react is the new version, please use that
300 http fetch GET 200 https://registry.npmjs.org/@tsparticles/shape-text/-/shape-text-3.8.1.tgz 2247ms (cache miss)
301 http fetch GET 200 https://registry.npmjs.org/@tsparticles/updater-out-modes/-/updater-out-modes-3.8.1.tgz 2294ms (cache miss)
302 http fetch GET 200 https://registry.npmjs.org/@tsparticles/shape-polygon/-/shape-polygon-3.8.1.tgz 2281ms (cache miss)
303 http fetch GET 200 https://registry.npmjs.org/@tsparticles/interaction-particles-collisions/-/interaction-particles-collisions-3.8.1.tgz 2299ms (cache miss)
304 http fetch GET 200 https://registry.npmjs.org/@tsparticles/shape-star/-/shape-star-3.8.1.tgz 2351ms (cache miss)
305 http fetch GET 200 https://registry.npmjs.org/@tsparticles/interaction-external-push/-/interaction-external-push-3.8.1.tgz 2447ms (cache miss)
306 http fetch GET 200 https://registry.npmjs.org/@tsparticles/interaction-external-slow/-/interaction-external-slow-3.8.1.tgz 2450ms (cache miss)
307 http fetch GET 200 https://registry.npmjs.org/@tsparticles/slim/-/slim-3.8.1.tgz 2437ms (cache miss)
308 http fetch GET 200 https://registry.npmjs.org/@tsparticles/move-base/-/move-base-3.8.1.tgz 2498ms (cache miss)
309 http fetch GET 200 https://registry.npmjs.org/tsparticles/-/tsparticles-3.8.1.tgz 2548ms (cache miss)
310 http fetch GET 200 https://registry.npmjs.org/@tsparticles/interaction-external-trail/-/interaction-external-trail-3.8.1.tgz 2579ms (cache miss)
311 http fetch GET 200 https://registry.npmjs.org/@tsparticles/updater-rotate/-/updater-rotate-3.8.1.tgz 2647ms (cache miss)
312 http fetch GET 200 https://registry.npmjs.org/@tsparticles/interaction-external-attract/-/interaction-external-attract-3.8.1.tgz 2664ms (cache miss)
313 http fetch GET 200 https://registry.npmjs.org/@tsparticles/updater-twinkle/-/updater-twinkle-3.8.1.tgz 2677ms (cache miss)
314 http fetch GET 200 https://registry.npmjs.org/@tsparticles/interaction-external-bounce/-/interaction-external-bounce-3.8.1.tgz 2681ms (cache miss)
315 http fetch GET 200 https://registry.npmjs.org/@tsparticles/updater-tilt/-/updater-tilt-3.8.1.tgz 2687ms (cache miss)
316 http fetch GET 200 https://registry.npmjs.org/@tsparticles/updater-wobble/-/updater-wobble-3.8.1.tgz 2699ms (cache miss)
317 http fetch GET 200 https://registry.npmjs.org/@tsparticles/updater-roll/-/updater-roll-3.8.1.tgz 2731ms (cache miss)
318 http fetch GET 200 https://registry.npmjs.org/@tsparticles/interaction-external-grab/-/interaction-external-grab-3.8.1.tgz 2748ms (cache miss)
319 http fetch GET 200 https://registry.npmjs.org/@tsparticles/interaction-external-connect/-/interaction-external-connect-3.8.1.tgz 2748ms (cache miss)
320 http fetch GET 200 https://registry.npmjs.org/@tsparticles/interaction-external-repulse/-/interaction-external-repulse-3.8.1.tgz 2785ms (cache miss)
321 http fetch GET 200 https://registry.npmjs.org/@tsparticles/updater-life/-/updater-life-3.8.1.tgz 2815ms (cache miss)
322 http fetch GET 200 https://registry.npmjs.org/@tsparticles/interaction-external-bubble/-/interaction-external-bubble-3.8.1.tgz 2881ms (cache miss)
323 http fetch GET 200 https://registry.npmjs.org/@tsparticles/interaction-particles-links/-/interaction-particles-links-3.8.1.tgz 2923ms (cache miss)
324 http fetch GET 200 https://registry.npmjs.org/@tsparticles/plugin-absorbers/-/plugin-absorbers-3.8.1.tgz 2964ms (cache miss)
325 http fetch GET 200 https://registry.npmjs.org/@tsparticles/updater-destroy/-/updater-destroy-3.8.1.tgz 2976ms (cache miss)
326 http fetch GET 200 https://registry.npmjs.org/@tsparticles/shape-image/-/shape-image-3.8.1.tgz 3062ms (cache miss)
327 http fetch GET 200 https://registry.npmjs.org/@tsparticles/plugin-emitters/-/plugin-emitters-3.8.1.tgz 3193ms (cache miss)
328 http fetch GET 200 https://registry.npmjs.org/@tsparticles/engine/-/engine-3.8.1.tgz 5903ms (cache miss)
329 http fetch GET 200 https://registry.npmjs.org/tsparticles-engine/-/tsparticles-engine-2.12.0.tgz 5920ms (cache miss)
330 warn deprecated tsparticles-engine@2.12.0: starting from tsparticles v3 the packages are now moved to @tsparticles/package-name instead of tsparticles-package-name
331 info run @tsparticles/engine@3.8.1 install node_modules/@tsparticles/engine node ./scripts/install.js
332 info run react-tsparticles@2.12.2 install node_modules/react-tsparticles node ./scripts/install.js
333 info run tsparticles-engine@2.12.0 install node_modules/tsparticles-engine node ./scripts/install.js
334 info run @tsparticles/engine@3.8.1 install { code: 0, signal: null }
335 info run react-tsparticles@2.12.2 install { code: 0, signal: null }
336 info run tsparticles-engine@2.12.0 install { code: 0, signal: null }
337 silly ADD node_modules/@tsparticles/updater-size
338 silly ADD node_modules/@tsparticles/updater-out-modes
339 silly ADD node_modules/@tsparticles/updater-opacity
340 silly ADD node_modules/@tsparticles/updater-color
341 silly ADD node_modules/@tsparticles/shape-circle
342 silly ADD node_modules/@tsparticles/plugin-rgb-color
343 silly ADD node_modules/@tsparticles/plugin-hsl-color
344 silly ADD node_modules/@tsparticles/plugin-hex-color
345 silly ADD node_modules/@tsparticles/move-base
346 silly ADD node_modules/@tsparticles/updater-stroke-color
347 silly ADD node_modules/@tsparticles/updater-rotate
348 silly ADD node_modules/@tsparticles/updater-life
349 silly ADD node_modules/@tsparticles/shape-star
350 silly ADD node_modules/@tsparticles/shape-square
351 silly ADD node_modules/@tsparticles/shape-polygon
352 silly ADD node_modules/@tsparticles/shape-line
353 silly ADD node_modules/@tsparticles/shape-image
354 silly ADD node_modules/@tsparticles/shape-emoji
355 silly ADD node_modules/@tsparticles/plugin-easing-quad
356 silly ADD node_modules/@tsparticles/move-parallax
357 silly ADD node_modules/@tsparticles/interaction-particles-links
358 silly ADD node_modules/@tsparticles/interaction-particles-collisions
359 silly ADD node_modules/@tsparticles/interaction-particles-attract
360 silly ADD node_modules/@tsparticles/interaction-external-slow
361 silly ADD node_modules/@tsparticles/interaction-external-repulse
362 silly ADD node_modules/@tsparticles/interaction-external-remove
363 silly ADD node_modules/@tsparticles/interaction-external-push
364 silly ADD node_modules/@tsparticles/interaction-external-pause
365 silly ADD node_modules/@tsparticles/interaction-external-grab
366 silly ADD node_modules/@tsparticles/interaction-external-connect
367 silly ADD node_modules/@tsparticles/interaction-external-bubble
368 silly ADD node_modules/@tsparticles/interaction-external-bounce
369 silly ADD node_modules/@tsparticles/interaction-external-attract
370 silly ADD node_modules/@tsparticles/basic
371 silly ADD node_modules/@tsparticles/updater-wobble
372 silly ADD node_modules/@tsparticles/updater-twinkle
373 silly ADD node_modules/@tsparticles/updater-tilt
374 silly ADD node_modules/@tsparticles/updater-roll
375 silly ADD node_modules/@tsparticles/updater-destroy
376 silly ADD node_modules/@tsparticles/slim
377 silly ADD node_modules/@tsparticles/shape-text
378 silly ADD node_modules/@tsparticles/plugin-emitters-shape-square
379 silly ADD node_modules/@tsparticles/plugin-emitters-shape-circle
380 silly ADD node_modules/@tsparticles/plugin-emitters
381 silly ADD node_modules/@tsparticles/plugin-absorbers
382 silly ADD node_modules/@tsparticles/interaction-external-trail
383 silly ADD node_modules/@tsparticles/engine
384 silly ADD node_modules/tsparticles-engine
385 silly ADD node_modules/tsparticles
386 silly ADD node_modules/react-tsparticles
387 silly ADD node_modules/particles.js
388 silly ADD
389 silly ADD
390 silly ADD
391 silly ADD
392 silly ADD
393 silly ADD
394 silly ADD
395 silly ADD
396 silly ADD
397 silly ADD
398 silly ADD
399 silly ADD
400 silly ADD
401 silly ADD
402 silly ADD
403 silly ADD
404 silly ADD
405 silly ADD
406 silly ADD
407 silly ADD
408 silly ADD
409 silly ADD
410 silly ADD
411 silly ADD
412 silly ADD
413 silly ADD
414 silly ADD
415 verbose exit 0
416 info ok
